-------------------------------------------------------------------------------
Test set: io.apicurio.tests.smokeTests.apicurio.ArtifactsIT
-------------------------------------------------------------------------------
Tests run: 13, Failures: 0, Errors: 1, Skipped: 0, Time elapsed: 36.21 s <<< FAILURE! -- in io.apicurio.tests.smokeTests.apicurio.ArtifactsIT
io.apicurio.tests.smokeTests.apicurio.ArtifactsIT.testDeprecateArtifactVersion -- Time elapsed: 2.509 s <<< ERROR!
java.lang.RuntimeException: java.util.concurrent.ExecutionException: io.vertx.core.http.HttpClosedException: Connection was closed
	at io.kiota.http.vertx.VertXRequestAdapter.getHttpResponseMessage(VertXRequestAdapter.java:428)
	at io.kiota.http.vertx.VertXRequestAdapter.send(VertXRequestAdapter.java:165)
	at java.base/jdk.internal.reflect.DirectMethodHandleAccessor.invoke(DirectMethodHandleAccessor.java:103)
	at java.base/java.lang.reflect.Method.invoke(Method.java:580)
	at io.apicurio.registry.client.common.RegistryClientRequestAdapterFactory$RetryInvocationHandler.invoke(RegistryClientRequestAdapterFactory.java:182)
	at jdk.proxy2/jdk.proxy2.$Proxy108.send(Unknown Source)
	at io.apicurio.registry.rest.client.groups.item.artifacts.item.versions.VersionsRequestBuilder.post(VersionsRequestBuilder.java:129)
	at io.apicurio.registry.rest.client.groups.item.artifacts.item.versions.VersionsRequestBuilder.post(VersionsRequestBuilder.java:102)
	at io.apicurio.tests.ApicurioRegistryBaseIT.createArtifactVersion(ApicurioRegistryBaseIT.java:229)
	at io.apicurio.tests.smokeTests.apicurio.ArtifactsIT.testDeprecateArtifactVersion(ArtifactsIT.java:368)
	at java.base/java.lang.reflect.Method.invoke(Method.java:580)
	at java.base/java.util.ArrayList.forEach(ArrayList.java:1596)
	at java.base/java.util.ArrayList.forEach(ArrayList.java:1596)
Caused by: java.util.concurrent.ExecutionException: io.vertx.core.http.HttpClosedException: Connection was closed
	at java.base/java.util.concurrent.CompletableFuture.reportGet(CompletableFuture.java:396)
	at java.base/java.util.concurrent.CompletableFuture.get(CompletableFuture.java:2073)
	at io.kiota.http.vertx.VertXRequestAdapter.getHttpResponseMessage(VertXRequestAdapter.java:424)
	... 12 more
Caused by: io.vertx.core.http.HttpClosedException: Connection was closed

