<?xml version="1.0" encoding="UTF-8"?>
<testsuite xmlns:xsi="http://www.w3.org/2001/XMLSchema-instance" xsi:noNamespaceSchemaLocation="https://maven.apache.org/surefire/maven-failsafe-plugin/xsd/failsafe-test-report.xsd" version="3.0.2" name="io.apicurio.tests.serdes.apicurio.ProtobufSerdeIT" time="63.619" tests="17" errors="0" skipped="0" failures="0">
  <properties>
[...]
</properties>
  <testcase name="testSimpleTopicIdStrategyFindLatest" classname="io.apicurio.tests.serdes.apicurio.ProtobufSerdeIT" time="1.45">
    <system-out><![CDATA[**** Registry Base URL: http://registry-app-inmemory.apps.ci420.apicurio-testing.org:80
**** Registry Base URL: http://registry-app-inmemory.apps.ci420.apicurio-testing.org:80
2026-08+00-14 13:58:44 INFO [io.apicurio.tests.ApicurioRegistryBaseIT] (main) RestAssured configured with http://registry-app-inmemory.apps.ci420.apicurio-testing.org:80/apis/registry/v3
2026-08+00-14 13:58:44 INFO [io.apicurio.tests.utils.KafkaFacade] (main) Starting kafka container
2026-08+00-14 13:58:50 INFO [io.apicurio.tests.utils.TestSeparator] (main) ############################################################################
2026-08+00-14 13:58:50 INFO [io.apicurio.tests.utils.TestSeparator] (main) io.apicurio.tests.serdes.apicurio.ProtobufSerdeIT.testSimpleTopicIdStrategyFindLatest-STARTED
2026-08+00-14 13:58:52 INFO [io.apicurio.tests.utils.TestSeparator] (main) io.apicurio.tests.serdes.apicurio.ProtobufSerdeIT.testSimpleTopicIdStrategyFindLatest-FINISHED
2026-08+00-14 13:58:52 INFO [io.apicurio.tests.utils.TestSeparator] (main) ############################################################################
Test passed: testSimpleTopicIdStrategyFindLatest
]]></system-out>
  </testcase>
  <testcase name="testFindLatestDeriveClassProtobufTypeTopicIdStrategy" classname="io.apicurio.tests.serdes.apicurio.ProtobufSerdeIT" time="1.064">
    <system-out><![CDATA[2026-08+00-14 13:58:52 INFO [io.apicurio.tests.utils.TestSeparator] (main) ############################################################################
2026-08+00-14 13:58:52 INFO [io.apicurio.tests.utils.TestSeparator] (main) io.apicurio.tests.serdes.apicurio.ProtobufSerdeIT.testFindLatestDeriveClassProtobufTypeTopicIdStrategy-STARTED
2026-08+00-14 13:58:53 INFO [io.apicurio.tests.utils.TestSeparator] (main) io.apicurio.tests.serdes.apicurio.ProtobufSerdeIT.testFindLatestDeriveClassProtobufTypeTopicIdStrategy-FINISHED
2026-08+00-14 13:58:53 INFO [io.apicurio.tests.utils.TestSeparator] (main) ############################################################################
Test passed: testFindLatestDeriveClassProtobufTypeTopicIdStrategy
]]></system-out>
  </testcase>
  <testcase name="testWrongSchema" classname="io.apicurio.tests.serdes.apicurio.ProtobufSerdeIT" time="1.066">
    <system-out><![CDATA[2026-08+00-14 13:58:53 INFO [io.apicurio.tests.utils.TestSeparator] (main) ############################################################################
2026-08+00-14 13:58:53 INFO [io.apicurio.tests.utils.TestSeparator] (main) io.apicurio.tests.serdes.apicurio.ProtobufSerdeIT.testWrongSchema-STARTED
2026-08+00-14 13:58:54 INFO [io.apicurio.tests.utils.TestSeparator] (main) io.apicurio.tests.serdes.apicurio.ProtobufSerdeIT.testWrongSchema-FINISHED
2026-08+00-14 13:58:54 INFO [io.apicurio.tests.utils.TestSeparator] (main) ############################################################################
Test passed: testWrongSchema
]]></system-out>
  </testcase>
  <testcase name="testTopicIdStrategyAutoRegister" classname="io.apicurio.tests.serdes.apicurio.ProtobufSerdeIT" time="4.678">
    <system-out><![CDATA[2026-08+00-14 13:58:54 INFO [io.apicurio.tests.utils.TestSeparator] (main) ############################################################################
2026-08+00-14 13:58:54 INFO [io.apicurio.tests.utils.TestSeparator] (main) io.apicurio.tests.serdes.apicurio.ProtobufSerdeIT.testTopicIdStrategyAutoRegister-STARTED
**** Registry Base URL: http://registry-app-inmemory.apps.ci420.apicurio-testing.org:80
2026-08+00-14 13:58:54 INFO [io.apicurio.tests.serdes.apicurio.SimpleSerdesTesterBuilder$SimpleSerdesTester] (main) Using producer configuration: {apicurio.registry.url=http://registry-app-inmemory.apps.ci420.apicurio-testing.org:80/apis/registry/v3, apicurio.registry.headers.enabled=true, apicurio.registry.auto-register=true, apicurio.registry.artifact-resolver-strategy=io.apicurio.registry.serde.strategy.TopicIdStrategy, value.serializer=io.apicurio.registry.serde.protobuf.ProtobufKafkaSerializer, request.timeout.ms=5000, acks=all, bootstrap.servers=PLAINTEXT://localhost:32773, connections.max.idle.ms=10000, key.serializer=org.apache.kafka.common.serialization.StringSerializer, client.id=Producer-topic-56e0bd4e_2b4f_4cf9_a4d1_adf67ae5d814}
2026-08+00-14 13:58:54 INFO [io.apicurio.tests.serdes.apicurio.SimpleSerdesTesterBuilder$SimpleSerdesTester] (main) Using consumer configuration: {apicurio.registry.headers.enabled=true}
2026-08+00-14 13:58:54 INFO [io.apicurio.tests.serdes.apicurio.KafkaSerdesTester] (ForkJoinPool.commonPool-worker-2) Sending message header {
  time {
  }
}
d1: 1.786715934329E12
s1: "a"
i1: 123
bi1: 1
point {
  longitude: 22.0
  latitude: 22.0
  altitude: 1.0
}
 to topic topic-56e0bd4e_2b4f_4cf9_a4d1_adf67ae5d814
2026-08+00-14 13:58:54 INFO [io.apicurio.tests.serdes.apicurio.KafkaSerdesTester] (ForkJoinPool.commonPool-worker-2) Sending message header {
  time {
  }
}
d1: 1.786715934655E12
s1: "a"
i1: 123
bi1: 1
point {
  longitude: 22.0
  latitude: 22.0
  altitude: 1.0
}
 to topic topic-56e0bd4e_2b4f_4cf9_a4d1_adf67ae5d814
2026-08+00-14 13:58:54 INFO [io.apicurio.tests.serdes.apicurio.KafkaSerdesTester] (ForkJoinPool.commonPool-worker-2) Sending message header {
  time {
  }
}
d1: 1.78671593466E12
s1: "a"
i1: 123
bi1: 1
point {
  longitude: 22.0
  latitude: 22.0
  altitude: 1.0
}
 to topic topic-56e0bd4e_2b4f_4cf9_a4d1_adf67ae5d814
2026-08+00-14 13:58:54 INFO [io.apicurio.tests.serdes.apicurio.KafkaSerdesTester] (ForkJoinPool.commonPool-worker-2) Sending message header {
  time {
  }
}
d1: 1.786715934663E12
s1: "a"
i1: 123
bi1: 1
point {
  longitude: 22.0
  latitude: 22.0
  altitude: 1.0
}
 to topic topic-56e0bd4e_2b4f_4cf9_a4d1_adf67ae5d814
2026-08+00-14 13:58:54 INFO [io.apicurio.tests.serdes.apicurio.KafkaSerdesTester] (ForkJoinPool.commonPool-worker-2) Sending message header {
  time {
  }
}
d1: 1.786715934666E12
s1: "a"
i1: 123
bi1: 1
point {
  longitude: 22.0
  latitude: 22.0
  altitude: 1.0
}
 to topic topic-56e0bd4e_2b4f_4cf9_a4d1_adf67ae5d814
2026-08+00-14 13:58:54 INFO [io.apicurio.tests.serdes.apicurio.KafkaSerdesTester] (ForkJoinPool.commonPool-worker-2) Sending message header {
  time {
  }
}
d1: 1.786715934669E12
s1: "a"
i1: 123
bi1: 1
point {
  longitude: 22.0
  latitude: 22.0
  altitude: 1.0
}
 to topic topic-56e0bd4e_2b4f_4cf9_a4d1_adf67ae5d814
2026-08+00-14 13:58:54 INFO [io.apicurio.tests.serdes.apicurio.KafkaSerdesTester] (ForkJoinPool.commonPool-worker-2) Sending message header {
  time {
  }
}
d1: 1.786715934671E12
s1: "a"
i1: 123
bi1: 1
point {
  longitude: 22.0
  latitude: 22.0
  altitude: 1.0
}
 to topic topic-56e0bd4e_2b4f_4cf9_a4d1_adf67ae5d814
2026-08+00-14 13:58:54 INFO [io.apicurio.tests.serdes.apicurio.KafkaSerdesTester] (ForkJoinPool.commonPool-worker-2) Sending message header {
  time {
  }
}
d1: 1.786715934676E12
s1: "a"
i1: 123
bi1: 1
point {
  longitude: 22.0
  latitude: 22.0
  altitude: 1.0
}
 to topic topic-56e0bd4e_2b4f_4cf9_a4d1_adf67ae5d814
2026-08+00-14 13:58:54 INFO [io.apicurio.tests.serdes.apicurio.KafkaSerdesTester] (ForkJoinPool.commonPool-worker-2) Sending message header {
  time {
  }
}
d1: 1.786715934679E12
s1: "a"
i1: 123
bi1: 1
point {
  longitude: 22.0
  latitude: 22.0
  altitude: 1.0
}
 to topic topic-56e0bd4e_2b4f_4cf9_a4d1_adf67ae5d814
2026-08+00-14 13:58:54 INFO [io.apicurio.tests.serdes.apicurio.KafkaSerdesTester] (ForkJoinPool.commonPool-worker-2) Sending message header {
  time {
  }
}
d1: 1.786715934681E12
s1: "a"
i1: 123
bi1: 1
point {
  longitude: 22.0
  latitude: 22.0
  altitude: 1.0
}
 to topic topic-56e0bd4e_2b4f_4cf9_a4d1_adf67ae5d814
2026-08+00-14 13:58:54 INFO [io.apicurio.tests.serdes.apicurio.KafkaSerdesTester] (ForkJoinPool.commonPool-worker-2) Produced 10 messages
**** Registry Base URL: http://registry-app-inmemory.apps.ci420.apicurio-testing.org:80
2026-08+00-14 13:58:55 INFO [io.apicurio.tests.serdes.apicurio.KafkaSerdesTester] (ForkJoinPool.commonPool-worker-2) None found
2026-08+00-14 13:58:56 INFO [io.apicurio.tests.serdes.apicurio.KafkaSerdesTester] (ForkJoinPool.commonPool-worker-2) None found
2026-08+00-14 13:58:57 INFO [io.apicurio.tests.serdes.apicurio.KafkaSerdesTester] (ForkJoinPool.commonPool-worker-2) None found
2026-08+00-14 13:58:58 INFO [io.apicurio.tests.serdes.apicurio.KafkaSerdesTester] (ForkJoinPool.commonPool-worker-2) topic-56e0bd4e_2b4f_4cf9_a4d1_adf67ae5d814 0 0 header {
  time {
  }
}
d1: 1.786715934329E12
s1: "a"
i1: 123
bi1: 1
point {
  longitude: 22.0
  latitude: 22.0
  altitude: 1.0
}

2026-08+00-14 13:58:58 INFO [io.apicurio.tests.serdes.apicurio.KafkaSerdesTester] (ForkJoinPool.commonPool-worker-2) topic-56e0bd4e_2b4f_4cf9_a4d1_adf67ae5d814 0 1 header {
  time {
  }
}
d1: 1.786715934655E12
s1: "a"
i1: 123
bi1: 1
point {
  longitude: 22.0
  latitude: 22.0
  altitude: 1.0
}

2026-08+00-14 13:58:58 INFO [io.apicurio.tests.serdes.apicurio.KafkaSerdesTester] (ForkJoinPool.commonPool-worker-2) topic-56e0bd4e_2b4f_4cf9_a4d1_adf67ae5d814 0 2 header {
  time {
  }
}
d1: 1.78671593466E12
s1: "a"
i1: 123
bi1: 1
point {
  longitude: 22.0
  latitude: 22.0
  altitude: 1.0
}

2026-08+00-14 13:58:58 INFO [io.apicurio.tests.serdes.apicurio.KafkaSerdesTester] (ForkJoinPool.commonPool-worker-2) topic-56e0bd4e_2b4f_4cf9_a4d1_adf67ae5d814 0 3 header {
  time {
  }
}
d1: 1.786715934663E12
s1: "a"
i1: 123
bi1: 1
point {
  longitude: 22.0
  latitude: 22.0
  altitude: 1.0
}

2026-08+00-14 13:58:58 INFO [io.apicurio.tests.serdes.apicurio.KafkaSerdesTester] (ForkJoinPool.commonPool-worker-2) topic-56e0bd4e_2b4f_4cf9_a4d1_adf67ae5d814 0 4 header {
  time {
  }
}
d1: 1.786715934666E12
s1: "a"
i1: 123
bi1: 1
point {
  longitude: 22.0
  latitude: 22.0
  altitude: 1.0
}

2026-08+00-14 13:58:58 INFO [io.apicurio.tests.serdes.apicurio.KafkaSerdesTester] (ForkJoinPool.commonPool-worker-2) topic-56e0bd4e_2b4f_4cf9_a4d1_adf67ae5d814 0 5 header {
  time {
  }
}
d1: 1.786715934669E12
s1: "a"
i1: 123
bi1: 1
point {
  longitude: 22.0
  latitude: 22.0
  altitude: 1.0
}

2026-08+00-14 13:58:58 INFO [io.apicurio.tests.serdes.apicurio.KafkaSerdesTester] (ForkJoinPool.commonPool-worker-2) topic-56e0bd4e_2b4f_4cf9_a4d1_adf67ae5d814 0 6 header {
  time {
  }
}
d1: 1.786715934671E12
s1: "a"
i1: 123
bi1: 1
point {
  longitude: 22.0
  latitude: 22.0
  altitude: 1.0
}

2026-08+00-14 13:58:58 INFO [io.apicurio.tests.serdes.apicurio.KafkaSerdesTester] (ForkJoinPool.commonPool-worker-2) topic-56e0bd4e_2b4f_4cf9_a4d1_adf67ae5d814 0 7 header {
  time {
  }
}
d1: 1.786715934676E12
s1: "a"
i1: 123
bi1: 1
point {
  longitude: 22.0
  latitude: 22.0
  altitude: 1.0
}

2026-08+00-14 13:58:58 INFO [io.apicurio.tests.serdes.apicurio.KafkaSerdesTester] (ForkJoinPool.commonPool-worker-2) topic-56e0bd4e_2b4f_4cf9_a4d1_adf67ae5d814 0 8 header {
  time {
  }
}
d1: 1.786715934679E12
s1: "a"
i1: 123
bi1: 1
point {
  longitude: 22.0
  latitude: 22.0
  altitude: 1.0
}

2026-08+00-14 13:58:58 INFO [io.apicurio.tests.serdes.apicurio.KafkaSerdesTester] (ForkJoinPool.commonPool-worker-2) topic-56e0bd4e_2b4f_4cf9_a4d1_adf67ae5d814 0 9 header {
  time {
  }
}
d1: 1.786715934681E12
s1: "a"
i1: 123
bi1: 1
point {
  longitude: 22.0
  latitude: 22.0
  altitude: 1.0
}

2026-08+00-14 13:58:58 INFO [io.apicurio.tests.serdes.apicurio.KafkaSerdesTester] (ForkJoinPool.commonPool-worker-2) Consumed 10 messages
2026-08+00-14 13:58:58 INFO [io.apicurio.tests.utils.TestSeparator] (main) io.apicurio.tests.serdes.apicurio.ProtobufSerdeIT.testTopicIdStrategyAutoRegister-FINISHED
2026-08+00-14 13:58:58 INFO [io.apicurio.tests.utils.TestSeparator] (main) ############################################################################
Test passed: testTopicIdStrategyAutoRegister
]]></system-out>
  </testcase>
  <testcase name="testAutoRegisterAndUseBody" classname="io.apicurio.tests.serdes.apicurio.ProtobufSerdeIT" time="3.971">
    <system-out><![CDATA[2026-08+00-14 13:58:59 INFO [io.apicurio.tests.utils.TestSeparator] (main) ############################################################################
2026-08+00-14 13:58:59 INFO [io.apicurio.tests.utils.TestSeparator] (main) io.apicurio.tests.serdes.apicurio.ProtobufSerdeIT.testAutoRegisterAndUseBody-STARTED
**** Registry Base URL: http://registry-app-inmemory.apps.ci420.apicurio-testing.org:80
2026-08+00-14 13:58:59 INFO [io.apicurio.tests.serdes.apicurio.SimpleSerdesTesterBuilder$SimpleSerdesTester] (main) Using producer configuration: {apicurio.registry.url=http://registry-app-inmemory.apps.ci420.apicurio-testing.org:80/apis/registry/v3, apicurio.registry.auto-register=true, apicurio.registry.artifact-resolver-strategy=io.apicurio.registry.serde.strategy.TopicIdStrategy, value.serializer=io.apicurio.registry.serde.protobuf.ProtobufKafkaSerializer, request.timeout.ms=5000, acks=all, bootstrap.servers=PLAINTEXT://localhost:32773, connections.max.idle.ms=10000, key.serializer=org.apache.kafka.common.serialization.StringSerializer, client.id=Producer-topic-da6d2d73_2af8_4eec_b312_15c04b956173}
2026-08+00-14 13:58:59 INFO [io.apicurio.tests.serdes.apicurio.SimpleSerdesTesterBuilder$SimpleSerdesTester] (main) Using consumer configuration: {apicurio.protobuf.derive.class=true}
2026-08+00-14 13:58:59 INFO [io.apicurio.tests.serdes.apicurio.KafkaSerdesTester] (ForkJoinPool.commonPool-worker-2) Sending message header {
  time {
  }
}
d1: 1.786715939005E12
s1: "a"
i1: 123
bi1: 1
point {
  longitude: 22.0
  latitude: 22.0
  altitude: 1.0
}
 to topic topic-da6d2d73_2af8_4eec_b312_15c04b956173
2026-08+00-14 13:58:59 WARN [org.apache.kafka.clients.NetworkClient$DefaultMetadataUpdater] (kafka-producer-network-thread | Producer-topic-da6d2d73_2af8_4eec_b312_15c04b956173) [Producer clientId=Producer-topic-da6d2d73_2af8_4eec_b312_15c04b956173] The metadata response from the cluster reported a recoverable issue with correlation id 1 : {topic-da6d2d73_2af8_4eec_b312_15c04b956173=UNKNOWN_TOPIC_OR_PARTITION}
2026-08+00-14 13:58:59 INFO [io.apicurio.tests.serdes.apicurio.KafkaSerdesTester] (ForkJoinPool.commonPool-worker-2) Sending message header {
  time {
  }
}
d1: 1.786715939227E12
s1: "a"
i1: 123
bi1: 1
point {
  longitude: 22.0
  latitude: 22.0
  altitude: 1.0
}
 to topic topic-da6d2d73_2af8_4eec_b312_15c04b956173
2026-08+00-14 13:58:59 INFO [io.apicurio.tests.serdes.apicurio.KafkaSerdesTester] (ForkJoinPool.commonPool-worker-2) Sending message header {
  time {
  }
}
d1: 1.78671593923E12
s1: "a"
i1: 123
bi1: 1
point {
  longitude: 22.0
  latitude: 22.0
  altitude: 1.0
}
 to topic topic-da6d2d73_2af8_4eec_b312_15c04b956173
2026-08+00-14 13:58:59 INFO [io.apicurio.tests.serdes.apicurio.KafkaSerdesTester] (ForkJoinPool.commonPool-worker-2) Sending message header {
  time {
  }
}
d1: 1.786715939232E12
s1: "a"
i1: 123
bi1: 1
point {
  longitude: 22.0
  latitude: 22.0
  altitude: 1.0
}
 to topic topic-da6d2d73_2af8_4eec_b312_15c04b956173
2026-08+00-14 13:58:59 INFO [io.apicurio.tests.serdes.apicurio.KafkaSerdesTester] (ForkJoinPool.commonPool-worker-2) Sending message header {
  time {
  }
}
d1: 1.786715939235E12
s1: "a"
i1: 123
bi1: 1
point {
  longitude: 22.0
  latitude: 22.0
  altitude: 1.0
}
 to topic topic-da6d2d73_2af8_4eec_b312_15c04b956173
2026-08+00-14 13:58:59 INFO [io.apicurio.tests.serdes.apicurio.KafkaSerdesTester] (ForkJoinPool.commonPool-worker-2) Sending message header {
  time {
  }
}
d1: 1.786715939237E12
s1: "a"
i1: 123
bi1: 1
point {
  longitude: 22.0
  latitude: 22.0
  altitude: 1.0
}
 to topic topic-da6d2d73_2af8_4eec_b312_15c04b956173
2026-08+00-14 13:58:59 INFO [io.apicurio.tests.serdes.apicurio.KafkaSerdesTester] (ForkJoinPool.commonPool-worker-2) Sending message header {
  time {
  }
}
d1: 1.78671593924E12
s1: "a"
i1: 123
bi1: 1
point {
  longitude: 22.0
  latitude: 22.0
  altitude: 1.0
}
 to topic topic-da6d2d73_2af8_4eec_b312_15c04b956173
2026-08+00-14 13:58:59 INFO [io.apicurio.tests.serdes.apicurio.KafkaSerdesTester] (ForkJoinPool.commonPool-worker-2) Sending message header {
  time {
  }
}
d1: 1.786715939242E12
s1: "a"
i1: 123
bi1: 1
point {
  longitude: 22.0
  latitude: 22.0
  altitude: 1.0
}
 to topic topic-da6d2d73_2af8_4eec_b312_15c04b956173
2026-08+00-14 13:58:59 INFO [io.apicurio.tests.serdes.apicurio.KafkaSerdesTester] (ForkJoinPool.commonPool-worker-2) Sending message header {
  time {
  }
}
d1: 1.786715939245E12
s1: "a"
i1: 123
bi1: 1
point {
  longitude: 22.0
  latitude: 22.0
  altitude: 1.0
}
 to topic topic-da6d2d73_2af8_4eec_b312_15c04b956173
2026-08+00-14 13:58:59 INFO [io.apicurio.tests.serdes.apicurio.KafkaSerdesTester] (ForkJoinPool.commonPool-worker-2) Sending message header {
  time {
  }
}
d1: 1.786715939247E12
s1: "a"
i1: 123
bi1: 1
point {
  longitude: 22.0
  latitude: 22.0
  altitude: 1.0
}
 to topic topic-da6d2d73_2af8_4eec_b312_15c04b956173
2026-08+00-14 13:58:59 INFO [io.apicurio.tests.serdes.apicurio.KafkaSerdesTester] (ForkJoinPool.commonPool-worker-2) Produced 10 messages
**** Registry Base URL: http://registry-app-inmemory.apps.ci420.apicurio-testing.org:80
2026-08+00-14 13:59:00 INFO [io.apicurio.tests.serdes.apicurio.KafkaSerdesTester] (ForkJoinPool.commonPool-worker-2) None found
2026-08+00-14 13:59:01 INFO [io.apicurio.tests.serdes.apicurio.KafkaSerdesTester] (ForkJoinPool.commonPool-worker-2) None found
2026-08+00-14 13:59:02 INFO [io.apicurio.tests.serdes.apicurio.KafkaSerdesTester] (ForkJoinPool.commonPool-worker-2) None found
2026-08+00-14 13:59:02 INFO [io.apicurio.tests.serdes.apicurio.KafkaSerdesTester] (ForkJoinPool.commonPool-worker-2) topic-da6d2d73_2af8_4eec_b312_15c04b956173 0 0 header {
  time {
  }
}
d1: 1.786715939005E12
s1: "a"
i1: 123
bi1: 1
point {
  longitude: 22.0
  latitude: 22.0
  altitude: 1.0
}

2026-08+00-14 13:59:02 INFO [io.apicurio.tests.serdes.apicurio.KafkaSerdesTester] (ForkJoinPool.commonPool-worker-2) topic-da6d2d73_2af8_4eec_b312_15c04b956173 0 1 header {
  time {
  }
}
d1: 1.786715939227E12
s1: "a"
i1: 123
bi1: 1
point {
  longitude: 22.0
  latitude: 22.0
  altitude: 1.0
}

2026-08+00-14 13:59:02 INFO [io.apicurio.tests.serdes.apicurio.KafkaSerdesTester] (ForkJoinPool.commonPool-worker-2) topic-da6d2d73_2af8_4eec_b312_15c04b956173 0 2 header {
  time {
  }
}
d1: 1.78671593923E12
s1: "a"
i1: 123
bi1: 1
point {
  longitude: 22.0
  latitude: 22.0
  altitude: 1.0
}

2026-08+00-14 13:59:02 INFO [io.apicurio.tests.serdes.apicurio.KafkaSerdesTester] (ForkJoinPool.commonPool-worker-2) topic-da6d2d73_2af8_4eec_b312_15c04b956173 0 3 header {
  time {
  }
}
d1: 1.786715939232E12
s1: "a"
i1: 123
bi1: 1
point {
  longitude: 22.0
  latitude: 22.0
  altitude: 1.0
}

2026-08+00-14 13:59:02 INFO [io.apicurio.tests.serdes.apicurio.KafkaSerdesTester] (ForkJoinPool.commonPool-worker-2) topic-da6d2d73_2af8_4eec_b312_15c04b956173 0 4 header {
  time {
  }
}
d1: 1.786715939235E12
s1: "a"
i1: 123
bi1: 1
point {
  longitude: 22.0
  latitude: 22.0
  altitude: 1.0
}

2026-08+00-14 13:59:02 INFO [io.apicurio.tests.serdes.apicurio.KafkaSerdesTester] (ForkJoinPool.commonPool-worker-2) topic-da6d2d73_2af8_4eec_b312_15c04b956173 0 5 header {
  time {
  }
}
d1: 1.786715939237E12
s1: "a"
i1: 123
bi1: 1
point {
  longitude: 22.0
  latitude: 22.0
  altitude: 1.0
}

2026-08+00-14 13:59:02 INFO [io.apicurio.tests.serdes.apicurio.KafkaSerdesTester] (ForkJoinPool.commonPool-worker-2) topic-da6d2d73_2af8_4eec_b312_15c04b956173 0 6 header {
  time {
  }
}
d1: 1.78671593924E12
s1: "a"
i1: 123
bi1: 1
point {
  longitude: 22.0
  latitude: 22.0
  altitude: 1.0
}

2026-08+00-14 13:59:02 INFO [io.apicurio.tests.serdes.apicurio.KafkaSerdesTester] (ForkJoinPool.commonPool-worker-2) topic-da6d2d73_2af8_4eec_b312_15c04b956173 0 7 header {
  time {
  }
}
d1: 1.786715939242E12
s1: "a"
i1: 123
bi1: 1
point {
  longitude: 22.0
  latitude: 22.0
  altitude: 1.0
}

2026-08+00-14 13:59:02 INFO [io.apicurio.tests.serdes.apicurio.KafkaSerdesTester] (ForkJoinPool.commonPool-worker-2) topic-da6d2d73_2af8_4eec_b312_15c04b956173 0 8 header {
  time {
  }
}
d1: 1.786715939245E12
s1: "a"
i1: 123
bi1: 1
point {
  longitude: 22.0
  latitude: 22.0
  altitude: 1.0
}

2026-08+00-14 13:59:02 INFO [io.apicurio.tests.serdes.apicurio.KafkaSerdesTester] (ForkJoinPool.commonPool-worker-2) topic-da6d2d73_2af8_4eec_b312_15c04b956173 0 9 header {
  time {
  }
}
d1: 1.786715939247E12
s1: "a"
i1: 123
bi1: 1
point {
  longitude: 22.0
  latitude: 22.0
  altitude: 1.0
}

2026-08+00-14 13:59:02 INFO [io.apicurio.tests.serdes.apicurio.KafkaSerdesTester] (ForkJoinPool.commonPool-worker-2) Consumed 10 messages
2026-08+00-14 13:59:02 INFO [io.apicurio.tests.utils.TestSeparator] (main) io.apicurio.tests.serdes.apicurio.ProtobufSerdeIT.testAutoRegisterAndUseBody-FINISHED
2026-08+00-14 13:59:02 INFO [io.apicurio.tests.utils.TestSeparator] (main) ############################################################################
Test passed: testAutoRegisterAndUseBody
]]></system-out>
  </testcase>
  <testcase name="testValidation" classname="io.apicurio.tests.serdes.apicurio.ProtobufSerdeIT" time="20.784">
    <system-out><![CDATA[2026-08+00-14 13:59:02 INFO [io.apicurio.tests.utils.TestSeparator] (main) ############################################################################
2026-08+00-14 13:59:02 INFO [io.apicurio.tests.utils.TestSeparator] (main) io.apicurio.tests.serdes.apicurio.ProtobufSerdeIT.testValidation-STARTED
**** Registry Base URL: http://registry-app-inmemory.apps.ci420.apicurio-testing.org:80
2026-08+00-14 13:59:05 INFO [io.apicurio.tests.serdes.apicurio.SimpleSerdesTesterBuilder$SimpleSerdesTester] (main) Using producer configuration: {apicurio.registry.headers.enabled=true, request.timeout.ms=5000, acks=all, bootstrap.servers=PLAINTEXT://localhost:32773, key.serializer=org.apache.kafka.common.serialization.StringSerializer, apicurio.registry.find-latest=false, apicurio.registry.url=http://registry-app-inmemory.apps.ci420.apicurio-testing.org:80/apis/registry/v3, apicurio.registry.artifact-resolver-strategy=io.apicurio.registry.serde.strategy.TopicIdStrategy, value.serializer=io.apicurio.registry.serde.protobuf.ProtobufKafkaSerializer, connections.max.idle.ms=10000, apicurio.registry.artifact.version=1, client.id=Producer-sf510bc5dx73fax41bexb1d6x4383cf33dc94}
2026-08+00-14 13:59:05 INFO [io.apicurio.tests.serdes.apicurio.SimpleSerdesTesterBuilder$SimpleSerdesTester] (main) Using consumer configuration: {apicurio.registry.headers.enabled=true}
2026-08+00-14 13:59:05 INFO [io.apicurio.tests.serdes.apicurio.KafkaSerdesTester] (ForkJoinPool.commonPool-worker-2) Sending message header {
  time {
  }
}
d1: 1.786715945098E12
s1: "a"
i1: 123
bi1: 1
point {
  longitude: 22.0
  latitude: 22.0
  altitude: 1.0
}
 to topic sf510bc5dx73fax41bexb1d6x4383cf33dc94
2026-08+00-14 13:59:05 INFO [io.apicurio.tests.serdes.apicurio.KafkaSerdesTester] (ForkJoinPool.commonPool-worker-2) Sending message header {
  time {
  }
}
d1: 1.786715945194E12
s1: "a"
i1: 123
bi1: 1
point {
  longitude: 22.0
  latitude: 22.0
  altitude: 1.0
}
 to topic sf510bc5dx73fax41bexb1d6x4383cf33dc94
2026-08+00-14 13:59:05 INFO [io.apicurio.tests.serdes.apicurio.KafkaSerdesTester] (ForkJoinPool.commonPool-worker-2) Sending message header {
  time {
  }
}
d1: 1.786715945197E12
s1: "a"
i1: 123
bi1: 1
point {
  longitude: 22.0
  latitude: 22.0
  altitude: 1.0
}
 to topic sf510bc5dx73fax41bexb1d6x4383cf33dc94
2026-08+00-14 13:59:05 INFO [io.apicurio.tests.serdes.apicurio.KafkaSerdesTester] (ForkJoinPool.commonPool-worker-2) Sending message header {
  time {
  }
}
d1: 1.786715945199E12
s1: "a"
i1: 123
bi1: 1
point {
  longitude: 22.0
  latitude: 22.0
  altitude: 1.0
}
 to topic sf510bc5dx73fax41bexb1d6x4383cf33dc94
2026-08+00-14 13:59:05 INFO [io.apicurio.tests.serdes.apicurio.KafkaSerdesTester] (ForkJoinPool.commonPool-worker-2) Sending message header {
  time {
  }
}
d1: 1.786715945202E12
s1: "a"
i1: 123
bi1: 1
point {
  longitude: 22.0
  latitude: 22.0
  altitude: 1.0
}
 to topic sf510bc5dx73fax41bexb1d6x4383cf33dc94
2026-08+00-14 13:59:05 INFO [io.apicurio.tests.serdes.apicurio.KafkaSerdesTester] (ForkJoinPool.commonPool-worker-2) Sending message header {
  time {
  }
}
d1: 1.786715945204E12
s1: "a"
i1: 123
bi1: 1
point {
  longitude: 22.0
  latitude: 22.0
  altitude: 1.0
}
 to topic sf510bc5dx73fax41bexb1d6x4383cf33dc94
2026-08+00-14 13:59:05 INFO [io.apicurio.tests.serdes.apicurio.KafkaSerdesTester] (ForkJoinPool.commonPool-worker-2) Sending message header {
  time {
  }
}
d1: 1.786715945206E12
s1: "a"
i1: 123
bi1: 1
point {
  longitude: 22.0
  latitude: 22.0
  altitude: 1.0
}
 to topic sf510bc5dx73fax41bexb1d6x4383cf33dc94
2026-08+00-14 13:59:05 INFO [io.apicurio.tests.serdes.apicurio.KafkaSerdesTester] (ForkJoinPool.commonPool-worker-2) Sending message header {
  time {
  }
}
d1: 1.786715945209E12
s1: "a"
i1: 123
bi1: 1
point {
  longitude: 22.0
  latitude: 22.0
  altitude: 1.0
}
 to topic sf510bc5dx73fax41bexb1d6x4383cf33dc94
2026-08+00-14 13:59:05 INFO [io.apicurio.tests.serdes.apicurio.KafkaSerdesTester] (ForkJoinPool.commonPool-worker-2) Sending message header {
  time {
  }
}
d1: 1.786715945211E12
s1: "a"
i1: 123
bi1: 1
point {
  longitude: 22.0
  latitude: 22.0
  altitude: 1.0
}
 to topic sf510bc5dx73fax41bexb1d6x4383cf33dc94
2026-08+00-14 13:59:05 INFO [io.apicurio.tests.serdes.apicurio.KafkaSerdesTester] (ForkJoinPool.commonPool-worker-2) Sending message header {
  time {
  }
}
d1: 1.786715945214E12
s1: "a"
i1: 123
bi1: 1
point {
  longitude: 22.0
  latitude: 22.0
  altitude: 1.0
}
 to topic sf510bc5dx73fax41bexb1d6x4383cf33dc94
2026-08+00-14 13:59:05 INFO [io.apicurio.tests.serdes.apicurio.KafkaSerdesTester] (ForkJoinPool.commonPool-worker-2) Produced 10 messages
**** Registry Base URL: http://registry-app-inmemory.apps.ci420.apicurio-testing.org:80
2026-08+00-14 13:59:06 INFO [io.apicurio.tests.serdes.apicurio.KafkaSerdesTester] (ForkJoinPool.commonPool-worker-2) None found
2026-08+00-14 13:59:07 INFO [io.apicurio.tests.serdes.apicurio.KafkaSerdesTester] (ForkJoinPool.commonPool-worker-2) None found
2026-08+00-14 13:59:08 INFO [io.apicurio.tests.serdes.apicurio.KafkaSerdesTester] (ForkJoinPool.commonPool-worker-2) None found
2026-08+00-14 13:59:08 INFO [io.apicurio.tests.serdes.apicurio.KafkaSerdesTester] (ForkJoinPool.commonPool-worker-2) sf510bc5dx73fax41bexb1d6x4383cf33dc94 0 0 header {
  time {
  }
}
d1: 1.786715945098E12
s1: "a"
i1: 123
bi1: 1
point {
  longitude: 22.0
  latitude: 22.0
  altitude: 1.0
}

2026-08+00-14 13:59:08 INFO [io.apicurio.tests.serdes.apicurio.KafkaSerdesTester] (ForkJoinPool.commonPool-worker-2) sf510bc5dx73fax41bexb1d6x4383cf33dc94 0 1 header {
  time {
  }
}
d1: 1.786715945194E12
s1: "a"
i1: 123
bi1: 1
point {
  longitude: 22.0
  latitude: 22.0
  altitude: 1.0
}

2026-08+00-14 13:59:08 INFO [io.apicurio.tests.serdes.apicurio.KafkaSerdesTester] (ForkJoinPool.commonPool-worker-2) sf510bc5dx73fax41bexb1d6x4383cf33dc94 0 2 header {
  time {
  }
}
d1: 1.786715945197E12
s1: "a"
i1: 123
bi1: 1
point {
  longitude: 22.0
  latitude: 22.0
  altitude: 1.0
}

2026-08+00-14 13:59:08 INFO [io.apicurio.tests.serdes.apicurio.KafkaSerdesTester] (ForkJoinPool.commonPool-worker-2) sf510bc5dx73fax41bexb1d6x4383cf33dc94 0 3 header {
  time {
  }
}
d1: 1.786715945199E12
s1: "a"
i1: 123
bi1: 1
point {
  longitude: 22.0
  latitude: 22.0
  altitude: 1.0
}

2026-08+00-14 13:59:08 INFO [io.apicurio.tests.serdes.apicurio.KafkaSerdesTester] (ForkJoinPool.commonPool-worker-2) sf510bc5dx73fax41bexb1d6x4383cf33dc94 0 4 header {
  time {
  }
}
d1: 1.786715945202E12
s1: "a"
i1: 123
bi1: 1
point {
  longitude: 22.0
  latitude: 22.0
  altitude: 1.0
}

2026-08+00-14 13:59:08 INFO [io.apicurio.tests.serdes.apicurio.KafkaSerdesTester] (ForkJoinPool.commonPool-worker-2) sf510bc5dx73fax41bexb1d6x4383cf33dc94 0 5 header {
  time {
  }
}
d1: 1.786715945204E12
s1: "a"
i1: 123
bi1: 1
point {
  longitude: 22.0
  latitude: 22.0
  altitude: 1.0
}

2026-08+00-14 13:59:08 INFO [io.apicurio.tests.serdes.apicurio.KafkaSerdesTester] (ForkJoinPool.commonPool-worker-2) sf510bc5dx73fax41bexb1d6x4383cf33dc94 0 6 header {
  time {
  }
}
d1: 1.786715945206E12
s1: "a"
i1: 123
bi1: 1
point {
  longitude: 22.0
  latitude: 22.0
  altitude: 1.0
}

2026-08+00-14 13:59:08 INFO [io.apicurio.tests.serdes.apicurio.KafkaSerdesTester] (ForkJoinPool.commonPool-worker-2) sf510bc5dx73fax41bexb1d6x4383cf33dc94 0 7 header {
  time {
  }
}
d1: 1.786715945209E12
s1: "a"
i1: 123
bi1: 1
point {
  longitude: 22.0
  latitude: 22.0
  altitude: 1.0
}

2026-08+00-14 13:59:08 INFO [io.apicurio.tests.serdes.apicurio.KafkaSerdesTester] (ForkJoinPool.commonPool-worker-2) sf510bc5dx73fax41bexb1d6x4383cf33dc94 0 8 header {
  time {
  }
}
d1: 1.786715945211E12
s1: "a"
i1: 123
bi1: 1
point {
  longitude: 22.0
  latitude: 22.0
  altitude: 1.0
}

2026-08+00-14 13:59:08 INFO [io.apicurio.tests.serdes.apicurio.KafkaSerdesTester] (ForkJoinPool.commonPool-worker-2) sf510bc5dx73fax41bexb1d6x4383cf33dc94 0 9 header {
  time {
  }
}
d1: 1.786715945214E12
s1: "a"
i1: 123
bi1: 1
point {
  longitude: 22.0
  latitude: 22.0
  altitude: 1.0
}

2026-08+00-14 13:59:08 INFO [io.apicurio.tests.serdes.apicurio.KafkaSerdesTester] (ForkJoinPool.commonPool-worker-2) Consumed 10 messages
**** Registry Base URL: http://registry-app-inmemory.apps.ci420.apicurio-testing.org:80
2026-08+00-14 13:59:08 INFO [io.apicurio.tests.serdes.apicurio.SimpleSerdesTesterBuilder$SimpleSerdesTester] (main) Using producer configuration: {apicurio.registry.find-latest=false, apicurio.registry.url=http://registry-app-inmemory.apps.ci420.apicurio-testing.org:80/apis/registry/v3, apicurio.registry.headers.enabled=true, apicurio.registry.artifact-resolver-strategy=io.apicurio.registry.serde.strategy.TopicIdStrategy, value.serializer=io.apicurio.registry.serde.protobuf.ProtobufKafkaSerializer, request.timeout.ms=5000, acks=all, bootstrap.servers=PLAINTEXT://localhost:32773, connections.max.idle.ms=10000, key.serializer=org.apache.kafka.common.serialization.StringSerializer, client.id=Producer-sf510bc5dx73fax41bexb1d6x4383cf33dc94}
2026-08+00-14 13:59:08 INFO [io.apicurio.tests.serdes.apicurio.SimpleSerdesTesterBuilder$SimpleSerdesTester] (main) Using consumer configuration: {apicurio.registry.headers.enabled=true}
2026-08+00-14 13:59:08 INFO [io.apicurio.tests.serdes.apicurio.KafkaSerdesTester] (ForkJoinPool.commonPool-worker-2) Sending message header {
  time {
  }
}
d1: 1.786715948824E12
s1: "a"
i1: 123
bi1: 1
point {
  longitude: 22.0
  latitude: 22.0
  altitude: 1.0
}
 to topic sf510bc5dx73fax41bexb1d6x4383cf33dc94
2026-08+00-14 13:59:08 INFO [io.apicurio.tests.serdes.apicurio.KafkaSerdesTester] (ForkJoinPool.commonPool-worker-2) Sending message header {
  time {
  }
}
d1: 1.786715948886E12
s1: "a"
i1: 123
bi1: 1
point {
  longitude: 22.0
  latitude: 22.0
  altitude: 1.0
}
 to topic sf510bc5dx73fax41bexb1d6x4383cf33dc94
2026-08+00-14 13:59:08 INFO [io.apicurio.tests.serdes.apicurio.KafkaSerdesTester] (ForkJoinPool.commonPool-worker-2) Sending message header {
  time {
  }
}
d1: 1.786715948889E12
s1: "a"
i1: 123
bi1: 1
point {
  longitude: 22.0
  latitude: 22.0
  altitude: 1.0
}
 to topic sf510bc5dx73fax41bexb1d6x4383cf33dc94
2026-08+00-14 13:59:08 INFO [io.apicurio.tests.serdes.apicurio.KafkaSerdesTester] (ForkJoinPool.commonPool-worker-2) Sending message header {
  time {
  }
}
d1: 1.786715948892E12
s1: "a"
i1: 123
bi1: 1
point {
  longitude: 22.0
  latitude: 22.0
  altitude: 1.0
}
 to topic sf510bc5dx73fax41bexb1d6x4383cf33dc94
2026-08+00-14 13:59:08 INFO [io.apicurio.tests.serdes.apicurio.KafkaSerdesTester] (ForkJoinPool.commonPool-worker-2) Sending message header {
  time {
  }
}
d1: 1.786715948895E12
s1: "a"
i1: 123
bi1: 1
point {
  longitude: 22.0
  latitude: 22.0
  altitude: 1.0
}
 to topic sf510bc5dx73fax41bexb1d6x4383cf33dc94
2026-08+00-14 13:59:08 INFO [io.apicurio.tests.serdes.apicurio.KafkaSerdesTester] (ForkJoinPool.commonPool-worker-2) Sending message header {
  time {
  }
}
d1: 1.786715948898E12
s1: "a"
i1: 123
bi1: 1
point {
  longitude: 22.0
  latitude: 22.0
  altitude: 1.0
}
 to topic sf510bc5dx73fax41bexb1d6x4383cf33dc94
2026-08+00-14 13:59:08 INFO [io.apicurio.tests.serdes.apicurio.KafkaSerdesTester] (ForkJoinPool.commonPool-worker-2) Sending message header {
  time {
  }
}
d1: 1.7867159489E12
s1: "a"
i1: 123
bi1: 1
point {
  longitude: 22.0
  latitude: 22.0
  altitude: 1.0
}
 to topic sf510bc5dx73fax41bexb1d6x4383cf33dc94
2026-08+00-14 13:59:08 INFO [io.apicurio.tests.serdes.apicurio.KafkaSerdesTester] (ForkJoinPool.commonPool-worker-2) Sending message header {
  time {
  }
}
d1: 1.786715948903E12
s1: "a"
i1: 123
bi1: 1
point {
  longitude: 22.0
  latitude: 22.0
  altitude: 1.0
}
 to topic sf510bc5dx73fax41bexb1d6x4383cf33dc94
2026-08+00-14 13:59:08 INFO [io.apicurio.tests.serdes.apicurio.KafkaSerdesTester] (ForkJoinPool.commonPool-worker-2) Sending message header {
  time {
  }
}
d1: 1.786715948905E12
s1: "a"
i1: 123
bi1: 1
point {
  longitude: 22.0
  latitude: 22.0
  altitude: 1.0
}
 to topic sf510bc5dx73fax41bexb1d6x4383cf33dc94
2026-08+00-14 13:59:08 INFO [io.apicurio.tests.serdes.apicurio.KafkaSerdesTester] (ForkJoinPool.commonPool-worker-2) Sending message header {
  time {
  }
}
d1: 1.786715948907E12
s1: "a"
i1: 123
bi1: 1
point {
  longitude: 22.0
  latitude: 22.0
  altitude: 1.0
}
 to topic sf510bc5dx73fax41bexb1d6x4383cf33dc94
2026-08+00-14 13:59:08 INFO [io.apicurio.tests.serdes.apicurio.KafkaSerdesTester] (ForkJoinPool.commonPool-worker-2) Produced 10 messages
**** Registry Base URL: http://registry-app-inmemory.apps.ci420.apicurio-testing.org:80
2026-08+00-14 13:59:09 INFO [io.apicurio.tests.serdes.apicurio.KafkaSerdesTester] (ForkJoinPool.commonPool-worker-2) None found
2026-08+00-14 13:59:10 INFO [io.apicurio.tests.serdes.apicurio.KafkaSerdesTester] (ForkJoinPool.commonPool-worker-2) None found
2026-08+00-14 13:59:11 INFO [io.apicurio.tests.serdes.apicurio.KafkaSerdesTester] (ForkJoinPool.commonPool-worker-2) None found
2026-08+00-14 13:59:12 INFO [io.apicurio.tests.serdes.apicurio.KafkaSerdesTester] (ForkJoinPool.commonPool-worker-2) sf510bc5dx73fax41bexb1d6x4383cf33dc94 0 10 header {
  time {
  }
}
d1: 1.786715948824E12
s1: "a"
i1: 123
bi1: 1
point {
  longitude: 22.0
  latitude: 22.0
  altitude: 1.0
}

2026-08+00-14 13:59:12 INFO [io.apicurio.tests.serdes.apicurio.KafkaSerdesTester] (ForkJoinPool.commonPool-worker-2) sf510bc5dx73fax41bexb1d6x4383cf33dc94 0 11 header {
  time {
  }
}
d1: 1.786715948886E12
s1: "a"
i1: 123
bi1: 1
point {
  longitude: 22.0
  latitude: 22.0
  altitude: 1.0
}

2026-08+00-14 13:59:12 INFO [io.apicurio.tests.serdes.apicurio.KafkaSerdesTester] (ForkJoinPool.commonPool-worker-2) sf510bc5dx73fax41bexb1d6x4383cf33dc94 0 12 header {
  time {
  }
}
d1: 1.786715948889E12
s1: "a"
i1: 123
bi1: 1
point {
  longitude: 22.0
  latitude: 22.0
  altitude: 1.0
}

2026-08+00-14 13:59:12 INFO [io.apicurio.tests.serdes.apicurio.KafkaSerdesTester] (ForkJoinPool.commonPool-worker-2) sf510bc5dx73fax41bexb1d6x4383cf33dc94 0 13 header {
  time {
  }
}
d1: 1.786715948892E12
s1: "a"
i1: 123
bi1: 1
point {
  longitude: 22.0
  latitude: 22.0
  altitude: 1.0
}

2026-08+00-14 13:59:12 INFO [io.apicurio.tests.serdes.apicurio.KafkaSerdesTester] (ForkJoinPool.commonPool-worker-2) sf510bc5dx73fax41bexb1d6x4383cf33dc94 0 14 header {
  time {
  }
}
d1: 1.786715948895E12
s1: "a"
i1: 123
bi1: 1
point {
  longitude: 22.0
  latitude: 22.0
  altitude: 1.0
}

2026-08+00-14 13:59:12 INFO [io.apicurio.tests.serdes.apicurio.KafkaSerdesTester] (ForkJoinPool.commonPool-worker-2) sf510bc5dx73fax41bexb1d6x4383cf33dc94 0 15 header {
  time {
  }
}
d1: 1.786715948898E12
s1: "a"
i1: 123
bi1: 1
point {
  longitude: 22.0
  latitude: 22.0
  altitude: 1.0
}

2026-08+00-14 13:59:12 INFO [io.apicurio.tests.serdes.apicurio.KafkaSerdesTester] (ForkJoinPool.commonPool-worker-2) sf510bc5dx73fax41bexb1d6x4383cf33dc94 0 16 header {
  time {
  }
}
d1: 1.7867159489E12
s1: "a"
i1: 123
bi1: 1
point {
  longitude: 22.0
  latitude: 22.0
  altitude: 1.0
}

2026-08+00-14 13:59:12 INFO [io.apicurio.tests.serdes.apicurio.KafkaSerdesTester] (ForkJoinPool.commonPool-worker-2) sf510bc5dx73fax41bexb1d6x4383cf33dc94 0 17 header {
  time {
  }
}
d1: 1.786715948903E12
s1: "a"
i1: 123
bi1: 1
point {
  longitude: 22.0
  latitude: 22.0
  altitude: 1.0
}

2026-08+00-14 13:59:12 INFO [io.apicurio.tests.serdes.apicurio.KafkaSerdesTester] (ForkJoinPool.commonPool-worker-2) sf510bc5dx73fax41bexb1d6x4383cf33dc94 0 18 header {
  time {
  }
}
d1: 1.786715948905E12
s1: "a"
i1: 123
bi1: 1
point {
  longitude: 22.0
  latitude: 22.0
  altitude: 1.0
}

2026-08+00-14 13:59:12 INFO [io.apicurio.tests.serdes.apicurio.KafkaSerdesTester] (ForkJoinPool.commonPool-worker-2) sf510bc5dx73fax41bexb1d6x4383cf33dc94 0 19 header {
  time {
  }
}
d1: 1.786715948907E12
s1: "a"
i1: 123
bi1: 1
point {
  longitude: 22.0
  latitude: 22.0
  altitude: 1.0
}

2026-08+00-14 13:59:12 INFO [io.apicurio.tests.serdes.apicurio.KafkaSerdesTester] (ForkJoinPool.commonPool-worker-2) Consumed 10 messages
**** Registry Base URL: http://registry-app-inmemory.apps.ci420.apicurio-testing.org:80
2026-08+00-14 13:59:12 INFO [io.apicurio.tests.serdes.apicurio.SimpleSerdesTesterBuilder$SimpleSerdesTester] (main) Using producer configuration: {apicurio.registry.url=http://registry-app-inmemory.apps.ci420.apicurio-testing.org:80/apis/registry/v3, apicurio.registry.headers.enabled=true, apicurio.registry.artifact-resolver-strategy=io.apicurio.registry.serde.strategy.TopicIdStrategy, value.serializer=io.apicurio.registry.serde.protobuf.ProtobufKafkaSerializer, request.timeout.ms=5000, acks=all, bootstrap.servers=PLAINTEXT://localhost:32773, connections.max.idle.ms=10000, key.serializer=org.apache.kafka.common.serialization.StringSerializer, client.id=Producer-sf510bc5dx73fax41bexb1d6x4383cf33dc94}
2026-08+00-14 13:59:12 INFO [io.apicurio.tests.serdes.apicurio.SimpleSerdesTesterBuilder$SimpleSerdesTester] (main) Using consumer configuration: {apicurio.registry.headers.enabled=true}
2026-08+00-14 13:59:12 INFO [io.apicurio.tests.serdes.apicurio.KafkaSerdesTester] (ForkJoinPool.commonPool-worker-2) Sending message msb: 1786715952511
lsb: 321
 to topic sf510bc5dx73fax41bexb1d6x4383cf33dc94
2026-08+00-14 13:59:12 INFO [io.apicurio.tests.serdes.apicurio.KafkaSerdesTester] (ForkJoinPool.commonPool-worker-2) Sending message msb: 1786715952563
lsb: 321
 to topic sf510bc5dx73fax41bexb1d6x4383cf33dc94
2026-08+00-14 13:59:12 INFO [io.apicurio.tests.serdes.apicurio.KafkaSerdesTester] (ForkJoinPool.commonPool-worker-2) Sending message msb: 1786715952565
lsb: 321
 to topic sf510bc5dx73fax41bexb1d6x4383cf33dc94
2026-08+00-14 13:59:12 INFO [io.apicurio.tests.serdes.apicurio.KafkaSerdesTester] (ForkJoinPool.commonPool-worker-2) Sending message msb: 1786715952567
lsb: 321
 to topic sf510bc5dx73fax41bexb1d6x4383cf33dc94
2026-08+00-14 13:59:12 INFO [io.apicurio.tests.serdes.apicurio.KafkaSerdesTester] (ForkJoinPool.commonPool-worker-2) Sending message msb: 1786715952569
lsb: 321
 to topic sf510bc5dx73fax41bexb1d6x4383cf33dc94
2026-08+00-14 13:59:12 INFO [io.apicurio.tests.serdes.apicurio.KafkaSerdesTester] (ForkJoinPool.commonPool-worker-2) Sending message msb: 1786715952570
lsb: 321
 to topic sf510bc5dx73fax41bexb1d6x4383cf33dc94
2026-08+00-14 13:59:12 INFO [io.apicurio.tests.serdes.apicurio.KafkaSerdesTester] (ForkJoinPool.commonPool-worker-2) Sending message msb: 1786715952572
lsb: 321
 to topic sf510bc5dx73fax41bexb1d6x4383cf33dc94
2026-08+00-14 13:59:12 INFO [io.apicurio.tests.serdes.apicurio.KafkaSerdesTester] (ForkJoinPool.commonPool-worker-2) Sending message msb: 1786715952574
lsb: 321
 to topic sf510bc5dx73fax41bexb1d6x4383cf33dc94
2026-08+00-14 13:59:12 INFO [io.apicurio.tests.serdes.apicurio.KafkaSerdesTester] (ForkJoinPool.commonPool-worker-2) Sending message msb: 1786715952575
lsb: 321
 to topic sf510bc5dx73fax41bexb1d6x4383cf33dc94
2026-08+00-14 13:59:12 INFO [io.apicurio.tests.serdes.apicurio.KafkaSerdesTester] (ForkJoinPool.commonPool-worker-2) Sending message msb: 1786715952577
lsb: 321
 to topic sf510bc5dx73fax41bexb1d6x4383cf33dc94
2026-08+00-14 13:59:12 INFO [io.apicurio.tests.serdes.apicurio.KafkaSerdesTester] (ForkJoinPool.commonPool-worker-2) Produced 10 messages
**** Registry Base URL: http://registry-app-inmemory.apps.ci420.apicurio-testing.org:80
2026-08+00-14 13:59:13 INFO [io.apicurio.tests.serdes.apicurio.KafkaSerdesTester] (ForkJoinPool.commonPool-worker-2) None found
2026-08+00-14 13:59:14 INFO [io.apicurio.tests.serdes.apicurio.KafkaSerdesTester] (ForkJoinPool.commonPool-worker-2) None found
2026-08+00-14 13:59:15 INFO [io.apicurio.tests.serdes.apicurio.KafkaSerdesTester] (ForkJoinPool.commonPool-worker-2) None found
2026-08+00-14 13:59:15 INFO [io.apicurio.tests.serdes.apicurio.KafkaSerdesTester] (ForkJoinPool.commonPool-worker-2) sf510bc5dx73fax41bexb1d6x4383cf33dc94 0 20 msb: 1786715952511
lsb: 321

2026-08+00-14 13:59:15 INFO [io.apicurio.tests.serdes.apicurio.KafkaSerdesTester] (ForkJoinPool.commonPool-worker-2) sf510bc5dx73fax41bexb1d6x4383cf33dc94 0 21 msb: 1786715952563
lsb: 321

2026-08+00-14 13:59:15 INFO [io.apicurio.tests.serdes.apicurio.KafkaSerdesTester] (ForkJoinPool.commonPool-worker-2) sf510bc5dx73fax41bexb1d6x4383cf33dc94 0 22 msb: 1786715952565
lsb: 321

2026-08+00-14 13:59:15 INFO [io.apicurio.tests.serdes.apicurio.KafkaSerdesTester] (ForkJoinPool.commonPool-worker-2) sf510bc5dx73fax41bexb1d6x4383cf33dc94 0 23 msb: 1786715952567
lsb: 321

2026-08+00-14 13:59:15 INFO [io.apicurio.tests.serdes.apicurio.KafkaSerdesTester] (ForkJoinPool.commonPool-worker-2) sf510bc5dx73fax41bexb1d6x4383cf33dc94 0 24 msb: 1786715952569
lsb: 321

2026-08+00-14 13:59:15 INFO [io.apicurio.tests.serdes.apicurio.KafkaSerdesTester] (ForkJoinPool.commonPool-worker-2) sf510bc5dx73fax41bexb1d6x4383cf33dc94 0 25 msb: 1786715952570
lsb: 321

2026-08+00-14 13:59:15 INFO [io.apicurio.tests.serdes.apicurio.KafkaSerdesTester] (ForkJoinPool.commonPool-worker-2) sf510bc5dx73fax41bexb1d6x4383cf33dc94 0 26 msb: 1786715952572
lsb: 321

2026-08+00-14 13:59:15 INFO [io.apicurio.tests.serdes.apicurio.KafkaSerdesTester] (ForkJoinPool.commonPool-worker-2) sf510bc5dx73fax41bexb1d6x4383cf33dc94 0 27 msb: 1786715952574
lsb: 321

2026-08+00-14 13:59:15 INFO [io.apicurio.tests.serdes.apicurio.KafkaSerdesTester] (ForkJoinPool.commonPool-worker-2) sf510bc5dx73fax41bexb1d6x4383cf33dc94 0 28 msb: 1786715952575
lsb: 321

2026-08+00-14 13:59:15 INFO [io.apicurio.tests.serdes.apicurio.KafkaSerdesTester] (ForkJoinPool.commonPool-worker-2) sf510bc5dx73fax41bexb1d6x4383cf33dc94 0 29 msb: 1786715952577
lsb: 321

2026-08+00-14 13:59:15 INFO [io.apicurio.tests.serdes.apicurio.KafkaSerdesTester] (ForkJoinPool.commonPool-worker-2) Consumed 10 messages
**** Registry Base URL: http://registry-app-inmemory.apps.ci420.apicurio-testing.org:80
2026-08+00-14 13:59:16 INFO [io.apicurio.tests.serdes.apicurio.KafkaSerdesTester] (ForkJoinPool.commonPool-worker-2) Sending message header {
  time {
  }
}
d1: 1.786715956185E12
s1: "a"
i1: 123
bi1: 1
point {
  longitude: 22.0
  latitude: 22.0
  altitude: 1.0
}
 to topic sf510bc5dx73fax41bexb1d6x4383cf33dc94
**** Registry Base URL: http://registry-app-inmemory.apps.ci420.apicurio-testing.org:80
2026-08+00-14 13:59:16 INFO [io.apicurio.tests.serdes.apicurio.SimpleSerdesTesterBuilder$SimpleSerdesTester] (main) Using producer configuration: {apicurio.registry.find-latest=true, apicurio.registry.url=http://registry-app-inmemory.apps.ci420.apicurio-testing.org:80/apis/registry/v3, apicurio.registry.headers.enabled=true, apicurio.registry.artifact-resolver-strategy=io.apicurio.registry.serde.strategy.TopicIdStrategy, value.serializer=io.apicurio.registry.serde.protobuf.ProtobufKafkaSerializer, request.timeout.ms=5000, acks=all, bootstrap.servers=PLAINTEXT://localhost:32773, connections.max.idle.ms=10000, key.serializer=org.apache.kafka.common.serialization.StringSerializer, client.id=Producer-sf510bc5dx73fax41bexb1d6x4383cf33dc94}
2026-08+00-14 13:59:16 INFO [io.apicurio.tests.serdes.apicurio.SimpleSerdesTesterBuilder$SimpleSerdesTester] (main) Using consumer configuration: {apicurio.registry.headers.enabled=true}
2026-08+00-14 13:59:16 INFO [io.apicurio.tests.serdes.apicurio.KafkaSerdesTester] (ForkJoinPool.commonPool-worker-2) Sending message msb: 1786715956302
lsb: 321
 to topic sf510bc5dx73fax41bexb1d6x4383cf33dc94
2026-08+00-14 13:59:16 INFO [io.apicurio.tests.serdes.apicurio.KafkaSerdesTester] (ForkJoinPool.commonPool-worker-2) Sending message msb: 1786715956410
lsb: 321
 to topic sf510bc5dx73fax41bexb1d6x4383cf33dc94
2026-08+00-14 13:59:16 INFO [io.apicurio.tests.serdes.apicurio.KafkaSerdesTester] (ForkJoinPool.commonPool-worker-2) Sending message msb: 1786715956412
lsb: 321
 to topic sf510bc5dx73fax41bexb1d6x4383cf33dc94
2026-08+00-14 13:59:16 INFO [io.apicurio.tests.serdes.apicurio.KafkaSerdesTester] (ForkJoinPool.commonPool-worker-2) Sending message msb: 1786715956414
lsb: 321
 to topic sf510bc5dx73fax41bexb1d6x4383cf33dc94
2026-08+00-14 13:59:16 INFO [io.apicurio.tests.serdes.apicurio.KafkaSerdesTester] (ForkJoinPool.commonPool-worker-2) Sending message msb: 1786715956415
lsb: 321
 to topic sf510bc5dx73fax41bexb1d6x4383cf33dc94
2026-08+00-14 13:59:16 INFO [io.apicurio.tests.serdes.apicurio.KafkaSerdesTester] (ForkJoinPool.commonPool-worker-2) Sending message msb: 1786715956417
lsb: 321
 to topic sf510bc5dx73fax41bexb1d6x4383cf33dc94
2026-08+00-14 13:59:16 INFO [io.apicurio.tests.serdes.apicurio.KafkaSerdesTester] (ForkJoinPool.commonPool-worker-2) Sending message msb: 1786715956419
lsb: 321
 to topic sf510bc5dx73fax41bexb1d6x4383cf33dc94
2026-08+00-14 13:59:16 INFO [io.apicurio.tests.serdes.apicurio.KafkaSerdesTester] (ForkJoinPool.commonPool-worker-2) Sending message msb: 1786715956421
lsb: 321
 to topic sf510bc5dx73fax41bexb1d6x4383cf33dc94
2026-08+00-14 13:59:16 INFO [io.apicurio.tests.serdes.apicurio.KafkaSerdesTester] (ForkJoinPool.commonPool-worker-2) Sending message msb: 1786715956423
lsb: 321
 to topic sf510bc5dx73fax41bexb1d6x4383cf33dc94
2026-08+00-14 13:59:16 INFO [io.apicurio.tests.serdes.apicurio.KafkaSerdesTester] (ForkJoinPool.commonPool-worker-2) Sending message msb: 1786715956426
lsb: 321
 to topic sf510bc5dx73fax41bexb1d6x4383cf33dc94
2026-08+00-14 13:59:16 INFO [io.apicurio.tests.serdes.apicurio.KafkaSerdesTester] (ForkJoinPool.commonPool-worker-2) Produced 10 messages
**** Registry Base URL: http://registry-app-inmemory.apps.ci420.apicurio-testing.org:80
2026-08+00-14 13:59:17 INFO [io.apicurio.tests.serdes.apicurio.KafkaSerdesTester] (ForkJoinPool.commonPool-worker-2) None found
2026-08+00-14 13:59:18 INFO [io.apicurio.tests.serdes.apicurio.KafkaSerdesTester] (ForkJoinPool.commonPool-worker-2) None found
2026-08+00-14 13:59:19 INFO [io.apicurio.tests.serdes.apicurio.KafkaSerdesTester] (ForkJoinPool.commonPool-worker-2) None found
2026-08+00-14 13:59:19 INFO [io.apicurio.tests.serdes.apicurio.KafkaSerdesTester] (ForkJoinPool.commonPool-worker-2) sf510bc5dx73fax41bexb1d6x4383cf33dc94 0 30 msb: 1786715956302
lsb: 321

2026-08+00-14 13:59:19 INFO [io.apicurio.tests.serdes.apicurio.KafkaSerdesTester] (ForkJoinPool.commonPool-worker-2) sf510bc5dx73fax41bexb1d6x4383cf33dc94 0 31 msb: 1786715956410
lsb: 321

2026-08+00-14 13:59:19 INFO [io.apicurio.tests.serdes.apicurio.KafkaSerdesTester] (ForkJoinPool.commonPool-worker-2) sf510bc5dx73fax41bexb1d6x4383cf33dc94 0 32 msb: 1786715956412
lsb: 321

2026-08+00-14 13:59:19 INFO [io.apicurio.tests.serdes.apicurio.KafkaSerdesTester] (ForkJoinPool.commonPool-worker-2) sf510bc5dx73fax41bexb1d6x4383cf33dc94 0 33 msb: 1786715956414
lsb: 321

2026-08+00-14 13:59:19 INFO [io.apicurio.tests.serdes.apicurio.KafkaSerdesTester] (ForkJoinPool.commonPool-worker-2) sf510bc5dx73fax41bexb1d6x4383cf33dc94 0 34 msb: 1786715956415
lsb: 321

2026-08+00-14 13:59:19 INFO [io.apicurio.tests.serdes.apicurio.KafkaSerdesTester] (ForkJoinPool.commonPool-worker-2) sf510bc5dx73fax41bexb1d6x4383cf33dc94 0 35 msb: 1786715956417
lsb: 321

2026-08+00-14 13:59:19 INFO [io.apicurio.tests.serdes.apicurio.KafkaSerdesTester] (ForkJoinPool.commonPool-worker-2) sf510bc5dx73fax41bexb1d6x4383cf33dc94 0 36 msb: 1786715956419
lsb: 321

2026-08+00-14 13:59:19 INFO [io.apicurio.tests.serdes.apicurio.KafkaSerdesTester] (ForkJoinPool.commonPool-worker-2) sf510bc5dx73fax41bexb1d6x4383cf33dc94 0 37 msb: 1786715956421
lsb: 321

2026-08+00-14 13:59:19 INFO [io.apicurio.tests.serdes.apicurio.KafkaSerdesTester] (ForkJoinPool.commonPool-worker-2) sf510bc5dx73fax41bexb1d6x4383cf33dc94 0 38 msb: 1786715956423
lsb: 321

2026-08+00-14 13:59:19 INFO [io.apicurio.tests.serdes.apicurio.KafkaSerdesTester] (ForkJoinPool.commonPool-worker-2) sf510bc5dx73fax41bexb1d6x4383cf33dc94 0 39 msb: 1786715956426
lsb: 321

2026-08+00-14 13:59:19 INFO [io.apicurio.tests.serdes.apicurio.KafkaSerdesTester] (ForkJoinPool.commonPool-worker-2) Consumed 10 messages
**** Registry Base URL: http://registry-app-inmemory.apps.ci420.apicurio-testing.org:80
2026-08+00-14 13:59:20 INFO [io.apicurio.tests.serdes.apicurio.SimpleSerdesTesterBuilder$SimpleSerdesTester] (main) Using producer configuration: {apicurio.registry.url=http://registry-app-inmemory.apps.ci420.apicurio-testing.org:80/apis/registry/v3, apicurio.registry.headers.enabled=true, apicurio.registry.artifact-resolver-strategy=io.apicurio.registry.serde.strategy.TopicIdStrategy, value.serializer=io.apicurio.registry.serde.protobuf.ProtobufKafkaSerializer, request.timeout.ms=5000, acks=all, bootstrap.servers=PLAINTEXT://localhost:32773, connections.max.idle.ms=10000, apicurio.registry.artifact.version=2, key.serializer=org.apache.kafka.common.serialization.StringSerializer, client.id=Producer-sf510bc5dx73fax41bexb1d6x4383cf33dc94}
2026-08+00-14 13:59:20 INFO [io.apicurio.tests.serdes.apicurio.SimpleSerdesTesterBuilder$SimpleSerdesTester] (main) Using consumer configuration: {apicurio.registry.headers.enabled=true}
2026-08+00-14 13:59:20 INFO [io.apicurio.tests.serdes.apicurio.KafkaSerdesTester] (ForkJoinPool.commonPool-worker-2) Sending message msb: 1786715960026
lsb: 321
 to topic sf510bc5dx73fax41bexb1d6x4383cf33dc94
2026-08+00-14 13:59:20 INFO [io.apicurio.tests.serdes.apicurio.KafkaSerdesTester] (ForkJoinPool.commonPool-worker-2) Sending message msb: 1786715960135
lsb: 321
 to topic sf510bc5dx73fax41bexb1d6x4383cf33dc94
2026-08+00-14 13:59:20 INFO [io.apicurio.tests.serdes.apicurio.KafkaSerdesTester] (ForkJoinPool.commonPool-worker-2) Sending message msb: 1786715960137
lsb: 321
 to topic sf510bc5dx73fax41bexb1d6x4383cf33dc94
2026-08+00-14 13:59:20 INFO [io.apicurio.tests.serdes.apicurio.KafkaSerdesTester] (ForkJoinPool.commonPool-worker-2) Sending message msb: 1786715960139
lsb: 321
 to topic sf510bc5dx73fax41bexb1d6x4383cf33dc94
2026-08+00-14 13:59:20 INFO [io.apicurio.tests.serdes.apicurio.KafkaSerdesTester] (ForkJoinPool.commonPool-worker-2) Sending message msb: 1786715960140
lsb: 321
 to topic sf510bc5dx73fax41bexb1d6x4383cf33dc94
2026-08+00-14 13:59:20 INFO [io.apicurio.tests.serdes.apicurio.KafkaSerdesTester] (ForkJoinPool.commonPool-worker-2) Sending message msb: 1786715960142
lsb: 321
 to topic sf510bc5dx73fax41bexb1d6x4383cf33dc94
2026-08+00-14 13:59:20 INFO [io.apicurio.tests.serdes.apicurio.KafkaSerdesTester] (ForkJoinPool.commonPool-worker-2) Sending message msb: 1786715960143
lsb: 321
 to topic sf510bc5dx73fax41bexb1d6x4383cf33dc94
2026-08+00-14 13:59:20 INFO [io.apicurio.tests.serdes.apicurio.KafkaSerdesTester] (ForkJoinPool.commonPool-worker-2) Sending message msb: 1786715960145
lsb: 321
 to topic sf510bc5dx73fax41bexb1d6x4383cf33dc94
2026-08+00-14 13:59:20 INFO [io.apicurio.tests.serdes.apicurio.KafkaSerdesTester] (ForkJoinPool.commonPool-worker-2) Sending message msb: 1786715960146
lsb: 321
 to topic sf510bc5dx73fax41bexb1d6x4383cf33dc94
2026-08+00-14 13:59:20 INFO [io.apicurio.tests.serdes.apicurio.KafkaSerdesTester] (ForkJoinPool.commonPool-worker-2) Sending message msb: 1786715960148
lsb: 321
 to topic sf510bc5dx73fax41bexb1d6x4383cf33dc94
2026-08+00-14 13:59:20 INFO [io.apicurio.tests.serdes.apicurio.KafkaSerdesTester] (ForkJoinPool.commonPool-worker-2) Produced 10 messages
**** Registry Base URL: http://registry-app-inmemory.apps.ci420.apicurio-testing.org:80
2026-08+00-14 13:59:21 INFO [io.apicurio.tests.serdes.apicurio.KafkaSerdesTester] (ForkJoinPool.commonPool-worker-2) None found
2026-08+00-14 13:59:22 INFO [io.apicurio.tests.serdes.apicurio.KafkaSerdesTester] (ForkJoinPool.commonPool-worker-2) None found
2026-08+00-14 13:59:23 INFO [io.apicurio.tests.serdes.apicurio.KafkaSerdesTester] (ForkJoinPool.commonPool-worker-2) None found
2026-08+00-14 13:59:23 INFO [io.apicurio.tests.serdes.apicurio.KafkaSerdesTester] (ForkJoinPool.commonPool-worker-2) sf510bc5dx73fax41bexb1d6x4383cf33dc94 0 40 msb: 1786715960026
lsb: 321

2026-08+00-14 13:59:23 INFO [io.apicurio.tests.serdes.apicurio.KafkaSerdesTester] (ForkJoinPool.commonPool-worker-2) sf510bc5dx73fax41bexb1d6x4383cf33dc94 0 41 msb: 1786715960135
lsb: 321

2026-08+00-14 13:59:23 INFO [io.apicurio.tests.serdes.apicurio.KafkaSerdesTester] (ForkJoinPool.commonPool-worker-2) sf510bc5dx73fax41bexb1d6x4383cf33dc94 0 42 msb: 1786715960137
lsb: 321

2026-08+00-14 13:59:23 INFO [io.apicurio.tests.serdes.apicurio.KafkaSerdesTester] (ForkJoinPool.commonPool-worker-2) sf510bc5dx73fax41bexb1d6x4383cf33dc94 0 43 msb: 1786715960139
lsb: 321

2026-08+00-14 13:59:23 INFO [io.apicurio.tests.serdes.apicurio.KafkaSerdesTester] (ForkJoinPool.commonPool-worker-2) sf510bc5dx73fax41bexb1d6x4383cf33dc94 0 44 msb: 1786715960140
lsb: 321

2026-08+00-14 13:59:23 INFO [io.apicurio.tests.serdes.apicurio.KafkaSerdesTester] (ForkJoinPool.commonPool-worker-2) sf510bc5dx73fax41bexb1d6x4383cf33dc94 0 45 msb: 1786715960142
lsb: 321

2026-08+00-14 13:59:23 INFO [io.apicurio.tests.serdes.apicurio.KafkaSerdesTester] (ForkJoinPool.commonPool-worker-2) sf510bc5dx73fax41bexb1d6x4383cf33dc94 0 46 msb: 1786715960143
lsb: 321

2026-08+00-14 13:59:23 INFO [io.apicurio.tests.serdes.apicurio.KafkaSerdesTester] (ForkJoinPool.commonPool-worker-2) sf510bc5dx73fax41bexb1d6x4383cf33dc94 0 47 msb: 1786715960145
lsb: 321

2026-08+00-14 13:59:23 INFO [io.apicurio.tests.serdes.apicurio.KafkaSerdesTester] (ForkJoinPool.commonPool-worker-2) sf510bc5dx73fax41bexb1d6x4383cf33dc94 0 48 msb: 1786715960146
lsb: 321

2026-08+00-14 13:59:23 INFO [io.apicurio.tests.serdes.apicurio.KafkaSerdesTester] (ForkJoinPool.commonPool-worker-2) sf510bc5dx73fax41bexb1d6x4383cf33dc94 0 49 msb: 1786715960148
lsb: 321

2026-08+00-14 13:59:23 INFO [io.apicurio.tests.serdes.apicurio.KafkaSerdesTester] (ForkJoinPool.commonPool-worker-2) Consumed 10 messages
2026-08+00-14 13:59:23 INFO [io.apicurio.tests.utils.TestSeparator] (main) io.apicurio.tests.serdes.apicurio.ProtobufSerdeIT.testValidation-FINISHED
2026-08+00-14 13:59:23 INFO [io.apicurio.tests.utils.TestSeparator] (main) ############################################################################
Test passed: testValidation
]]></system-out>
  </testcase>
  <testcase name="testArtifactNotFound" classname="io.apicurio.tests.serdes.apicurio.ProtobufSerdeIT" time="0.002">
    <system-out><![CDATA[2026-08+00-14 13:59:23 INFO [io.apicurio.tests.utils.TestSeparator] (main) ############################################################################
2026-08+00-14 13:59:23 INFO [io.apicurio.tests.utils.TestSeparator] (main) io.apicurio.tests.serdes.apicurio.ProtobufSerdeIT.testArtifactNotFound-STARTED
2026-08+00-14 13:59:23 INFO [io.apicurio.tests.utils.TestSeparator] (main) io.apicurio.tests.serdes.apicurio.ProtobufSerdeIT.testArtifactNotFound-FINISHED
2026-08+00-14 13:59:23 INFO [io.apicurio.tests.utils.TestSeparator] (main) ############################################################################
Test passed: testArtifactNotFound
]]></system-out>
  </testcase>
  <testcase name="testTopicIdStrategyFindLatest" classname="io.apicurio.tests.serdes.apicurio.ProtobufSerdeIT" time="1.071">
    <system-out><![CDATA[2026-08+00-14 13:59:23 INFO [io.apicurio.tests.utils.TestSeparator] (main) ############################################################################
2026-08+00-14 13:59:23 INFO [io.apicurio.tests.utils.TestSeparator] (main) io.apicurio.tests.serdes.apicurio.ProtobufSerdeIT.testTopicIdStrategyFindLatest-STARTED
2026-08+00-14 13:59:24 INFO [io.apicurio.tests.utils.TestSeparator] (main) io.apicurio.tests.serdes.apicurio.ProtobufSerdeIT.testTopicIdStrategyFindLatest-FINISHED
2026-08+00-14 13:59:24 INFO [io.apicurio.tests.utils.TestSeparator] (main) ############################################################################
Test passed: testTopicIdStrategyFindLatest
]]></system-out>
  </testcase>
  <testcase name="testWrongSchemaFindLatest" classname="io.apicurio.tests.serdes.apicurio.ProtobufSerdeIT" time="1.057">
    <system-out><![CDATA[2026-08+00-14 13:59:24 INFO [io.apicurio.tests.utils.TestSeparator] (main) ############################################################################
2026-08+00-14 13:59:24 INFO [io.apicurio.tests.utils.TestSeparator] (main) io.apicurio.tests.serdes.apicurio.ProtobufSerdeIT.testWrongSchemaFindLatest-STARTED
2026-08+00-14 13:59:25 INFO [io.apicurio.tests.utils.TestSeparator] (main) io.apicurio.tests.serdes.apicurio.ProtobufSerdeIT.testWrongSchemaFindLatest-FINISHED
2026-08+00-14 13:59:25 INFO [io.apicurio.tests.utils.TestSeparator] (main) ############################################################################
Test passed: testWrongSchemaFindLatest
]]></system-out>
  </testcase>
  <testcase name="testAutoRegisterDeriveClassProtobufType" classname="io.apicurio.tests.serdes.apicurio.ProtobufSerdeIT" time="3.994">
    <system-out><![CDATA[2026-08+00-14 13:59:25 INFO [io.apicurio.tests.utils.TestSeparator] (main) ############################################################################
2026-08+00-14 13:59:25 INFO [io.apicurio.tests.utils.TestSeparator] (main) io.apicurio.tests.serdes.apicurio.ProtobufSerdeIT.testAutoRegisterDeriveClassProtobufType-STARTED
**** Registry Base URL: http://registry-app-inmemory.apps.ci420.apicurio-testing.org:80
2026-08+00-14 13:59:25 INFO [io.apicurio.tests.serdes.apicurio.SimpleSerdesTesterBuilder$SimpleSerdesTester] (main) Using producer configuration: {apicurio.registry.url=http://registry-app-inmemory.apps.ci420.apicurio-testing.org:80/apis/registry/v3, apicurio.registry.auto-register=true, apicurio.registry.artifact-resolver-strategy=io.apicurio.registry.serde.strategy.TopicIdStrategy, value.serializer=io.apicurio.registry.serde.protobuf.ProtobufKafkaSerializer, request.timeout.ms=5000, acks=all, bootstrap.servers=PLAINTEXT://localhost:32773, connections.max.idle.ms=10000, key.serializer=org.apache.kafka.common.serialization.StringSerializer, client.id=Producer-topic-8429953a_a005_4a05_88d3_11db726ab600}
2026-08+00-14 13:59:25 INFO [io.apicurio.tests.serdes.apicurio.SimpleSerdesTesterBuilder$SimpleSerdesTester] (main) Using consumer configuration: {apicurio.protobuf.derive.class=true}
2026-08+00-14 13:59:25 INFO [io.apicurio.tests.serdes.apicurio.KafkaSerdesTester] (ForkJoinPool.commonPool-worker-2) Sending message header {
  time {
  }
}
d1: 1.786715965892E12
s1: "a"
i1: 123
bi1: 1
point {
  longitude: 22.0
  latitude: 22.0
  altitude: 1.0
}
 to topic topic-8429953a_a005_4a05_88d3_11db726ab600
2026-08+00-14 13:59:25 WARN [org.apache.kafka.clients.NetworkClient$DefaultMetadataUpdater] (kafka-producer-network-thread | Producer-topic-8429953a_a005_4a05_88d3_11db726ab600) [Producer clientId=Producer-topic-8429953a_a005_4a05_88d3_11db726ab600] The metadata response from the cluster reported a recoverable issue with correlation id 1 : {topic-8429953a_a005_4a05_88d3_11db726ab600=UNKNOWN_TOPIC_OR_PARTITION}
2026-08+00-14 13:59:26 INFO [io.apicurio.tests.serdes.apicurio.KafkaSerdesTester] (ForkJoinPool.commonPool-worker-2) Sending message header {
  time {
  }
}
d1: 1.7867159661E12
s1: "a"
i1: 123
bi1: 1
point {
  longitude: 22.0
  latitude: 22.0
  altitude: 1.0
}
 to topic topic-8429953a_a005_4a05_88d3_11db726ab600
2026-08+00-14 13:59:26 INFO [io.apicurio.tests.serdes.apicurio.KafkaSerdesTester] (ForkJoinPool.commonPool-worker-2) Sending message header {
  time {
  }
}
d1: 1.786715966102E12
s1: "a"
i1: 123
bi1: 1
point {
  longitude: 22.0
  latitude: 22.0
  altitude: 1.0
}
 to topic topic-8429953a_a005_4a05_88d3_11db726ab600
2026-08+00-14 13:59:26 INFO [io.apicurio.tests.serdes.apicurio.KafkaSerdesTester] (ForkJoinPool.commonPool-worker-2) Sending message header {
  time {
  }
}
d1: 1.786715966103E12
s1: "a"
i1: 123
bi1: 1
point {
  longitude: 22.0
  latitude: 22.0
  altitude: 1.0
}
 to topic topic-8429953a_a005_4a05_88d3_11db726ab600
2026-08+00-14 13:59:26 INFO [io.apicurio.tests.serdes.apicurio.KafkaSerdesTester] (ForkJoinPool.commonPool-worker-2) Sending message header {
  time {
  }
}
d1: 1.786715966104E12
s1: "a"
i1: 123
bi1: 1
point {
  longitude: 22.0
  latitude: 22.0
  altitude: 1.0
}
 to topic topic-8429953a_a005_4a05_88d3_11db726ab600
2026-08+00-14 13:59:26 INFO [io.apicurio.tests.serdes.apicurio.KafkaSerdesTester] (ForkJoinPool.commonPool-worker-2) Sending message header {
  time {
  }
}
d1: 1.786715966106E12
s1: "a"
i1: 123
bi1: 1
point {
  longitude: 22.0
  latitude: 22.0
  altitude: 1.0
}
 to topic topic-8429953a_a005_4a05_88d3_11db726ab600
2026-08+00-14 13:59:26 INFO [io.apicurio.tests.serdes.apicurio.KafkaSerdesTester] (ForkJoinPool.commonPool-worker-2) Sending message header {
  time {
  }
}
d1: 1.786715966108E12
s1: "a"
i1: 123
bi1: 1
point {
  longitude: 22.0
  latitude: 22.0
  altitude: 1.0
}
 to topic topic-8429953a_a005_4a05_88d3_11db726ab600
2026-08+00-14 13:59:26 INFO [io.apicurio.tests.serdes.apicurio.KafkaSerdesTester] (ForkJoinPool.commonPool-worker-2) Sending message header {
  time {
  }
}
d1: 1.786715966111E12
s1: "a"
i1: 123
bi1: 1
point {
  longitude: 22.0
  latitude: 22.0
  altitude: 1.0
}
 to topic topic-8429953a_a005_4a05_88d3_11db726ab600
2026-08+00-14 13:59:26 INFO [io.apicurio.tests.serdes.apicurio.KafkaSerdesTester] (ForkJoinPool.commonPool-worker-2) Sending message header {
  time {
  }
}
d1: 1.786715966113E12
s1: "a"
i1: 123
bi1: 1
point {
  longitude: 22.0
  latitude: 22.0
  altitude: 1.0
}
 to topic topic-8429953a_a005_4a05_88d3_11db726ab600
2026-08+00-14 13:59:26 INFO [io.apicurio.tests.serdes.apicurio.KafkaSerdesTester] (ForkJoinPool.commonPool-worker-2) Sending message header {
  time {
  }
}
d1: 1.786715966114E12
s1: "a"
i1: 123
bi1: 1
point {
  longitude: 22.0
  latitude: 22.0
  altitude: 1.0
}
 to topic topic-8429953a_a005_4a05_88d3_11db726ab600
2026-08+00-14 13:59:26 INFO [io.apicurio.tests.serdes.apicurio.KafkaSerdesTester] (ForkJoinPool.commonPool-worker-2) Produced 10 messages
**** Registry Base URL: http://registry-app-inmemory.apps.ci420.apicurio-testing.org:80
2026-08+00-14 13:59:27 INFO [io.apicurio.tests.serdes.apicurio.KafkaSerdesTester] (ForkJoinPool.commonPool-worker-2) None found
2026-08+00-14 13:59:28 INFO [io.apicurio.tests.serdes.apicurio.KafkaSerdesTester] (ForkJoinPool.commonPool-worker-2) None found
2026-08+00-14 13:59:29 INFO [io.apicurio.tests.serdes.apicurio.KafkaSerdesTester] (ForkJoinPool.commonPool-worker-2) None found
2026-08+00-14 13:59:29 INFO [io.apicurio.tests.serdes.apicurio.KafkaSerdesTester] (ForkJoinPool.commonPool-worker-2) topic-8429953a_a005_4a05_88d3_11db726ab600 0 0 header {
  time {
  }
}
d1: 1.786715965892E12
s1: "a"
i1: 123
bi1: 1
point {
  longitude: 22.0
  latitude: 22.0
  altitude: 1.0
}

2026-08+00-14 13:59:29 INFO [io.apicurio.tests.serdes.apicurio.KafkaSerdesTester] (ForkJoinPool.commonPool-worker-2) topic-8429953a_a005_4a05_88d3_11db726ab600 0 1 header {
  time {
  }
}
d1: 1.7867159661E12
s1: "a"
i1: 123
bi1: 1
point {
  longitude: 22.0
  latitude: 22.0
  altitude: 1.0
}

2026-08+00-14 13:59:29 INFO [io.apicurio.tests.serdes.apicurio.KafkaSerdesTester] (ForkJoinPool.commonPool-worker-2) topic-8429953a_a005_4a05_88d3_11db726ab600 0 2 header {
  time {
  }
}
d1: 1.786715966102E12
s1: "a"
i1: 123
bi1: 1
point {
  longitude: 22.0
  latitude: 22.0
  altitude: 1.0
}

2026-08+00-14 13:59:29 INFO [io.apicurio.tests.serdes.apicurio.KafkaSerdesTester] (ForkJoinPool.commonPool-worker-2) topic-8429953a_a005_4a05_88d3_11db726ab600 0 3 header {
  time {
  }
}
d1: 1.786715966103E12
s1: "a"
i1: 123
bi1: 1
point {
  longitude: 22.0
  latitude: 22.0
  altitude: 1.0
}

2026-08+00-14 13:59:29 INFO [io.apicurio.tests.serdes.apicurio.KafkaSerdesTester] (ForkJoinPool.commonPool-worker-2) topic-8429953a_a005_4a05_88d3_11db726ab600 0 4 header {
  time {
  }
}
d1: 1.786715966104E12
s1: "a"
i1: 123
bi1: 1
point {
  longitude: 22.0
  latitude: 22.0
  altitude: 1.0
}

2026-08+00-14 13:59:29 INFO [io.apicurio.tests.serdes.apicurio.KafkaSerdesTester] (ForkJoinPool.commonPool-worker-2) topic-8429953a_a005_4a05_88d3_11db726ab600 0 5 header {
  time {
  }
}
d1: 1.786715966106E12
s1: "a"
i1: 123
bi1: 1
point {
  longitude: 22.0
  latitude: 22.0
  altitude: 1.0
}

2026-08+00-14 13:59:29 INFO [io.apicurio.tests.serdes.apicurio.KafkaSerdesTester] (ForkJoinPool.commonPool-worker-2) topic-8429953a_a005_4a05_88d3_11db726ab600 0 6 header {
  time {
  }
}
d1: 1.786715966108E12
s1: "a"
i1: 123
bi1: 1
point {
  longitude: 22.0
  latitude: 22.0
  altitude: 1.0
}

2026-08+00-14 13:59:29 INFO [io.apicurio.tests.serdes.apicurio.KafkaSerdesTester] (ForkJoinPool.commonPool-worker-2) topic-8429953a_a005_4a05_88d3_11db726ab600 0 7 header {
  time {
  }
}
d1: 1.786715966111E12
s1: "a"
i1: 123
bi1: 1
point {
  longitude: 22.0
  latitude: 22.0
  altitude: 1.0
}

2026-08+00-14 13:59:29 INFO [io.apicurio.tests.serdes.apicurio.KafkaSerdesTester] (ForkJoinPool.commonPool-worker-2) topic-8429953a_a005_4a05_88d3_11db726ab600 0 8 header {
  time {
  }
}
d1: 1.786715966113E12
s1: "a"
i1: 123
bi1: 1
point {
  longitude: 22.0
  latitude: 22.0
  altitude: 1.0
}

2026-08+00-14 13:59:29 INFO [io.apicurio.tests.serdes.apicurio.KafkaSerdesTester] (ForkJoinPool.commonPool-worker-2) topic-8429953a_a005_4a05_88d3_11db726ab600 0 9 header {
  time {
  }
}
d1: 1.786715966114E12
s1: "a"
i1: 123
bi1: 1
point {
  longitude: 22.0
  latitude: 22.0
  altitude: 1.0
}

2026-08+00-14 13:59:29 INFO [io.apicurio.tests.serdes.apicurio.KafkaSerdesTester] (ForkJoinPool.commonPool-worker-2) Consumed 10 messages
2026-08+00-14 13:59:29 INFO [io.apicurio.tests.utils.TestSeparator] (main) io.apicurio.tests.serdes.apicurio.ProtobufSerdeIT.testAutoRegisterDeriveClassProtobufType-FINISHED
2026-08+00-14 13:59:29 INFO [io.apicurio.tests.utils.TestSeparator] (main) ############################################################################
Test passed: testAutoRegisterDeriveClassProtobufType
]]></system-out>
  </testcase>
  <testcase name="testConsumeReturnSpecificClass" classname="io.apicurio.tests.serdes.apicurio.ProtobufSerdeIT" time="1.058">
    <system-out><![CDATA[2026-08+00-14 13:59:29 INFO [io.apicurio.tests.utils.TestSeparator] (main) ############################################################################
2026-08+00-14 13:59:29 INFO [io.apicurio.tests.utils.TestSeparator] (main) io.apicurio.tests.serdes.apicurio.ProtobufSerdeIT.testConsumeReturnSpecificClass-STARTED
2026-08+00-14 13:59:30 INFO [io.apicurio.tests.utils.TestSeparator] (main) io.apicurio.tests.serdes.apicurio.ProtobufSerdeIT.testConsumeReturnSpecificClass-FINISHED
2026-08+00-14 13:59:30 INFO [io.apicurio.tests.utils.TestSeparator] (main) ############################################################################
Test passed: testConsumeReturnSpecificClass
]]></system-out>
  </testcase>
  <testcase name="testFindLatestSpecificProtobufType" classname="io.apicurio.tests.serdes.apicurio.ProtobufSerdeIT" time="1.052">
    <system-out><![CDATA[2026-08+00-14 13:59:30 INFO [io.apicurio.tests.utils.TestSeparator] (main) ############################################################################
2026-08+00-14 13:59:30 INFO [io.apicurio.tests.utils.TestSeparator] (main) io.apicurio.tests.serdes.apicurio.ProtobufSerdeIT.testFindLatestSpecificProtobufType-STARTED
2026-08+00-14 13:59:31 INFO [io.apicurio.tests.utils.TestSeparator] (main) io.apicurio.tests.serdes.apicurio.ProtobufSerdeIT.testFindLatestSpecificProtobufType-FINISHED
2026-08+00-14 13:59:31 INFO [io.apicurio.tests.utils.TestSeparator] (main) ############################################################################
Test passed: testFindLatestSpecificProtobufType
]]></system-out>
  </testcase>
  <testcase name="testFindLatestDynamicMessageProtobufType" classname="io.apicurio.tests.serdes.apicurio.ProtobufSerdeIT" time="4.784">
    <system-out><![CDATA[2026-08+00-14 13:59:31 INFO [io.apicurio.tests.utils.TestSeparator] (main) ############################################################################
2026-08+00-14 13:59:31 INFO [io.apicurio.tests.utils.TestSeparator] (main) io.apicurio.tests.serdes.apicurio.ProtobufSerdeIT.testFindLatestDynamicMessageProtobufType-STARTED
**** Registry Base URL: http://registry-app-inmemory.apps.ci420.apicurio-testing.org:80
2026-08+00-14 13:59:33 INFO [io.apicurio.tests.serdes.apicurio.SimpleSerdesTesterBuilder$SimpleSerdesTester] (main) Using producer configuration: {apicurio.registry.find-latest=true, apicurio.registry.url=http://registry-app-inmemory.apps.ci420.apicurio-testing.org:80/apis/registry/v3, apicurio.registry.artifact-resolver-strategy=io.apicurio.registry.serde.strategy.SimpleTopicIdStrategy, value.serializer=io.apicurio.registry.serde.protobuf.ProtobufKafkaSerializer, request.timeout.ms=5000, acks=all, bootstrap.servers=PLAINTEXT://localhost:32773, connections.max.idle.ms=10000, key.serializer=org.apache.kafka.common.serialization.StringSerializer, client.id=Producer-topic-53cf04cc_cc0c_464d_8c2f_b36c6b180630}
2026-08+00-14 13:59:33 INFO [io.apicurio.tests.serdes.apicurio.SimpleSerdesTesterBuilder$SimpleSerdesTester] (main) Using consumer configuration: {apicurio.registry.deserializer.value.return-class=com.google.protobuf.DynamicMessage}
2026-08+00-14 13:59:33 INFO [io.apicurio.tests.serdes.apicurio.KafkaSerdesTester] (ForkJoinPool.commonPool-worker-2) Sending message header {
  time {
  }
}
d1: 1.786715973052E12
s1: "a"
i1: 123
bi1: 1
point {
  longitude: 22.0
  latitude: 22.0
  altitude: 1.0
}
 to topic topic-53cf04cc_cc0c_464d_8c2f_b36c6b180630
2026-08+00-14 13:59:33 INFO [io.apicurio.tests.serdes.apicurio.KafkaSerdesTester] (ForkJoinPool.commonPool-worker-2) Sending message header {
  time {
  }
}
d1: 1.786715973153E12
s1: "a"
i1: 123
bi1: 1
point {
  longitude: 22.0
  latitude: 22.0
  altitude: 1.0
}
 to topic topic-53cf04cc_cc0c_464d_8c2f_b36c6b180630
2026-08+00-14 13:59:33 INFO [io.apicurio.tests.serdes.apicurio.KafkaSerdesTester] (ForkJoinPool.commonPool-worker-2) Sending message header {
  time {
  }
}
d1: 1.786715973156E12
s1: "a"
i1: 123
bi1: 1
point {
  longitude: 22.0
  latitude: 22.0
  altitude: 1.0
}
 to topic topic-53cf04cc_cc0c_464d_8c2f_b36c6b180630
2026-08+00-14 13:59:33 INFO [io.apicurio.tests.serdes.apicurio.KafkaSerdesTester] (ForkJoinPool.commonPool-worker-2) Sending message header {
  time {
  }
}
d1: 1.786715973158E12
s1: "a"
i1: 123
bi1: 1
point {
  longitude: 22.0
  latitude: 22.0
  altitude: 1.0
}
 to topic topic-53cf04cc_cc0c_464d_8c2f_b36c6b180630
2026-08+00-14 13:59:33 INFO [io.apicurio.tests.serdes.apicurio.KafkaSerdesTester] (ForkJoinPool.commonPool-worker-2) Sending message header {
  time {
  }
}
d1: 1.786715973163E12
s1: "a"
i1: 123
bi1: 1
point {
  longitude: 22.0
  latitude: 22.0
  altitude: 1.0
}
 to topic topic-53cf04cc_cc0c_464d_8c2f_b36c6b180630
2026-08+00-14 13:59:33 INFO [io.apicurio.tests.serdes.apicurio.KafkaSerdesTester] (ForkJoinPool.commonPool-worker-2) Sending message header {
  time {
  }
}
d1: 1.786715973166E12
s1: "a"
i1: 123
bi1: 1
point {
  longitude: 22.0
  latitude: 22.0
  altitude: 1.0
}
 to topic topic-53cf04cc_cc0c_464d_8c2f_b36c6b180630
2026-08+00-14 13:59:33 INFO [io.apicurio.tests.serdes.apicurio.KafkaSerdesTester] (ForkJoinPool.commonPool-worker-2) Sending message header {
  time {
  }
}
d1: 1.786715973168E12
s1: "a"
i1: 123
bi1: 1
point {
  longitude: 22.0
  latitude: 22.0
  altitude: 1.0
}
 to topic topic-53cf04cc_cc0c_464d_8c2f_b36c6b180630
2026-08+00-14 13:59:33 INFO [io.apicurio.tests.serdes.apicurio.KafkaSerdesTester] (ForkJoinPool.commonPool-worker-2) Sending message header {
  time {
  }
}
d1: 1.78671597317E12
s1: "a"
i1: 123
bi1: 1
point {
  longitude: 22.0
  latitude: 22.0
  altitude: 1.0
}
 to topic topic-53cf04cc_cc0c_464d_8c2f_b36c6b180630
2026-08+00-14 13:59:33 INFO [io.apicurio.tests.serdes.apicurio.KafkaSerdesTester] (ForkJoinPool.commonPool-worker-2) Sending message header {
  time {
  }
}
d1: 1.786715973171E12
s1: "a"
i1: 123
bi1: 1
point {
  longitude: 22.0
  latitude: 22.0
  altitude: 1.0
}
 to topic topic-53cf04cc_cc0c_464d_8c2f_b36c6b180630
2026-08+00-14 13:59:33 INFO [io.apicurio.tests.serdes.apicurio.KafkaSerdesTester] (ForkJoinPool.commonPool-worker-2) Sending message header {
  time {
  }
}
d1: 1.786715973173E12
s1: "a"
i1: 123
bi1: 1
point {
  longitude: 22.0
  latitude: 22.0
  altitude: 1.0
}
 to topic topic-53cf04cc_cc0c_464d_8c2f_b36c6b180630
2026-08+00-14 13:59:33 INFO [io.apicurio.tests.serdes.apicurio.KafkaSerdesTester] (ForkJoinPool.commonPool-worker-2) Produced 10 messages
**** Registry Base URL: http://registry-app-inmemory.apps.ci420.apicurio-testing.org:80
2026-08+00-14 13:59:34 INFO [io.apicurio.tests.serdes.apicurio.KafkaSerdesTester] (ForkJoinPool.commonPool-worker-2) None found
2026-08+00-14 13:59:35 INFO [io.apicurio.tests.serdes.apicurio.KafkaSerdesTester] (ForkJoinPool.commonPool-worker-2) None found
2026-08+00-14 13:59:36 INFO [io.apicurio.tests.serdes.apicurio.KafkaSerdesTester] (ForkJoinPool.commonPool-worker-2) None found
2026-08+00-14 13:59:36 INFO [io.apicurio.tests.serdes.apicurio.KafkaSerdesTester] (ForkJoinPool.commonPool-worker-2) topic-53cf04cc_cc0c_464d_8c2f_b36c6b180630 0 0 header {
  time {
  }
}
d1: 1.786715973052E12
s1: "a"
i1: 123
bi1: 1
point {
  longitude: 22.0
  latitude: 22.0
  altitude: 1.0
}

2026-08+00-14 13:59:36 INFO [io.apicurio.tests.serdes.apicurio.KafkaSerdesTester] (ForkJoinPool.commonPool-worker-2) topic-53cf04cc_cc0c_464d_8c2f_b36c6b180630 0 1 header {
  time {
  }
}
d1: 1.786715973153E12
s1: "a"
i1: 123
bi1: 1
point {
  longitude: 22.0
  latitude: 22.0
  altitude: 1.0
}

2026-08+00-14 13:59:36 INFO [io.apicurio.tests.serdes.apicurio.KafkaSerdesTester] (ForkJoinPool.commonPool-worker-2) topic-53cf04cc_cc0c_464d_8c2f_b36c6b180630 0 2 header {
  time {
  }
}
d1: 1.786715973156E12
s1: "a"
i1: 123
bi1: 1
point {
  longitude: 22.0
  latitude: 22.0
  altitude: 1.0
}

2026-08+00-14 13:59:36 INFO [io.apicurio.tests.serdes.apicurio.KafkaSerdesTester] (ForkJoinPool.commonPool-worker-2) topic-53cf04cc_cc0c_464d_8c2f_b36c6b180630 0 3 header {
  time {
  }
}
d1: 1.786715973158E12
s1: "a"
i1: 123
bi1: 1
point {
  longitude: 22.0
  latitude: 22.0
  altitude: 1.0
}

2026-08+00-14 13:59:36 INFO [io.apicurio.tests.serdes.apicurio.KafkaSerdesTester] (ForkJoinPool.commonPool-worker-2) topic-53cf04cc_cc0c_464d_8c2f_b36c6b180630 0 4 header {
  time {
  }
}
d1: 1.786715973163E12
s1: "a"
i1: 123
bi1: 1
point {
  longitude: 22.0
  latitude: 22.0
  altitude: 1.0
}

2026-08+00-14 13:59:36 INFO [io.apicurio.tests.serdes.apicurio.KafkaSerdesTester] (ForkJoinPool.commonPool-worker-2) topic-53cf04cc_cc0c_464d_8c2f_b36c6b180630 0 5 header {
  time {
  }
}
d1: 1.786715973166E12
s1: "a"
i1: 123
bi1: 1
point {
  longitude: 22.0
  latitude: 22.0
  altitude: 1.0
}

2026-08+00-14 13:59:36 INFO [io.apicurio.tests.serdes.apicurio.KafkaSerdesTester] (ForkJoinPool.commonPool-worker-2) topic-53cf04cc_cc0c_464d_8c2f_b36c6b180630 0 6 header {
  time {
  }
}
d1: 1.786715973168E12
s1: "a"
i1: 123
bi1: 1
point {
  longitude: 22.0
  latitude: 22.0
  altitude: 1.0
}

2026-08+00-14 13:59:36 INFO [io.apicurio.tests.serdes.apicurio.KafkaSerdesTester] (ForkJoinPool.commonPool-worker-2) topic-53cf04cc_cc0c_464d_8c2f_b36c6b180630 0 7 header {
  time {
  }
}
d1: 1.78671597317E12
s1: "a"
i1: 123
bi1: 1
point {
  longitude: 22.0
  latitude: 22.0
  altitude: 1.0
}

2026-08+00-14 13:59:36 INFO [io.apicurio.tests.serdes.apicurio.KafkaSerdesTester] (ForkJoinPool.commonPool-worker-2) topic-53cf04cc_cc0c_464d_8c2f_b36c6b180630 0 8 header {
  time {
  }
}
d1: 1.786715973171E12
s1: "a"
i1: 123
bi1: 1
point {
  longitude: 22.0
  latitude: 22.0
  altitude: 1.0
}

2026-08+00-14 13:59:36 INFO [io.apicurio.tests.serdes.apicurio.KafkaSerdesTester] (ForkJoinPool.commonPool-worker-2) topic-53cf04cc_cc0c_464d_8c2f_b36c6b180630 0 9 header {
  time {
  }
}
d1: 1.786715973173E12
s1: "a"
i1: 123
bi1: 1
point {
  longitude: 22.0
  latitude: 22.0
  altitude: 1.0
}

2026-08+00-14 13:59:36 INFO [io.apicurio.tests.serdes.apicurio.KafkaSerdesTester] (ForkJoinPool.commonPool-worker-2) Consumed 10 messages
2026-08+00-14 13:59:36 INFO [io.apicurio.tests.utils.TestSeparator] (main) io.apicurio.tests.serdes.apicurio.ProtobufSerdeIT.testFindLatestDynamicMessageProtobufType-FINISHED
2026-08+00-14 13:59:36 INFO [io.apicurio.tests.utils.TestSeparator] (main) ############################################################################
Test passed: testFindLatestDynamicMessageProtobufType
]]></system-out>
  </testcase>
  <testcase name="testFindLatestDeriveClassProtobufTypeSimpleTopicIdStrategy" classname="io.apicurio.tests.serdes.apicurio.ProtobufSerdeIT" time="1.05">
    <system-out><![CDATA[2026-08+00-14 13:59:36 INFO [io.apicurio.tests.utils.TestSeparator] (main) ############################################################################
2026-08+00-14 13:59:36 INFO [io.apicurio.tests.utils.TestSeparator] (main) io.apicurio.tests.serdes.apicurio.ProtobufSerdeIT.testFindLatestDeriveClassProtobufTypeSimpleTopicIdStrategy-STARTED
2026-08+00-14 13:59:37 INFO [io.apicurio.tests.utils.TestSeparator] (main) io.apicurio.tests.serdes.apicurio.ProtobufSerdeIT.testFindLatestDeriveClassProtobufTypeSimpleTopicIdStrategy-FINISHED
2026-08+00-14 13:59:37 INFO [io.apicurio.tests.utils.TestSeparator] (main) ############################################################################
Test passed: testFindLatestDeriveClassProtobufTypeSimpleTopicIdStrategy
]]></system-out>
  </testcase>
  <testcase name="testFindLatestAndUseBody" classname="io.apicurio.tests.serdes.apicurio.ProtobufSerdeIT" time="4.937">
    <system-out><![CDATA[2026-08+00-14 13:59:37 INFO [io.apicurio.tests.utils.TestSeparator] (main) ############################################################################
2026-08+00-14 13:59:37 INFO [io.apicurio.tests.utils.TestSeparator] (main) io.apicurio.tests.serdes.apicurio.ProtobufSerdeIT.testFindLatestAndUseBody-STARTED
**** Registry Base URL: http://registry-app-inmemory.apps.ci420.apicurio-testing.org:80
2026-08+00-14 13:59:38 INFO [io.apicurio.tests.serdes.apicurio.SimpleSerdesTesterBuilder$SimpleSerdesTester] (main) Using producer configuration: {apicurio.registry.find-latest=true, apicurio.registry.url=http://registry-app-inmemory.apps.ci420.apicurio-testing.org:80/apis/registry/v3, apicurio.registry.artifact-resolver-strategy=io.apicurio.registry.serde.strategy.TopicIdStrategy, value.serializer=io.apicurio.registry.serde.protobuf.ProtobufKafkaSerializer, request.timeout.ms=5000, acks=all, bootstrap.servers=PLAINTEXT://localhost:32773, connections.max.idle.ms=10000, key.serializer=org.apache.kafka.common.serialization.StringSerializer, client.id=Producer-topic-3bec87a5_d26a_4e9d_87ef_9d1b7c7efde7}
2026-08+00-14 13:59:38 INFO [io.apicurio.tests.serdes.apicurio.SimpleSerdesTesterBuilder$SimpleSerdesTester] (main) Using consumer configuration: {}
2026-08+00-14 13:59:38 INFO [io.apicurio.tests.serdes.apicurio.KafkaSerdesTester] (ForkJoinPool.commonPool-worker-2) Sending message header {
  time {
  }
}
d1: 1.786715978904E12
s1: "a"
i1: 123
bi1: 1
point {
  longitude: 22.0
  latitude: 22.0
  altitude: 1.0
}
 to topic topic-3bec87a5_d26a_4e9d_87ef_9d1b7c7efde7
2026-08+00-14 13:59:39 INFO [io.apicurio.tests.serdes.apicurio.KafkaSerdesTester] (ForkJoinPool.commonPool-worker-2) Sending message header {
  time {
  }
}
d1: 1.786715979144E12
s1: "a"
i1: 123
bi1: 1
point {
  longitude: 22.0
  latitude: 22.0
  altitude: 1.0
}
 to topic topic-3bec87a5_d26a_4e9d_87ef_9d1b7c7efde7
2026-08+00-14 13:59:39 INFO [io.apicurio.tests.serdes.apicurio.KafkaSerdesTester] (ForkJoinPool.commonPool-worker-2) Sending message header {
  time {
  }
}
d1: 1.786715979146E12
s1: "a"
i1: 123
bi1: 1
point {
  longitude: 22.0
  latitude: 22.0
  altitude: 1.0
}
 to topic topic-3bec87a5_d26a_4e9d_87ef_9d1b7c7efde7
2026-08+00-14 13:59:39 INFO [io.apicurio.tests.serdes.apicurio.KafkaSerdesTester] (ForkJoinPool.commonPool-worker-2) Sending message header {
  time {
  }
}
d1: 1.786715979147E12
s1: "a"
i1: 123
bi1: 1
point {
  longitude: 22.0
  latitude: 22.0
  altitude: 1.0
}
 to topic topic-3bec87a5_d26a_4e9d_87ef_9d1b7c7efde7
2026-08+00-14 13:59:39 INFO [io.apicurio.tests.serdes.apicurio.KafkaSerdesTester] (ForkJoinPool.commonPool-worker-2) Sending message header {
  time {
  }
}
d1: 1.786715979149E12
s1: "a"
i1: 123
bi1: 1
point {
  longitude: 22.0
  latitude: 22.0
  altitude: 1.0
}
 to topic topic-3bec87a5_d26a_4e9d_87ef_9d1b7c7efde7
2026-08+00-14 13:59:39 INFO [io.apicurio.tests.serdes.apicurio.KafkaSerdesTester] (ForkJoinPool.commonPool-worker-2) Sending message header {
  time {
  }
}
d1: 1.78671597915E12
s1: "a"
i1: 123
bi1: 1
point {
  longitude: 22.0
  latitude: 22.0
  altitude: 1.0
}
 to topic topic-3bec87a5_d26a_4e9d_87ef_9d1b7c7efde7
2026-08+00-14 13:59:39 INFO [io.apicurio.tests.serdes.apicurio.KafkaSerdesTester] (ForkJoinPool.commonPool-worker-2) Sending message header {
  time {
  }
}
d1: 1.786715979152E12
s1: "a"
i1: 123
bi1: 1
point {
  longitude: 22.0
  latitude: 22.0
  altitude: 1.0
}
 to topic topic-3bec87a5_d26a_4e9d_87ef_9d1b7c7efde7
2026-08+00-14 13:59:39 INFO [io.apicurio.tests.serdes.apicurio.KafkaSerdesTester] (ForkJoinPool.commonPool-worker-2) Sending message header {
  time {
  }
}
d1: 1.786715979153E12
s1: "a"
i1: 123
bi1: 1
point {
  longitude: 22.0
  latitude: 22.0
  altitude: 1.0
}
 to topic topic-3bec87a5_d26a_4e9d_87ef_9d1b7c7efde7
2026-08+00-14 13:59:39 INFO [io.apicurio.tests.serdes.apicurio.KafkaSerdesTester] (ForkJoinPool.commonPool-worker-2) Sending message header {
  time {
  }
}
d1: 1.786715979155E12
s1: "a"
i1: 123
bi1: 1
point {
  longitude: 22.0
  latitude: 22.0
  altitude: 1.0
}
 to topic topic-3bec87a5_d26a_4e9d_87ef_9d1b7c7efde7
2026-08+00-14 13:59:39 INFO [io.apicurio.tests.serdes.apicurio.KafkaSerdesTester] (ForkJoinPool.commonPool-worker-2) Sending message header {
  time {
  }
}
d1: 1.786715979156E12
s1: "a"
i1: 123
bi1: 1
point {
  longitude: 22.0
  latitude: 22.0
  altitude: 1.0
}
 to topic topic-3bec87a5_d26a_4e9d_87ef_9d1b7c7efde7
2026-08+00-14 13:59:39 INFO [io.apicurio.tests.serdes.apicurio.KafkaSerdesTester] (ForkJoinPool.commonPool-worker-2) Produced 10 messages
**** Registry Base URL: http://registry-app-inmemory.apps.ci420.apicurio-testing.org:80
2026-08+00-14 13:59:40 INFO [io.apicurio.tests.serdes.apicurio.KafkaSerdesTester] (ForkJoinPool.commonPool-worker-2) None found
2026-08+00-14 13:59:41 INFO [io.apicurio.tests.serdes.apicurio.KafkaSerdesTester] (ForkJoinPool.commonPool-worker-2) None found
2026-08+00-14 13:59:42 INFO [io.apicurio.tests.serdes.apicurio.KafkaSerdesTester] (ForkJoinPool.commonPool-worker-2) None found
2026-08+00-14 13:59:42 INFO [io.apicurio.tests.serdes.apicurio.KafkaSerdesTester] (ForkJoinPool.commonPool-worker-2) topic-3bec87a5_d26a_4e9d_87ef_9d1b7c7efde7 0 0 header {
  time {
  }
}
d1: 1.786715978904E12
s1: "a"
i1: 123
bi1: 1
point {
  longitude: 22.0
  latitude: 22.0
  altitude: 1.0
}

2026-08+00-14 13:59:42 INFO [io.apicurio.tests.serdes.apicurio.KafkaSerdesTester] (ForkJoinPool.commonPool-worker-2) topic-3bec87a5_d26a_4e9d_87ef_9d1b7c7efde7 0 1 header {
  time {
  }
}
d1: 1.786715979144E12
s1: "a"
i1: 123
bi1: 1
point {
  longitude: 22.0
  latitude: 22.0
  altitude: 1.0
}

2026-08+00-14 13:59:42 INFO [io.apicurio.tests.serdes.apicurio.KafkaSerdesTester] (ForkJoinPool.commonPool-worker-2) topic-3bec87a5_d26a_4e9d_87ef_9d1b7c7efde7 0 2 header {
  time {
  }
}
d1: 1.786715979146E12
s1: "a"
i1: 123
bi1: 1
point {
  longitude: 22.0
  latitude: 22.0
  altitude: 1.0
}

2026-08+00-14 13:59:42 INFO [io.apicurio.tests.serdes.apicurio.KafkaSerdesTester] (ForkJoinPool.commonPool-worker-2) topic-3bec87a5_d26a_4e9d_87ef_9d1b7c7efde7 0 3 header {
  time {
  }
}
d1: 1.786715979147E12
s1: "a"
i1: 123
bi1: 1
point {
  longitude: 22.0
  latitude: 22.0
  altitude: 1.0
}

2026-08+00-14 13:59:42 INFO [io.apicurio.tests.serdes.apicurio.KafkaSerdesTester] (ForkJoinPool.commonPool-worker-2) topic-3bec87a5_d26a_4e9d_87ef_9d1b7c7efde7 0 4 header {
  time {
  }
}
d1: 1.786715979149E12
s1: "a"
i1: 123
bi1: 1
point {
  longitude: 22.0
  latitude: 22.0
  altitude: 1.0
}

2026-08+00-14 13:59:42 INFO [io.apicurio.tests.serdes.apicurio.KafkaSerdesTester] (ForkJoinPool.commonPool-worker-2) topic-3bec87a5_d26a_4e9d_87ef_9d1b7c7efde7 0 5 header {
  time {
  }
}
d1: 1.78671597915E12
s1: "a"
i1: 123
bi1: 1
point {
  longitude: 22.0
  latitude: 22.0
  altitude: 1.0
}

2026-08+00-14 13:59:42 INFO [io.apicurio.tests.serdes.apicurio.KafkaSerdesTester] (ForkJoinPool.commonPool-worker-2) topic-3bec87a5_d26a_4e9d_87ef_9d1b7c7efde7 0 6 header {
  time {
  }
}
d1: 1.786715979152E12
s1: "a"
i1: 123
bi1: 1
point {
  longitude: 22.0
  latitude: 22.0
  altitude: 1.0
}

2026-08+00-14 13:59:42 INFO [io.apicurio.tests.serdes.apicurio.KafkaSerdesTester] (ForkJoinPool.commonPool-worker-2) topic-3bec87a5_d26a_4e9d_87ef_9d1b7c7efde7 0 7 header {
  time {
  }
}
d1: 1.786715979153E12
s1: "a"
i1: 123
bi1: 1
point {
  longitude: 22.0
  latitude: 22.0
  altitude: 1.0
}

2026-08+00-14 13:59:42 INFO [io.apicurio.tests.serdes.apicurio.KafkaSerdesTester] (ForkJoinPool.commonPool-worker-2) topic-3bec87a5_d26a_4e9d_87ef_9d1b7c7efde7 0 8 header {
  time {
  }
}
d1: 1.786715979155E12
s1: "a"
i1: 123
bi1: 1
point {
  longitude: 22.0
  latitude: 22.0
  altitude: 1.0
}

2026-08+00-14 13:59:42 INFO [io.apicurio.tests.serdes.apicurio.KafkaSerdesTester] (ForkJoinPool.commonPool-worker-2) topic-3bec87a5_d26a_4e9d_87ef_9d1b7c7efde7 0 9 header {
  time {
  }
}
d1: 1.786715979156E12
s1: "a"
i1: 123
bi1: 1
point {
  longitude: 22.0
  latitude: 22.0
  altitude: 1.0
}

2026-08+00-14 13:59:42 INFO [io.apicurio.tests.serdes.apicurio.KafkaSerdesTester] (ForkJoinPool.commonPool-worker-2) Consumed 10 messages
2026-08+00-14 13:59:42 INFO [io.apicurio.tests.utils.TestSeparator] (main) io.apicurio.tests.serdes.apicurio.ProtobufSerdeIT.testFindLatestAndUseBody-FINISHED
2026-08+00-14 13:59:42 INFO [io.apicurio.tests.utils.TestSeparator] (main) ############################################################################
Test passed: testFindLatestAndUseBody
]]></system-out>
  </testcase>
  <testcase name="testConsumeDynamicMessage" classname="io.apicurio.tests.serdes.apicurio.ProtobufSerdeIT" time="1.053">
    <system-out><![CDATA[2026-08+00-14 13:59:42 INFO [io.apicurio.tests.utils.TestSeparator] (main) ############################################################################
2026-08+00-14 13:59:42 INFO [io.apicurio.tests.utils.TestSeparator] (main) io.apicurio.tests.serdes.apicurio.ProtobufSerdeIT.testConsumeDynamicMessage-STARTED
2026-08+00-14 13:59:43 INFO [io.apicurio.tests.utils.TestSeparator] (main) io.apicurio.tests.serdes.apicurio.ProtobufSerdeIT.testConsumeDynamicMessage-FINISHED
2026-08+00-14 13:59:43 INFO [io.apicurio.tests.utils.TestSeparator] (main) ############################################################################
Test passed: testConsumeDynamicMessage
]]></system-out>
  </testcase>
  <testcase name="testAutoRegisterDynamicMessageProtobufType" classname="io.apicurio.tests.serdes.apicurio.ProtobufSerdeIT" time="3.943">
    <system-out><![CDATA[2026-08+00-14 13:59:43 INFO [io.apicurio.tests.utils.TestSeparator] (main) ############################################################################
2026-08+00-14 13:59:43 INFO [io.apicurio.tests.utils.TestSeparator] (main) io.apicurio.tests.serdes.apicurio.ProtobufSerdeIT.testAutoRegisterDynamicMessageProtobufType-STARTED
**** Registry Base URL: http://registry-app-inmemory.apps.ci420.apicurio-testing.org:80
2026-08+00-14 13:59:43 INFO [io.apicurio.tests.serdes.apicurio.SimpleSerdesTesterBuilder$SimpleSerdesTester] (main) Using producer configuration: {apicurio.registry.url=http://registry-app-inmemory.apps.ci420.apicurio-testing.org:80/apis/registry/v3, apicurio.registry.auto-register=true, apicurio.registry.artifact-resolver-strategy=io.apicurio.registry.serde.strategy.TopicIdStrategy, value.serializer=io.apicurio.registry.serde.protobuf.ProtobufKafkaSerializer, request.timeout.ms=5000, acks=all, bootstrap.servers=PLAINTEXT://localhost:32773, connections.max.idle.ms=10000, key.serializer=org.apache.kafka.common.serialization.StringSerializer, client.id=Producer-topic-4bac59d3_2578_490b_81ca_e9bca2595435}
2026-08+00-14 13:59:43 INFO [io.apicurio.tests.serdes.apicurio.SimpleSerdesTesterBuilder$SimpleSerdesTester] (main) Using consumer configuration: {apicurio.registry.deserializer.value.return-class=com.google.protobuf.DynamicMessage}
2026-08+00-14 13:59:43 INFO [io.apicurio.tests.serdes.apicurio.KafkaSerdesTester] (ForkJoinPool.commonPool-worker-2) Sending message header {
  time {
  }
}
d1: 1.786715983824E12
s1: "a"
i1: 123
bi1: 1
point {
  longitude: 22.0
  latitude: 22.0
  altitude: 1.0
}
 to topic topic-4bac59d3_2578_490b_81ca_e9bca2595435
2026-08+00-14 13:59:43 WARN [org.apache.kafka.clients.NetworkClient$DefaultMetadataUpdater] (kafka-producer-network-thread | Producer-topic-4bac59d3_2578_490b_81ca_e9bca2595435) [Producer clientId=Producer-topic-4bac59d3_2578_490b_81ca_e9bca2595435] The metadata response from the cluster reported a recoverable issue with correlation id 1 : {topic-4bac59d3_2578_490b_81ca_e9bca2595435=UNKNOWN_TOPIC_OR_PARTITION}
2026-08+00-14 13:59:44 INFO [io.apicurio.tests.serdes.apicurio.KafkaSerdesTester] (ForkJoinPool.commonPool-worker-2) Sending message header {
  time {
  }
}
d1: 1.786715984026E12
s1: "a"
i1: 123
bi1: 1
point {
  longitude: 22.0
  latitude: 22.0
  altitude: 1.0
}
 to topic topic-4bac59d3_2578_490b_81ca_e9bca2595435
2026-08+00-14 13:59:44 INFO [io.apicurio.tests.serdes.apicurio.KafkaSerdesTester] (ForkJoinPool.commonPool-worker-2) Sending message header {
  time {
  }
}
d1: 1.786715984028E12
s1: "a"
i1: 123
bi1: 1
point {
  longitude: 22.0
  latitude: 22.0
  altitude: 1.0
}
 to topic topic-4bac59d3_2578_490b_81ca_e9bca2595435
2026-08+00-14 13:59:44 INFO [io.apicurio.tests.serdes.apicurio.KafkaSerdesTester] (ForkJoinPool.commonPool-worker-2) Sending message header {
  time {
  }
}
d1: 1.786715984029E12
s1: "a"
i1: 123
bi1: 1
point {
  longitude: 22.0
  latitude: 22.0
  altitude: 1.0
}
 to topic topic-4bac59d3_2578_490b_81ca_e9bca2595435
2026-08+00-14 13:59:44 INFO [io.apicurio.tests.serdes.apicurio.KafkaSerdesTester] (ForkJoinPool.commonPool-worker-2) Sending message header {
  time {
  }
}
d1: 1.78671598403E12
s1: "a"
i1: 123
bi1: 1
point {
  longitude: 22.0
  latitude: 22.0
  altitude: 1.0
}
 to topic topic-4bac59d3_2578_490b_81ca_e9bca2595435
2026-08+00-14 13:59:44 INFO [io.apicurio.tests.serdes.apicurio.KafkaSerdesTester] (ForkJoinPool.commonPool-worker-2) Sending message header {
  time {
  }
}
d1: 1.786715984032E12
s1: "a"
i1: 123
bi1: 1
point {
  longitude: 22.0
  latitude: 22.0
  altitude: 1.0
}
 to topic topic-4bac59d3_2578_490b_81ca_e9bca2595435
2026-08+00-14 13:59:44 INFO [io.apicurio.tests.serdes.apicurio.KafkaSerdesTester] (ForkJoinPool.commonPool-worker-2) Sending message header {
  time {
  }
}
d1: 1.786715984034E12
s1: "a"
i1: 123
bi1: 1
point {
  longitude: 22.0
  latitude: 22.0
  altitude: 1.0
}
 to topic topic-4bac59d3_2578_490b_81ca_e9bca2595435
2026-08+00-14 13:59:44 INFO [io.apicurio.tests.serdes.apicurio.KafkaSerdesTester] (ForkJoinPool.commonPool-worker-2) Sending message header {
  time {
  }
}
d1: 1.786715984037E12
s1: "a"
i1: 123
bi1: 1
point {
  longitude: 22.0
  latitude: 22.0
  altitude: 1.0
}
 to topic topic-4bac59d3_2578_490b_81ca_e9bca2595435
2026-08+00-14 13:59:44 INFO [io.apicurio.tests.serdes.apicurio.KafkaSerdesTester] (ForkJoinPool.commonPool-worker-2) Sending message header {
  time {
  }
}
d1: 1.786715984038E12
s1: "a"
i1: 123
bi1: 1
point {
  longitude: 22.0
  latitude: 22.0
  altitude: 1.0
}
 to topic topic-4bac59d3_2578_490b_81ca_e9bca2595435
2026-08+00-14 13:59:44 INFO [io.apicurio.tests.serdes.apicurio.KafkaSerdesTester] (ForkJoinPool.commonPool-worker-2) Sending message header {
  time {
  }
}
d1: 1.786715984039E12
s1: "a"
i1: 123
bi1: 1
point {
  longitude: 22.0
  latitude: 22.0
  altitude: 1.0
}
 to topic topic-4bac59d3_2578_490b_81ca_e9bca2595435
2026-08+00-14 13:59:44 INFO [io.apicurio.tests.serdes.apicurio.KafkaSerdesTester] (ForkJoinPool.commonPool-worker-2) Produced 10 messages
**** Registry Base URL: http://registry-app-inmemory.apps.ci420.apicurio-testing.org:80
2026-08+00-14 13:59:45 INFO [io.apicurio.tests.serdes.apicurio.KafkaSerdesTester] (ForkJoinPool.commonPool-worker-2) None found
2026-08+00-14 13:59:46 INFO [io.apicurio.tests.serdes.apicurio.KafkaSerdesTester] (ForkJoinPool.commonPool-worker-2) None found
2026-08+00-14 13:59:47 INFO [io.apicurio.tests.serdes.apicurio.KafkaSerdesTester] (ForkJoinPool.commonPool-worker-2) None found
2026-08+00-14 13:59:47 INFO [io.apicurio.tests.serdes.apicurio.KafkaSerdesTester] (ForkJoinPool.commonPool-worker-2) topic-4bac59d3_2578_490b_81ca_e9bca2595435 0 0 header {
  time {
  }
}
d1: 1.786715983824E12
s1: "a"
i1: 123
bi1: 1
point {
  longitude: 22.0
  latitude: 22.0
  altitude: 1.0
}

2026-08+00-14 13:59:47 INFO [io.apicurio.tests.serdes.apicurio.KafkaSerdesTester] (ForkJoinPool.commonPool-worker-2) topic-4bac59d3_2578_490b_81ca_e9bca2595435 0 1 header {
  time {
  }
}
d1: 1.786715984026E12
s1: "a"
i1: 123
bi1: 1
point {
  longitude: 22.0
  latitude: 22.0
  altitude: 1.0
}

2026-08+00-14 13:59:47 INFO [io.apicurio.tests.serdes.apicurio.KafkaSerdesTester] (ForkJoinPool.commonPool-worker-2) topic-4bac59d3_2578_490b_81ca_e9bca2595435 0 2 header {
  time {
  }
}
d1: 1.786715984028E12
s1: "a"
i1: 123
bi1: 1
point {
  longitude: 22.0
  latitude: 22.0
  altitude: 1.0
}

2026-08+00-14 13:59:47 INFO [io.apicurio.tests.serdes.apicurio.KafkaSerdesTester] (ForkJoinPool.commonPool-worker-2) topic-4bac59d3_2578_490b_81ca_e9bca2595435 0 3 header {
  time {
  }
}
d1: 1.786715984029E12
s1: "a"
i1: 123
bi1: 1
point {
  longitude: 22.0
  latitude: 22.0
  altitude: 1.0
}

2026-08+00-14 13:59:47 INFO [io.apicurio.tests.serdes.apicurio.KafkaSerdesTester] (ForkJoinPool.commonPool-worker-2) topic-4bac59d3_2578_490b_81ca_e9bca2595435 0 4 header {
  time {
  }
}
d1: 1.78671598403E12
s1: "a"
i1: 123
bi1: 1
point {
  longitude: 22.0
  latitude: 22.0
  altitude: 1.0
}

2026-08+00-14 13:59:47 INFO [io.apicurio.tests.serdes.apicurio.KafkaSerdesTester] (ForkJoinPool.commonPool-worker-2) topic-4bac59d3_2578_490b_81ca_e9bca2595435 0 5 header {
  time {
  }
}
d1: 1.786715984032E12
s1: "a"
i1: 123
bi1: 1
point {
  longitude: 22.0
  latitude: 22.0
  altitude: 1.0
}

2026-08+00-14 13:59:47 INFO [io.apicurio.tests.serdes.apicurio.KafkaSerdesTester] (ForkJoinPool.commonPool-worker-2) topic-4bac59d3_2578_490b_81ca_e9bca2595435 0 6 header {
  time {
  }
}
d1: 1.786715984034E12
s1: "a"
i1: 123
bi1: 1
point {
  longitude: 22.0
  latitude: 22.0
  altitude: 1.0
}

2026-08+00-14 13:59:47 INFO [io.apicurio.tests.serdes.apicurio.KafkaSerdesTester] (ForkJoinPool.commonPool-worker-2) topic-4bac59d3_2578_490b_81ca_e9bca2595435 0 7 header {
  time {
  }
}
d1: 1.786715984037E12
s1: "a"
i1: 123
bi1: 1
point {
  longitude: 22.0
  latitude: 22.0
  altitude: 1.0
}

2026-08+00-14 13:59:47 INFO [io.apicurio.tests.serdes.apicurio.KafkaSerdesTester] (ForkJoinPool.commonPool-worker-2) topic-4bac59d3_2578_490b_81ca_e9bca2595435 0 8 header {
  time {
  }
}
d1: 1.786715984038E12
s1: "a"
i1: 123
bi1: 1
point {
  longitude: 22.0
  latitude: 22.0
  altitude: 1.0
}

2026-08+00-14 13:59:47 INFO [io.apicurio.tests.serdes.apicurio.KafkaSerdesTester] (ForkJoinPool.commonPool-worker-2) topic-4bac59d3_2578_490b_81ca_e9bca2595435 0 9 header {
  time {
  }
}
d1: 1.786715984039E12
s1: "a"
i1: 123
bi1: 1
point {
  longitude: 22.0
  latitude: 22.0
  altitude: 1.0
}

2026-08+00-14 13:59:47 INFO [io.apicurio.tests.serdes.apicurio.KafkaSerdesTester] (ForkJoinPool.commonPool-worker-2) Consumed 10 messages
2026-08+00-14 13:59:47 INFO [io.apicurio.tests.utils.TestSeparator] (main) io.apicurio.tests.serdes.apicurio.ProtobufSerdeIT.testAutoRegisterDynamicMessageProtobufType-FINISHED
2026-08+00-14 13:59:47 INFO [io.apicurio.tests.utils.TestSeparator] (main) ############################################################################
Test passed: testAutoRegisterDynamicMessageProtobufType
]]></system-out>
  </testcase>
</testsuite>