<?xml version="1.0" encoding="UTF-8"?>
<testsuite xmlns:xsi="http://www.w3.org/2001/XMLSchema-instance" xsi:noNamespaceSchemaLocation="https://maven.apache.org/surefire/maven-failsafe-plugin/xsd/failsafe-test-report.xsd" version="3.0.2" name="io.apicurio.tests.serdes.apicurio.AvroSerdeIT" time="100.959" tests="21" errors="0" skipped="2" failures="0">
  <properties>
[...]
</properties>
  <testcase name="testGlobalIdInHeaders" classname="io.apicurio.tests.serdes.apicurio.AvroSerdeIT" time="5.34">
    <system-out><![CDATA[**** Registry Base URL: http://registry-app-inmemory.apps.ci420.apicurio-testing.org:80
**** Registry Base URL: http://registry-app-inmemory.apps.ci420.apicurio-testing.org:80
2026-08+00-14 13:56:35 INFO [io.apicurio.tests.ApicurioRegistryBaseIT] (main) RestAssured configured with http://registry-app-inmemory.apps.ci420.apicurio-testing.org:80/apis/registry/v3
2026-08+00-14 13:56:35 INFO [io.apicurio.tests.utils.KafkaFacade] (main) Starting kafka container
2026-08+00-14 13:56:49 INFO [io.apicurio.tests.utils.TestSeparator] (main) ############################################################################
2026-08+00-14 13:56:49 INFO [io.apicurio.tests.utils.TestSeparator] (main) io.apicurio.tests.serdes.apicurio.AvroSerdeIT.testGlobalIdInHeaders-STARTED
**** Registry Base URL: http://registry-app-inmemory.apps.ci420.apicurio-testing.org:80
2026-08+00-14 13:56:50 INFO [io.apicurio.tests.serdes.apicurio.SimpleSerdesTesterBuilder$SimpleSerdesTester] (main) Using producer configuration: {apicurio.registry.url=http://registry-app-inmemory.apps.ci420.apicurio-testing.org:80/apis/registry/v3, apicurio.registry.auto-register=true, apicurio.registry.use-id=globalId, apicurio.registry.artifact-resolver-strategy=io.apicurio.registry.serde.strategy.TopicIdStrategy, value.serializer=io.apicurio.registry.serde.avro.AvroKafkaSerializer, request.timeout.ms=5000, acks=all, bootstrap.servers=PLAINTEXT://localhost:32769, connections.max.idle.ms=10000, key.serializer=org.apache.kafka.common.serialization.StringSerializer, client.id=Producer-topic-518b4d03_847f_48f5_a7fc_bb915539dafa}
2026-08+00-14 13:56:50 INFO [io.apicurio.tests.serdes.apicurio.SimpleSerdesTesterBuilder$SimpleSerdesTester] (main) Using consumer configuration: {apicurio.registry.use-id=globalId}
2026-08+00-14 13:56:50 INFO [io.apicurio.tests.serdes.apicurio.KafkaSerdesTester] (ForkJoinPool.commonPool-worker-2) Sending message {"key11786715810384": "value-0"} to topic topic-518b4d03_847f_48f5_a7fc_bb915539dafa
2026-08+00-14 13:56:50 WARN [org.apache.kafka.clients.NetworkClient$DefaultMetadataUpdater] (kafka-producer-network-thread | Producer-topic-518b4d03_847f_48f5_a7fc_bb915539dafa) [Producer clientId=Producer-topic-518b4d03_847f_48f5_a7fc_bb915539dafa] The metadata response from the cluster reported a recoverable issue with correlation id 1 : {topic-518b4d03_847f_48f5_a7fc_bb915539dafa=UNKNOWN_TOPIC_OR_PARTITION}
2026-08+00-14 13:56:50 INFO [io.apicurio.tests.serdes.apicurio.KafkaSerdesTester] (ForkJoinPool.commonPool-worker-2) Sending message {"key11786715810384": "value-1"} to topic topic-518b4d03_847f_48f5_a7fc_bb915539dafa
2026-08+00-14 13:56:50 INFO [io.apicurio.tests.serdes.apicurio.KafkaSerdesTester] (ForkJoinPool.commonPool-worker-2) Sending message {"key11786715810384": "value-2"} to topic topic-518b4d03_847f_48f5_a7fc_bb915539dafa
2026-08+00-14 13:56:50 INFO [io.apicurio.tests.serdes.apicurio.KafkaSerdesTester] (ForkJoinPool.commonPool-worker-2) Sending message {"key11786715810384": "value-3"} to topic topic-518b4d03_847f_48f5_a7fc_bb915539dafa
2026-08+00-14 13:56:50 INFO [io.apicurio.tests.serdes.apicurio.KafkaSerdesTester] (ForkJoinPool.commonPool-worker-2) Sending message {"key11786715810384": "value-4"} to topic topic-518b4d03_847f_48f5_a7fc_bb915539dafa
2026-08+00-14 13:56:50 INFO [io.apicurio.tests.serdes.apicurio.KafkaSerdesTester] (ForkJoinPool.commonPool-worker-2) Sending message {"key11786715810384": "value-5"} to topic topic-518b4d03_847f_48f5_a7fc_bb915539dafa
2026-08+00-14 13:56:50 INFO [io.apicurio.tests.serdes.apicurio.KafkaSerdesTester] (ForkJoinPool.commonPool-worker-2) Sending message {"key11786715810384": "value-6"} to topic topic-518b4d03_847f_48f5_a7fc_bb915539dafa
2026-08+00-14 13:56:50 INFO [io.apicurio.tests.serdes.apicurio.KafkaSerdesTester] (ForkJoinPool.commonPool-worker-2) Sending message {"key11786715810384": "value-7"} to topic topic-518b4d03_847f_48f5_a7fc_bb915539dafa
2026-08+00-14 13:56:50 INFO [io.apicurio.tests.serdes.apicurio.KafkaSerdesTester] (ForkJoinPool.commonPool-worker-2) Sending message {"key11786715810384": "value-8"} to topic topic-518b4d03_847f_48f5_a7fc_bb915539dafa
2026-08+00-14 13:56:50 INFO [io.apicurio.tests.serdes.apicurio.KafkaSerdesTester] (ForkJoinPool.commonPool-worker-2) Sending message {"key11786715810384": "value-9"} to topic topic-518b4d03_847f_48f5_a7fc_bb915539dafa
2026-08+00-14 13:56:50 INFO [io.apicurio.tests.serdes.apicurio.KafkaSerdesTester] (ForkJoinPool.commonPool-worker-2) Produced 10 messages
**** Registry Base URL: http://registry-app-inmemory.apps.ci420.apicurio-testing.org:80
2026-08+00-14 13:56:52 INFO [io.apicurio.tests.serdes.apicurio.KafkaSerdesTester] (ForkJoinPool.commonPool-worker-2) None found
2026-08+00-14 13:56:53 INFO [io.apicurio.tests.serdes.apicurio.KafkaSerdesTester] (ForkJoinPool.commonPool-worker-2) None found
2026-08+00-14 13:56:54 INFO [io.apicurio.tests.serdes.apicurio.KafkaSerdesTester] (ForkJoinPool.commonPool-worker-2) None found
2026-08+00-14 13:56:54 INFO [io.apicurio.tests.serdes.apicurio.KafkaSerdesTester] (ForkJoinPool.commonPool-worker-2) topic-518b4d03_847f_48f5_a7fc_bb915539dafa 0 0 {"key11786715810384": "value-0"}
2026-08+00-14 13:56:54 INFO [io.apicurio.tests.serdes.apicurio.KafkaSerdesTester] (ForkJoinPool.commonPool-worker-2) topic-518b4d03_847f_48f5_a7fc_bb915539dafa 0 1 {"key11786715810384": "value-1"}
2026-08+00-14 13:56:54 INFO [io.apicurio.tests.serdes.apicurio.KafkaSerdesTester] (ForkJoinPool.commonPool-worker-2) topic-518b4d03_847f_48f5_a7fc_bb915539dafa 0 2 {"key11786715810384": "value-2"}
2026-08+00-14 13:56:54 INFO [io.apicurio.tests.serdes.apicurio.KafkaSerdesTester] (ForkJoinPool.commonPool-worker-2) topic-518b4d03_847f_48f5_a7fc_bb915539dafa 0 3 {"key11786715810384": "value-3"}
2026-08+00-14 13:56:54 INFO [io.apicurio.tests.serdes.apicurio.KafkaSerdesTester] (ForkJoinPool.commonPool-worker-2) topic-518b4d03_847f_48f5_a7fc_bb915539dafa 0 4 {"key11786715810384": "value-4"}
2026-08+00-14 13:56:54 INFO [io.apicurio.tests.serdes.apicurio.KafkaSerdesTester] (ForkJoinPool.commonPool-worker-2) topic-518b4d03_847f_48f5_a7fc_bb915539dafa 0 5 {"key11786715810384": "value-5"}
2026-08+00-14 13:56:54 INFO [io.apicurio.tests.serdes.apicurio.KafkaSerdesTester] (ForkJoinPool.commonPool-worker-2) topic-518b4d03_847f_48f5_a7fc_bb915539dafa 0 6 {"key11786715810384": "value-6"}
2026-08+00-14 13:56:54 INFO [io.apicurio.tests.serdes.apicurio.KafkaSerdesTester] (ForkJoinPool.commonPool-worker-2) topic-518b4d03_847f_48f5_a7fc_bb915539dafa 0 7 {"key11786715810384": "value-7"}
2026-08+00-14 13:56:54 INFO [io.apicurio.tests.serdes.apicurio.KafkaSerdesTester] (ForkJoinPool.commonPool-worker-2) topic-518b4d03_847f_48f5_a7fc_bb915539dafa 0 8 {"key11786715810384": "value-8"}
2026-08+00-14 13:56:54 INFO [io.apicurio.tests.serdes.apicurio.KafkaSerdesTester] (ForkJoinPool.commonPool-worker-2) topic-518b4d03_847f_48f5_a7fc_bb915539dafa 0 9 {"key11786715810384": "value-9"}
2026-08+00-14 13:56:54 INFO [io.apicurio.tests.serdes.apicurio.KafkaSerdesTester] (ForkJoinPool.commonPool-worker-2) Consumed 10 messages
2026-08+00-14 13:56:55 INFO [io.apicurio.tests.utils.TestSeparator] (main) io.apicurio.tests.serdes.apicurio.AvroSerdeIT.testGlobalIdInHeaders-FINISHED
2026-08+00-14 13:56:55 INFO [io.apicurio.tests.utils.TestSeparator] (main) ############################################################################
Test passed: testGlobalIdInHeaders
]]></system-out>
  </testcase>
  <testcase name="testSimpleTopicIdStrategyFindLatest" classname="io.apicurio.tests.serdes.apicurio.AvroSerdeIT" time="4.868">
    <system-out><![CDATA[2026-08+00-14 13:56:55 INFO [io.apicurio.tests.utils.TestSeparator] (main) ############################################################################
2026-08+00-14 13:56:55 INFO [io.apicurio.tests.utils.TestSeparator] (main) io.apicurio.tests.serdes.apicurio.AvroSerdeIT.testSimpleTopicIdStrategyFindLatest-STARTED
2026-08+00-14 13:56:55 INFO [io.apicurio.tests.serdes.apicurio.AvroSerdeIT] (main) Registering Avro Schema: {"type":"record","name":"myrecordapicurio1","fields":[{"name":"key11786715815318","type":"string"}]}
**** Registry Base URL: http://registry-app-inmemory.apps.ci420.apicurio-testing.org:80
2026-08+00-14 13:56:56 INFO [io.apicurio.tests.serdes.apicurio.SimpleSerdesTesterBuilder$SimpleSerdesTester] (main) Using producer configuration: {apicurio.registry.find-latest=true, apicurio.registry.artifact.group-id=topic-145ee42b_b8b2_4152_a1d3_94968f5d0cbb, apicurio.registry.url=http://registry-app-inmemory.apps.ci420.apicurio-testing.org:80/apis/registry/v3, apicurio.registry.artifact-resolver-strategy=io.apicurio.registry.serde.strategy.SimpleTopicIdStrategy, value.serializer=io.apicurio.registry.serde.avro.AvroKafkaSerializer, request.timeout.ms=5000, acks=all, bootstrap.servers=PLAINTEXT://localhost:32769, connections.max.idle.ms=10000, key.serializer=org.apache.kafka.common.serialization.StringSerializer, client.id=Producer-topic-145ee42b_b8b2_4152_a1d3_94968f5d0cbb}
2026-08+00-14 13:56:56 INFO [io.apicurio.tests.serdes.apicurio.SimpleSerdesTesterBuilder$SimpleSerdesTester] (main) Using consumer configuration: {}
2026-08+00-14 13:56:56 INFO [io.apicurio.tests.serdes.apicurio.KafkaSerdesTester] (ForkJoinPool.commonPool-worker-2) Sending message {"key11786715815318": "value-0"} to topic topic-145ee42b_b8b2_4152_a1d3_94968f5d0cbb
2026-08+00-14 13:56:56 INFO [io.apicurio.tests.serdes.apicurio.KafkaSerdesTester] (ForkJoinPool.commonPool-worker-2) Sending message {"key11786715815318": "value-1"} to topic topic-145ee42b_b8b2_4152_a1d3_94968f5d0cbb
2026-08+00-14 13:56:56 INFO [io.apicurio.tests.serdes.apicurio.KafkaSerdesTester] (ForkJoinPool.commonPool-worker-2) Sending message {"key11786715815318": "value-2"} to topic topic-145ee42b_b8b2_4152_a1d3_94968f5d0cbb
2026-08+00-14 13:56:56 INFO [io.apicurio.tests.serdes.apicurio.KafkaSerdesTester] (ForkJoinPool.commonPool-worker-2) Sending message {"key11786715815318": "value-3"} to topic topic-145ee42b_b8b2_4152_a1d3_94968f5d0cbb
2026-08+00-14 13:56:56 INFO [io.apicurio.tests.serdes.apicurio.KafkaSerdesTester] (ForkJoinPool.commonPool-worker-2) Sending message {"key11786715815318": "value-4"} to topic topic-145ee42b_b8b2_4152_a1d3_94968f5d0cbb
2026-08+00-14 13:56:56 INFO [io.apicurio.tests.serdes.apicurio.KafkaSerdesTester] (ForkJoinPool.commonPool-worker-2) Sending message {"key11786715815318": "value-5"} to topic topic-145ee42b_b8b2_4152_a1d3_94968f5d0cbb
2026-08+00-14 13:56:56 INFO [io.apicurio.tests.serdes.apicurio.KafkaSerdesTester] (ForkJoinPool.commonPool-worker-2) Sending message {"key11786715815318": "value-6"} to topic topic-145ee42b_b8b2_4152_a1d3_94968f5d0cbb
2026-08+00-14 13:56:56 INFO [io.apicurio.tests.serdes.apicurio.KafkaSerdesTester] (ForkJoinPool.commonPool-worker-2) Sending message {"key11786715815318": "value-7"} to topic topic-145ee42b_b8b2_4152_a1d3_94968f5d0cbb
2026-08+00-14 13:56:56 INFO [io.apicurio.tests.serdes.apicurio.KafkaSerdesTester] (ForkJoinPool.commonPool-worker-2) Sending message {"key11786715815318": "value-8"} to topic topic-145ee42b_b8b2_4152_a1d3_94968f5d0cbb
2026-08+00-14 13:56:56 INFO [io.apicurio.tests.serdes.apicurio.KafkaSerdesTester] (ForkJoinPool.commonPool-worker-2) Sending message {"key11786715815318": "value-9"} to topic topic-145ee42b_b8b2_4152_a1d3_94968f5d0cbb
2026-08+00-14 13:56:56 INFO [io.apicurio.tests.serdes.apicurio.KafkaSerdesTester] (ForkJoinPool.commonPool-worker-2) Produced 10 messages
**** Registry Base URL: http://registry-app-inmemory.apps.ci420.apicurio-testing.org:80
2026-08+00-14 13:56:57 INFO [io.apicurio.tests.serdes.apicurio.KafkaSerdesTester] (ForkJoinPool.commonPool-worker-2) None found
2026-08+00-14 13:56:58 INFO [io.apicurio.tests.serdes.apicurio.KafkaSerdesTester] (ForkJoinPool.commonPool-worker-2) None found
2026-08+00-14 13:56:59 INFO [io.apicurio.tests.serdes.apicurio.KafkaSerdesTester] (ForkJoinPool.commonPool-worker-2) None found
2026-08+00-14 13:56:59 INFO [io.apicurio.tests.serdes.apicurio.KafkaSerdesTester] (ForkJoinPool.commonPool-worker-2) topic-145ee42b_b8b2_4152_a1d3_94968f5d0cbb 0 0 {"key11786715815318": "value-0"}
2026-08+00-14 13:56:59 INFO [io.apicurio.tests.serdes.apicurio.KafkaSerdesTester] (ForkJoinPool.commonPool-worker-2) topic-145ee42b_b8b2_4152_a1d3_94968f5d0cbb 0 1 {"key11786715815318": "value-1"}
2026-08+00-14 13:56:59 INFO [io.apicurio.tests.serdes.apicurio.KafkaSerdesTester] (ForkJoinPool.commonPool-worker-2) topic-145ee42b_b8b2_4152_a1d3_94968f5d0cbb 0 2 {"key11786715815318": "value-2"}
2026-08+00-14 13:56:59 INFO [io.apicurio.tests.serdes.apicurio.KafkaSerdesTester] (ForkJoinPool.commonPool-worker-2) topic-145ee42b_b8b2_4152_a1d3_94968f5d0cbb 0 3 {"key11786715815318": "value-3"}
2026-08+00-14 13:56:59 INFO [io.apicurio.tests.serdes.apicurio.KafkaSerdesTester] (ForkJoinPool.commonPool-worker-2) topic-145ee42b_b8b2_4152_a1d3_94968f5d0cbb 0 4 {"key11786715815318": "value-4"}
2026-08+00-14 13:56:59 INFO [io.apicurio.tests.serdes.apicurio.KafkaSerdesTester] (ForkJoinPool.commonPool-worker-2) topic-145ee42b_b8b2_4152_a1d3_94968f5d0cbb 0 5 {"key11786715815318": "value-5"}
2026-08+00-14 13:56:59 INFO [io.apicurio.tests.serdes.apicurio.KafkaSerdesTester] (ForkJoinPool.commonPool-worker-2) topic-145ee42b_b8b2_4152_a1d3_94968f5d0cbb 0 6 {"key11786715815318": "value-6"}
2026-08+00-14 13:56:59 INFO [io.apicurio.tests.serdes.apicurio.KafkaSerdesTester] (ForkJoinPool.commonPool-worker-2) topic-145ee42b_b8b2_4152_a1d3_94968f5d0cbb 0 7 {"key11786715815318": "value-7"}
2026-08+00-14 13:56:59 INFO [io.apicurio.tests.serdes.apicurio.KafkaSerdesTester] (ForkJoinPool.commonPool-worker-2) topic-145ee42b_b8b2_4152_a1d3_94968f5d0cbb 0 8 {"key11786715815318": "value-8"}
2026-08+00-14 13:56:59 INFO [io.apicurio.tests.serdes.apicurio.KafkaSerdesTester] (ForkJoinPool.commonPool-worker-2) topic-145ee42b_b8b2_4152_a1d3_94968f5d0cbb 0 9 {"key11786715815318": "value-9"}
2026-08+00-14 13:56:59 INFO [io.apicurio.tests.serdes.apicurio.KafkaSerdesTester] (ForkJoinPool.commonPool-worker-2) Consumed 10 messages
2026-08+00-14 13:57:00 INFO [io.apicurio.tests.utils.TestSeparator] (main) io.apicurio.tests.serdes.apicurio.AvroSerdeIT.testSimpleTopicIdStrategyFindLatest-FINISHED
2026-08+00-14 13:57:00 INFO [io.apicurio.tests.utils.TestSeparator] (main) ############################################################################
Test passed: testSimpleTopicIdStrategyFindLatest
]]></system-out>
  </testcase>
  <testcase name="testWrongSchema" classname="io.apicurio.tests.serdes.apicurio.AvroSerdeIT" time="1.152">
    <system-out><![CDATA[2026-08+00-14 13:57:00 INFO [io.apicurio.tests.utils.TestSeparator] (main) ############################################################################
2026-08+00-14 13:57:00 INFO [io.apicurio.tests.utils.TestSeparator] (main) io.apicurio.tests.serdes.apicurio.AvroSerdeIT.testWrongSchema-STARTED
**** Registry Base URL: http://registry-app-inmemory.apps.ci420.apicurio-testing.org:80
2026-08+00-14 13:57:01 INFO [io.apicurio.tests.serdes.apicurio.KafkaSerdesTester] (ForkJoinPool.commonPool-worker-2) Sending message {"keyB": "value-0"} to topic s07ed79eax6aa1x4b62x8a80x0b739e9ad5f7
2026-08+00-14 13:57:01 ERROR [io.apicurio.registry.resolver.cache.ERCache] (ForkJoinPool.commonPool-worker-2) Cache load failed after 0 retries: io.apicurio.registry.rest.client.models.ProblemDetails
	at io.apicurio.registry.rest.client.models.ProblemDetails.createFromDiscriminatorValue(ProblemDetails.java:58)
	at io.kiota.serialization.json.JsonParseNode.getObjectValue(JsonParseNode.java:248)
	at io.kiota.http.vertx.VertXRequestAdapter.lambda$throwIfFailedResponse$0(VertXRequestAdapter.java:398)
	at com.microsoft.kiota.ApiExceptionBuilder.<init>(ApiExceptionBuilder.java:26)
	at io.kiota.http.vertx.VertXRequestAdapter.throwIfFailedResponse(VertXRequestAdapter.java:397)
	at io.kiota.http.vertx.VertXRequestAdapter.send(VertXRequestAdapter.java:168)
	at java.base/jdk.internal.reflect.DirectMethodHandleAccessor.invoke(DirectMethodHandleAccessor.java:103)
	at java.base/java.lang.reflect.Method.invoke(Method.java:580)
	at io.apicurio.registry.client.common.RegistryClientRequestAdapterFactory$RetryInvocationHandler.invoke(RegistryClientRequestAdapterFactory.java:195)
	at jdk.proxy2/jdk.proxy2.$Proxy129.send(Unknown Source)
	at io.apicurio.registry.rest.client.groups.item.artifacts.item.versions.item.WithVersionExpressionItemRequestBuilder.get(WithVersionExpressionItemRequestBuilder.java:167)
	at io.apicurio.registry.rest.client.groups.item.artifacts.item.versions.item.WithVersionExpressionItemRequestBuilder.get(WithVersionExpressionItemRequestBuilder.java:146)
	at io.apicurio.registry.resolver.client.RegistryClientFacadeImpl.getVersionCoordinatesByGAV(RegistryClientFacadeImpl.java:191)
	at io.apicurio.registry.resolver.DefaultSchemaResolver.resolveByCoordinates(DefaultSchemaResolver.java:378)
	at io.apicurio.registry.resolver.DefaultSchemaResolver.lambda$resolveSchemaByArtifactReferenceCached$6(DefaultSchemaResolver.java:368)
	at io.apicurio.registry.resolver.cache.ERCache.lambda$performRefresh$6(ERCache.java:355)
	at io.apicurio.registry.resolver.cache.ERCache.retry(ERCache.java:433)
	at io.apicurio.registry.resolver.cache.ERCache.performRefresh(ERCache.java:354)
	at io.apicurio.registry.resolver.cache.ERCache.getValue(ERCache.java:264)
	at io.apicurio.registry.resolver.cache.ERCache.getByArtifactCoordinates(ERCache.java:238)
	at io.apicurio.registry.resolver.DefaultSchemaResolver.resolveSchemaByArtifactReferenceCached(DefaultSchemaResolver.java:366)
	at io.apicurio.registry.resolver.DefaultSchemaResolver.resolveSchemaByCoordinates(DefaultSchemaResolver.java:241)
	at io.apicurio.registry.resolver.DefaultSchemaResolver.getSchemaFromRegistry(DefaultSchemaResolver.java:171)
	at io.apicurio.registry.resolver.DefaultSchemaResolver.lambda$resolveSchema$0(DefaultSchemaResolver.java:95)
	at java.base/java.util.Optional.orElseGet(Optional.java:364)
	at io.apicurio.registry.resolver.DefaultSchemaResolver.resolveSchema(DefaultSchemaResolver.java:95)
	at io.apicurio.registry.serde.AbstractSerializer.lambda$serializeData$0(AbstractSerializer.java:160)
	at io.apicurio.registry.serde.tracing.SerDesTracer.traceSerialize(SerDesTracer.java:39)
	at io.apicurio.registry.serde.AbstractSerializer.serializeData(AbstractSerializer.java:142)
	at io.apicurio.registry.serde.kafka.KafkaSerializer.serialize(KafkaSerializer.java:92)
	at org.apache.kafka.clients.producer.KafkaProducer.doSend(KafkaProducer.java:1046)
	at org.apache.kafka.clients.producer.KafkaProducer.send(KafkaProducer.java:993)
	at org.apache.kafka.clients.producer.KafkaProducer.send(KafkaProducer.java:875)
	at io.apicurio.tests.serdes.apicurio.KafkaSerdesTester.lambda$produceMessages$3(KafkaSerdesTester.java:138)
	at java.base/java.util.concurrent.CompletableFuture$AsyncSupply.run(CompletableFuture.java:1768)
	at java.base/java.util.concurrent.CompletableFuture$AsyncSupply.exec(CompletableFuture.java:1760)
	at java.base/java.util.concurrent.ForkJoinTask.doExec(ForkJoinTask.java:387)
	at java.base/java.util.concurrent.ForkJoinPool$WorkQueue.topLevelExec(ForkJoinPool.java:1312)
	at java.base/java.util.concurrent.ForkJoinPool.scan(ForkJoinPool.java:1843)
	at java.base/java.util.concurrent.ForkJoinPool.runWorker(ForkJoinPool.java:1808)
	at java.base/java.util.concurrent.ForkJoinWorkerThread.run(ForkJoinWorkerThread.java:188)

2026-08+00-14 13:57:01 INFO [io.apicurio.tests.utils.TestSeparator] (main) io.apicurio.tests.serdes.apicurio.AvroSerdeIT.testWrongSchema-FINISHED
2026-08+00-14 13:57:01 INFO [io.apicurio.tests.utils.TestSeparator] (main) ############################################################################
Test passed: testWrongSchema
]]></system-out>
  </testcase>
  <testcase name="testAvroJSON" classname="io.apicurio.tests.serdes.apicurio.AvroSerdeIT" time="3.934">
    <system-out><![CDATA[2026-08+00-14 13:57:01 INFO [io.apicurio.tests.utils.TestSeparator] (main) ############################################################################
2026-08+00-14 13:57:01 INFO [io.apicurio.tests.utils.TestSeparator] (main) io.apicurio.tests.serdes.apicurio.AvroSerdeIT.testAvroJSON-STARTED
**** Registry Base URL: http://registry-app-inmemory.apps.ci420.apicurio-testing.org:80
2026-08+00-14 13:57:01 INFO [io.apicurio.tests.serdes.apicurio.SimpleSerdesTesterBuilder$SimpleSerdesTester] (main) Using producer configuration: {apicurio.registry.avro.encoding=JSON, apicurio.registry.url=http://registry-app-inmemory.apps.ci420.apicurio-testing.org:80/apis/registry/v3, apicurio.registry.auto-register=true, apicurio.registry.artifact-resolver-strategy=io.apicurio.registry.serde.strategy.TopicIdStrategy, value.serializer=io.apicurio.registry.serde.avro.AvroKafkaSerializer, request.timeout.ms=5000, acks=all, bootstrap.servers=PLAINTEXT://localhost:32769, connections.max.idle.ms=10000, key.serializer=org.apache.kafka.common.serialization.StringSerializer, client.id=Producer-topic-313b5738_7ed7_4de5_9553_2e713825f04c}
2026-08+00-14 13:57:01 INFO [io.apicurio.tests.serdes.apicurio.SimpleSerdesTesterBuilder$SimpleSerdesTester] (main) Using consumer configuration: {apicurio.registry.avro.encoding=JSON}
2026-08+00-14 13:57:01 INFO [io.apicurio.tests.serdes.apicurio.KafkaSerdesTester] (ForkJoinPool.commonPool-worker-2) Sending message {"bar": "value-0"} to topic topic-313b5738_7ed7_4de5_9553_2e713825f04c
2026-08+00-14 13:57:01 WARN [org.apache.kafka.clients.NetworkClient$DefaultMetadataUpdater] (kafka-producer-network-thread | Producer-topic-313b5738_7ed7_4de5_9553_2e713825f04c) [Producer clientId=Producer-topic-313b5738_7ed7_4de5_9553_2e713825f04c] The metadata response from the cluster reported a recoverable issue with correlation id 1 : {topic-313b5738_7ed7_4de5_9553_2e713825f04c=UNKNOWN_TOPIC_OR_PARTITION}
2026-08+00-14 13:57:01 INFO [io.apicurio.tests.serdes.apicurio.KafkaSerdesTester] (ForkJoinPool.commonPool-worker-2) Sending message {"bar": "value-1"} to topic topic-313b5738_7ed7_4de5_9553_2e713825f04c
2026-08+00-14 13:57:01 INFO [io.apicurio.tests.serdes.apicurio.KafkaSerdesTester] (ForkJoinPool.commonPool-worker-2) Sending message {"bar": "value-2"} to topic topic-313b5738_7ed7_4de5_9553_2e713825f04c
2026-08+00-14 13:57:01 INFO [io.apicurio.tests.serdes.apicurio.KafkaSerdesTester] (ForkJoinPool.commonPool-worker-2) Sending message {"bar": "value-3"} to topic topic-313b5738_7ed7_4de5_9553_2e713825f04c
2026-08+00-14 13:57:01 INFO [io.apicurio.tests.serdes.apicurio.KafkaSerdesTester] (ForkJoinPool.commonPool-worker-2) Sending message {"bar": "value-4"} to topic topic-313b5738_7ed7_4de5_9553_2e713825f04c
2026-08+00-14 13:57:01 INFO [io.apicurio.tests.serdes.apicurio.KafkaSerdesTester] (ForkJoinPool.commonPool-worker-2) Sending message {"bar": "value-5"} to topic topic-313b5738_7ed7_4de5_9553_2e713825f04c
2026-08+00-14 13:57:01 INFO [io.apicurio.tests.serdes.apicurio.KafkaSerdesTester] (ForkJoinPool.commonPool-worker-2) Sending message {"bar": "value-6"} to topic topic-313b5738_7ed7_4de5_9553_2e713825f04c
2026-08+00-14 13:57:01 INFO [io.apicurio.tests.serdes.apicurio.KafkaSerdesTester] (ForkJoinPool.commonPool-worker-2) Sending message {"bar": "value-7"} to topic topic-313b5738_7ed7_4de5_9553_2e713825f04c
2026-08+00-14 13:57:01 INFO [io.apicurio.tests.serdes.apicurio.KafkaSerdesTester] (ForkJoinPool.commonPool-worker-2) Sending message {"bar": "value-8"} to topic topic-313b5738_7ed7_4de5_9553_2e713825f04c
2026-08+00-14 13:57:01 INFO [io.apicurio.tests.serdes.apicurio.KafkaSerdesTester] (ForkJoinPool.commonPool-worker-2) Sending message {"bar": "value-9"} to topic topic-313b5738_7ed7_4de5_9553_2e713825f04c
2026-08+00-14 13:57:01 INFO [io.apicurio.tests.serdes.apicurio.KafkaSerdesTester] (ForkJoinPool.commonPool-worker-2) Produced 10 messages
**** Registry Base URL: http://registry-app-inmemory.apps.ci420.apicurio-testing.org:80
2026-08+00-14 13:57:02 INFO [io.apicurio.tests.serdes.apicurio.KafkaSerdesTester] (ForkJoinPool.commonPool-worker-2) None found
2026-08+00-14 13:57:03 INFO [io.apicurio.tests.serdes.apicurio.KafkaSerdesTester] (ForkJoinPool.commonPool-worker-2) None found
2026-08+00-14 13:57:04 INFO [io.apicurio.tests.serdes.apicurio.KafkaSerdesTester] (ForkJoinPool.commonPool-worker-2) None found
2026-08+00-14 13:57:04 INFO [io.apicurio.tests.serdes.apicurio.KafkaSerdesTester] (ForkJoinPool.commonPool-worker-2) topic-313b5738_7ed7_4de5_9553_2e713825f04c 0 0 {"bar": "value-0"}
2026-08+00-14 13:57:04 INFO [io.apicurio.tests.serdes.apicurio.KafkaSerdesTester] (ForkJoinPool.commonPool-worker-2) topic-313b5738_7ed7_4de5_9553_2e713825f04c 0 1 {"bar": "value-1"}
2026-08+00-14 13:57:04 INFO [io.apicurio.tests.serdes.apicurio.KafkaSerdesTester] (ForkJoinPool.commonPool-worker-2) topic-313b5738_7ed7_4de5_9553_2e713825f04c 0 2 {"bar": "value-2"}
2026-08+00-14 13:57:04 INFO [io.apicurio.tests.serdes.apicurio.KafkaSerdesTester] (ForkJoinPool.commonPool-worker-2) topic-313b5738_7ed7_4de5_9553_2e713825f04c 0 3 {"bar": "value-3"}
2026-08+00-14 13:57:04 INFO [io.apicurio.tests.serdes.apicurio.KafkaSerdesTester] (ForkJoinPool.commonPool-worker-2) topic-313b5738_7ed7_4de5_9553_2e713825f04c 0 4 {"bar": "value-4"}
2026-08+00-14 13:57:04 INFO [io.apicurio.tests.serdes.apicurio.KafkaSerdesTester] (ForkJoinPool.commonPool-worker-2) topic-313b5738_7ed7_4de5_9553_2e713825f04c 0 5 {"bar": "value-5"}
2026-08+00-14 13:57:04 INFO [io.apicurio.tests.serdes.apicurio.KafkaSerdesTester] (ForkJoinPool.commonPool-worker-2) topic-313b5738_7ed7_4de5_9553_2e713825f04c 0 6 {"bar": "value-6"}
2026-08+00-14 13:57:04 INFO [io.apicurio.tests.serdes.apicurio.KafkaSerdesTester] (ForkJoinPool.commonPool-worker-2) topic-313b5738_7ed7_4de5_9553_2e713825f04c 0 7 {"bar": "value-7"}
2026-08+00-14 13:57:04 INFO [io.apicurio.tests.serdes.apicurio.KafkaSerdesTester] (ForkJoinPool.commonPool-worker-2) topic-313b5738_7ed7_4de5_9553_2e713825f04c 0 8 {"bar": "value-8"}
2026-08+00-14 13:57:04 INFO [io.apicurio.tests.serdes.apicurio.KafkaSerdesTester] (ForkJoinPool.commonPool-worker-2) topic-313b5738_7ed7_4de5_9553_2e713825f04c 0 9 {"bar": "value-9"}
2026-08+00-14 13:57:04 INFO [io.apicurio.tests.serdes.apicurio.KafkaSerdesTester] (ForkJoinPool.commonPool-worker-2) Consumed 10 messages
2026-08+00-14 13:57:05 INFO [io.apicurio.tests.utils.TestSeparator] (main) io.apicurio.tests.serdes.apicurio.AvroSerdeIT.testAvroJSON-FINISHED
2026-08+00-14 13:57:05 INFO [io.apicurio.tests.utils.TestSeparator] (main) ############################################################################
Test passed: testAvroJSON
]]></system-out>
  </testcase>
  <testcase name="testTopicIdStrategyAutoRegister" classname="io.apicurio.tests.serdes.apicurio.AvroSerdeIT" time="3.947">
    <system-out><![CDATA[2026-08+00-14 13:57:05 INFO [io.apicurio.tests.utils.TestSeparator] (main) ############################################################################
2026-08+00-14 13:57:05 INFO [io.apicurio.tests.utils.TestSeparator] (main) io.apicurio.tests.serdes.apicurio.AvroSerdeIT.testTopicIdStrategyAutoRegister-STARTED
**** Registry Base URL: http://registry-app-inmemory.apps.ci420.apicurio-testing.org:80
2026-08+00-14 13:57:05 INFO [io.apicurio.tests.serdes.apicurio.SimpleSerdesTesterBuilder$SimpleSerdesTester] (main) Using producer configuration: {apicurio.registry.url=http://registry-app-inmemory.apps.ci420.apicurio-testing.org:80/apis/registry/v3, apicurio.registry.auto-register=true, apicurio.registry.artifact-resolver-strategy=io.apicurio.registry.serde.strategy.TopicIdStrategy, value.serializer=io.apicurio.registry.serde.avro.AvroKafkaSerializer, request.timeout.ms=5000, acks=all, bootstrap.servers=PLAINTEXT://localhost:32769, connections.max.idle.ms=10000, key.serializer=org.apache.kafka.common.serialization.StringSerializer, client.id=Producer-topic-ee6364e8_89e8_4f0c_8e4f_f0b6a1108194}
2026-08+00-14 13:57:05 INFO [io.apicurio.tests.serdes.apicurio.SimpleSerdesTesterBuilder$SimpleSerdesTester] (main) Using consumer configuration: {}
2026-08+00-14 13:57:05 INFO [io.apicurio.tests.serdes.apicurio.KafkaSerdesTester] (ForkJoinPool.commonPool-worker-2) Sending message {"key11786715825274": "value-0"} to topic topic-ee6364e8_89e8_4f0c_8e4f_f0b6a1108194
2026-08+00-14 13:57:05 WARN [org.apache.kafka.clients.NetworkClient$DefaultMetadataUpdater] (kafka-producer-network-thread | Producer-topic-ee6364e8_89e8_4f0c_8e4f_f0b6a1108194) [Producer clientId=Producer-topic-ee6364e8_89e8_4f0c_8e4f_f0b6a1108194] The metadata response from the cluster reported a recoverable issue with correlation id 1 : {topic-ee6364e8_89e8_4f0c_8e4f_f0b6a1108194=UNKNOWN_TOPIC_OR_PARTITION}
2026-08+00-14 13:57:05 INFO [io.apicurio.tests.serdes.apicurio.KafkaSerdesTester] (ForkJoinPool.commonPool-worker-2) Sending message {"key11786715825274": "value-1"} to topic topic-ee6364e8_89e8_4f0c_8e4f_f0b6a1108194
2026-08+00-14 13:57:05 INFO [io.apicurio.tests.serdes.apicurio.KafkaSerdesTester] (ForkJoinPool.commonPool-worker-2) Sending message {"key11786715825274": "value-2"} to topic topic-ee6364e8_89e8_4f0c_8e4f_f0b6a1108194
2026-08+00-14 13:57:05 INFO [io.apicurio.tests.serdes.apicurio.KafkaSerdesTester] (ForkJoinPool.commonPool-worker-2) Sending message {"key11786715825274": "value-3"} to topic topic-ee6364e8_89e8_4f0c_8e4f_f0b6a1108194
2026-08+00-14 13:57:05 INFO [io.apicurio.tests.serdes.apicurio.KafkaSerdesTester] (ForkJoinPool.commonPool-worker-2) Sending message {"key11786715825274": "value-4"} to topic topic-ee6364e8_89e8_4f0c_8e4f_f0b6a1108194
2026-08+00-14 13:57:05 INFO [io.apicurio.tests.serdes.apicurio.KafkaSerdesTester] (ForkJoinPool.commonPool-worker-2) Sending message {"key11786715825274": "value-5"} to topic topic-ee6364e8_89e8_4f0c_8e4f_f0b6a1108194
2026-08+00-14 13:57:05 INFO [io.apicurio.tests.serdes.apicurio.KafkaSerdesTester] (ForkJoinPool.commonPool-worker-2) Sending message {"key11786715825274": "value-6"} to topic topic-ee6364e8_89e8_4f0c_8e4f_f0b6a1108194
2026-08+00-14 13:57:05 INFO [io.apicurio.tests.serdes.apicurio.KafkaSerdesTester] (ForkJoinPool.commonPool-worker-2) Sending message {"key11786715825274": "value-7"} to topic topic-ee6364e8_89e8_4f0c_8e4f_f0b6a1108194
2026-08+00-14 13:57:05 INFO [io.apicurio.tests.serdes.apicurio.KafkaSerdesTester] (ForkJoinPool.commonPool-worker-2) Sending message {"key11786715825274": "value-8"} to topic topic-ee6364e8_89e8_4f0c_8e4f_f0b6a1108194
2026-08+00-14 13:57:05 INFO [io.apicurio.tests.serdes.apicurio.KafkaSerdesTester] (ForkJoinPool.commonPool-worker-2) Sending message {"key11786715825274": "value-9"} to topic topic-ee6364e8_89e8_4f0c_8e4f_f0b6a1108194
2026-08+00-14 13:57:05 INFO [io.apicurio.tests.serdes.apicurio.KafkaSerdesTester] (ForkJoinPool.commonPool-worker-2) Produced 10 messages
**** Registry Base URL: http://registry-app-inmemory.apps.ci420.apicurio-testing.org:80
2026-08+00-14 13:57:06 INFO [io.apicurio.tests.serdes.apicurio.KafkaSerdesTester] (ForkJoinPool.commonPool-worker-2) None found
2026-08+00-14 13:57:07 INFO [io.apicurio.tests.serdes.apicurio.KafkaSerdesTester] (ForkJoinPool.commonPool-worker-2) None found
2026-08+00-14 13:57:08 INFO [io.apicurio.tests.serdes.apicurio.KafkaSerdesTester] (ForkJoinPool.commonPool-worker-2) None found
2026-08+00-14 13:57:08 INFO [io.apicurio.tests.serdes.apicurio.KafkaSerdesTester] (ForkJoinPool.commonPool-worker-2) topic-ee6364e8_89e8_4f0c_8e4f_f0b6a1108194 0 0 {"key11786715825274": "value-0"}
2026-08+00-14 13:57:08 INFO [io.apicurio.tests.serdes.apicurio.KafkaSerdesTester] (ForkJoinPool.commonPool-worker-2) topic-ee6364e8_89e8_4f0c_8e4f_f0b6a1108194 0 1 {"key11786715825274": "value-1"}
2026-08+00-14 13:57:08 INFO [io.apicurio.tests.serdes.apicurio.KafkaSerdesTester] (ForkJoinPool.commonPool-worker-2) topic-ee6364e8_89e8_4f0c_8e4f_f0b6a1108194 0 2 {"key11786715825274": "value-2"}
2026-08+00-14 13:57:08 INFO [io.apicurio.tests.serdes.apicurio.KafkaSerdesTester] (ForkJoinPool.commonPool-worker-2) topic-ee6364e8_89e8_4f0c_8e4f_f0b6a1108194 0 3 {"key11786715825274": "value-3"}
2026-08+00-14 13:57:08 INFO [io.apicurio.tests.serdes.apicurio.KafkaSerdesTester] (ForkJoinPool.commonPool-worker-2) topic-ee6364e8_89e8_4f0c_8e4f_f0b6a1108194 0 4 {"key11786715825274": "value-4"}
2026-08+00-14 13:57:08 INFO [io.apicurio.tests.serdes.apicurio.KafkaSerdesTester] (ForkJoinPool.commonPool-worker-2) topic-ee6364e8_89e8_4f0c_8e4f_f0b6a1108194 0 5 {"key11786715825274": "value-5"}
2026-08+00-14 13:57:08 INFO [io.apicurio.tests.serdes.apicurio.KafkaSerdesTester] (ForkJoinPool.commonPool-worker-2) topic-ee6364e8_89e8_4f0c_8e4f_f0b6a1108194 0 6 {"key11786715825274": "value-6"}
2026-08+00-14 13:57:08 INFO [io.apicurio.tests.serdes.apicurio.KafkaSerdesTester] (ForkJoinPool.commonPool-worker-2) topic-ee6364e8_89e8_4f0c_8e4f_f0b6a1108194 0 7 {"key11786715825274": "value-7"}
2026-08+00-14 13:57:08 INFO [io.apicurio.tests.serdes.apicurio.KafkaSerdesTester] (ForkJoinPool.commonPool-worker-2) topic-ee6364e8_89e8_4f0c_8e4f_f0b6a1108194 0 8 {"key11786715825274": "value-8"}
2026-08+00-14 13:57:08 INFO [io.apicurio.tests.serdes.apicurio.KafkaSerdesTester] (ForkJoinPool.commonPool-worker-2) topic-ee6364e8_89e8_4f0c_8e4f_f0b6a1108194 0 9 {"key11786715825274": "value-9"}
2026-08+00-14 13:57:08 INFO [io.apicurio.tests.serdes.apicurio.KafkaSerdesTester] (ForkJoinPool.commonPool-worker-2) Consumed 10 messages
2026-08+00-14 13:57:09 INFO [io.apicurio.tests.utils.TestSeparator] (main) io.apicurio.tests.serdes.apicurio.AvroSerdeIT.testTopicIdStrategyAutoRegister-FINISHED
2026-08+00-14 13:57:09 INFO [io.apicurio.tests.utils.TestSeparator] (main) ############################################################################
Test passed: testTopicIdStrategyAutoRegister
]]></system-out>
  </testcase>
  <testcase name="testRecordIdStrategydFindLatest" classname="io.apicurio.tests.serdes.apicurio.AvroSerdeIT" time="4.823">
    <system-out><![CDATA[2026-08+00-14 13:57:09 INFO [io.apicurio.tests.utils.TestSeparator] (main) ############################################################################
2026-08+00-14 13:57:09 INFO [io.apicurio.tests.utils.TestSeparator] (main) io.apicurio.tests.serdes.apicurio.AvroSerdeIT.testRecordIdStrategydFindLatest-STARTED
2026-08+00-14 13:57:09 INFO [io.apicurio.tests.serdes.apicurio.AvroSerdeIT] (main) Registering Avro Schema: {"type":"record","name":"sddbeed21x5a27x4153x8c50x707e319d2458","namespace":"s24b85ef5xa0f3x4c10x8584x016b7335a091","fields":[{"name":"key11786715829222","type":"string"}]}
**** Registry Base URL: http://registry-app-inmemory.apps.ci420.apicurio-testing.org:80
2026-08+00-14 13:57:10 INFO [io.apicurio.tests.serdes.apicurio.SimpleSerdesTesterBuilder$SimpleSerdesTester] (main) Using producer configuration: {apicurio.registry.find-latest=true, apicurio.registry.url=http://registry-app-inmemory.apps.ci420.apicurio-testing.org:80/apis/registry/v3, apicurio.registry.artifact-resolver-strategy=io.apicurio.registry.serde.avro.strategy.RecordIdStrategy, value.serializer=io.apicurio.registry.serde.avro.AvroKafkaSerializer, request.timeout.ms=5000, acks=all, bootstrap.servers=PLAINTEXT://localhost:32769, connections.max.idle.ms=10000, key.serializer=org.apache.kafka.common.serialization.StringSerializer, client.id=Producer-topic-88f67bbe_2c68_47cf_a4ae_f76adcb7757f}
2026-08+00-14 13:57:10 INFO [io.apicurio.tests.serdes.apicurio.SimpleSerdesTesterBuilder$SimpleSerdesTester] (main) Using consumer configuration: {}
2026-08+00-14 13:57:10 INFO [io.apicurio.tests.serdes.apicurio.KafkaSerdesTester] (ForkJoinPool.commonPool-worker-2) Sending message {"key11786715829222": "value-0"} to topic topic-88f67bbe_2c68_47cf_a4ae_f76adcb7757f
2026-08+00-14 13:57:10 INFO [io.apicurio.tests.serdes.apicurio.KafkaSerdesTester] (ForkJoinPool.commonPool-worker-2) Sending message {"key11786715829222": "value-1"} to topic topic-88f67bbe_2c68_47cf_a4ae_f76adcb7757f
2026-08+00-14 13:57:10 INFO [io.apicurio.tests.serdes.apicurio.KafkaSerdesTester] (ForkJoinPool.commonPool-worker-2) Sending message {"key11786715829222": "value-2"} to topic topic-88f67bbe_2c68_47cf_a4ae_f76adcb7757f
2026-08+00-14 13:57:10 INFO [io.apicurio.tests.serdes.apicurio.KafkaSerdesTester] (ForkJoinPool.commonPool-worker-2) Sending message {"key11786715829222": "value-3"} to topic topic-88f67bbe_2c68_47cf_a4ae_f76adcb7757f
2026-08+00-14 13:57:10 INFO [io.apicurio.tests.serdes.apicurio.KafkaSerdesTester] (ForkJoinPool.commonPool-worker-2) Sending message {"key11786715829222": "value-4"} to topic topic-88f67bbe_2c68_47cf_a4ae_f76adcb7757f
2026-08+00-14 13:57:10 INFO [io.apicurio.tests.serdes.apicurio.KafkaSerdesTester] (ForkJoinPool.commonPool-worker-2) Sending message {"key11786715829222": "value-5"} to topic topic-88f67bbe_2c68_47cf_a4ae_f76adcb7757f
2026-08+00-14 13:57:10 INFO [io.apicurio.tests.serdes.apicurio.KafkaSerdesTester] (ForkJoinPool.commonPool-worker-2) Sending message {"key11786715829222": "value-6"} to topic topic-88f67bbe_2c68_47cf_a4ae_f76adcb7757f
2026-08+00-14 13:57:10 INFO [io.apicurio.tests.serdes.apicurio.KafkaSerdesTester] (ForkJoinPool.commonPool-worker-2) Sending message {"key11786715829222": "value-7"} to topic topic-88f67bbe_2c68_47cf_a4ae_f76adcb7757f
2026-08+00-14 13:57:10 INFO [io.apicurio.tests.serdes.apicurio.KafkaSerdesTester] (ForkJoinPool.commonPool-worker-2) Sending message {"key11786715829222": "value-8"} to topic topic-88f67bbe_2c68_47cf_a4ae_f76adcb7757f
2026-08+00-14 13:57:10 INFO [io.apicurio.tests.serdes.apicurio.KafkaSerdesTester] (ForkJoinPool.commonPool-worker-2) Sending message {"key11786715829222": "value-9"} to topic topic-88f67bbe_2c68_47cf_a4ae_f76adcb7757f
2026-08+00-14 13:57:10 INFO [io.apicurio.tests.serdes.apicurio.KafkaSerdesTester] (ForkJoinPool.commonPool-worker-2) Produced 10 messages
**** Registry Base URL: http://registry-app-inmemory.apps.ci420.apicurio-testing.org:80
2026-08+00-14 13:57:11 INFO [io.apicurio.tests.serdes.apicurio.KafkaSerdesTester] (ForkJoinPool.commonPool-worker-2) None found
2026-08+00-14 13:57:12 INFO [io.apicurio.tests.serdes.apicurio.KafkaSerdesTester] (ForkJoinPool.commonPool-worker-2) None found
2026-08+00-14 13:57:13 INFO [io.apicurio.tests.serdes.apicurio.KafkaSerdesTester] (ForkJoinPool.commonPool-worker-2) None found
2026-08+00-14 13:57:13 INFO [io.apicurio.tests.serdes.apicurio.KafkaSerdesTester] (ForkJoinPool.commonPool-worker-2) topic-88f67bbe_2c68_47cf_a4ae_f76adcb7757f 0 0 {"key11786715829222": "value-0"}
2026-08+00-14 13:57:13 INFO [io.apicurio.tests.serdes.apicurio.KafkaSerdesTester] (ForkJoinPool.commonPool-worker-2) topic-88f67bbe_2c68_47cf_a4ae_f76adcb7757f 0 1 {"key11786715829222": "value-1"}
2026-08+00-14 13:57:13 INFO [io.apicurio.tests.serdes.apicurio.KafkaSerdesTester] (ForkJoinPool.commonPool-worker-2) topic-88f67bbe_2c68_47cf_a4ae_f76adcb7757f 0 2 {"key11786715829222": "value-2"}
2026-08+00-14 13:57:13 INFO [io.apicurio.tests.serdes.apicurio.KafkaSerdesTester] (ForkJoinPool.commonPool-worker-2) topic-88f67bbe_2c68_47cf_a4ae_f76adcb7757f 0 3 {"key11786715829222": "value-3"}
2026-08+00-14 13:57:13 INFO [io.apicurio.tests.serdes.apicurio.KafkaSerdesTester] (ForkJoinPool.commonPool-worker-2) topic-88f67bbe_2c68_47cf_a4ae_f76adcb7757f 0 4 {"key11786715829222": "value-4"}
2026-08+00-14 13:57:13 INFO [io.apicurio.tests.serdes.apicurio.KafkaSerdesTester] (ForkJoinPool.commonPool-worker-2) topic-88f67bbe_2c68_47cf_a4ae_f76adcb7757f 0 5 {"key11786715829222": "value-5"}
2026-08+00-14 13:57:13 INFO [io.apicurio.tests.serdes.apicurio.KafkaSerdesTester] (ForkJoinPool.commonPool-worker-2) topic-88f67bbe_2c68_47cf_a4ae_f76adcb7757f 0 6 {"key11786715829222": "value-6"}
2026-08+00-14 13:57:13 INFO [io.apicurio.tests.serdes.apicurio.KafkaSerdesTester] (ForkJoinPool.commonPool-worker-2) topic-88f67bbe_2c68_47cf_a4ae_f76adcb7757f 0 7 {"key11786715829222": "value-7"}
2026-08+00-14 13:57:13 INFO [io.apicurio.tests.serdes.apicurio.KafkaSerdesTester] (ForkJoinPool.commonPool-worker-2) topic-88f67bbe_2c68_47cf_a4ae_f76adcb7757f 0 8 {"key11786715829222": "value-8"}
2026-08+00-14 13:57:13 INFO [io.apicurio.tests.serdes.apicurio.KafkaSerdesTester] (ForkJoinPool.commonPool-worker-2) topic-88f67bbe_2c68_47cf_a4ae_f76adcb7757f 0 9 {"key11786715829222": "value-9"}
2026-08+00-14 13:57:13 INFO [io.apicurio.tests.serdes.apicurio.KafkaSerdesTester] (ForkJoinPool.commonPool-worker-2) Consumed 10 messages
2026-08+00-14 13:57:14 INFO [io.apicurio.tests.utils.TestSeparator] (main) io.apicurio.tests.serdes.apicurio.AvroSerdeIT.testRecordIdStrategydFindLatest-FINISHED
2026-08+00-14 13:57:14 INFO [io.apicurio.tests.utils.TestSeparator] (main) ############################################################################
Test passed: testRecordIdStrategydFindLatest
]]></system-out>
  </testcase>
  <testcase name="testReflectAutoRegister" classname="io.apicurio.tests.serdes.apicurio.AvroSerdeIT" time="3.938">
    <system-out><![CDATA[2026-08+00-14 13:57:14 INFO [io.apicurio.tests.utils.TestSeparator] (main) ############################################################################
2026-08+00-14 13:57:14 INFO [io.apicurio.tests.utils.TestSeparator] (main) io.apicurio.tests.serdes.apicurio.AvroSerdeIT.testReflectAutoRegister-STARTED
**** Registry Base URL: http://registry-app-inmemory.apps.ci420.apicurio-testing.org:80
2026-08+00-14 13:57:14 INFO [io.apicurio.tests.serdes.apicurio.SimpleSerdesTesterBuilder$SimpleSerdesTester] (main) Using producer configuration: {apicurio.registry.url=http://registry-app-inmemory.apps.ci420.apicurio-testing.org:80/apis/registry/v3, apicurio.registry.auto-register=true, apicurio.registry.artifact-resolver-strategy=io.apicurio.registry.serde.strategy.TopicIdStrategy, value.serializer=io.apicurio.registry.serde.avro.AvroKafkaSerializer, request.timeout.ms=5000, acks=all, bootstrap.servers=PLAINTEXT://localhost:32769, connections.max.idle.ms=10000, key.serializer=org.apache.kafka.common.serialization.StringSerializer, apicurio.registry.avro-datum-provider=io.apicurio.registry.serde.avro.ReflectAvroDatumProvider, client.id=Producer-topic-30be73ba_3652_4c65_ae88_d8cb4a112875}
2026-08+00-14 13:57:14 INFO [io.apicurio.tests.serdes.apicurio.SimpleSerdesTesterBuilder$SimpleSerdesTester] (main) Using consumer configuration: {apicurio.registry.avro-datum-provider=io.apicurio.registry.serde.avro.ReflectAvroDatumProvider}
2026-08+00-14 13:57:14 INFO [io.apicurio.tests.serdes.apicurio.KafkaSerdesTester] (ForkJoinPool.commonPool-worker-2) Sending message io.apicurio.tests.common.serdes.TestObject@3dbd29cb to topic topic-30be73ba_3652_4c65_ae88_d8cb4a112875
2026-08+00-14 13:57:14 WARN [org.apache.kafka.clients.NetworkClient$DefaultMetadataUpdater] (kafka-producer-network-thread | Producer-topic-30be73ba_3652_4c65_ae88_d8cb4a112875) [Producer clientId=Producer-topic-30be73ba_3652_4c65_ae88_d8cb4a112875] The metadata response from the cluster reported a recoverable issue with correlation id 1 : {topic-30be73ba_3652_4c65_ae88_d8cb4a112875=UNKNOWN_TOPIC_OR_PARTITION}
2026-08+00-14 13:57:14 INFO [io.apicurio.tests.serdes.apicurio.KafkaSerdesTester] (ForkJoinPool.commonPool-worker-2) Sending message io.apicurio.tests.common.serdes.TestObject@3dbd29cb to topic topic-30be73ba_3652_4c65_ae88_d8cb4a112875
2026-08+00-14 13:57:14 INFO [io.apicurio.tests.serdes.apicurio.KafkaSerdesTester] (ForkJoinPool.commonPool-worker-2) Sending message io.apicurio.tests.common.serdes.TestObject@3dbd29cb to topic topic-30be73ba_3652_4c65_ae88_d8cb4a112875
2026-08+00-14 13:57:14 INFO [io.apicurio.tests.serdes.apicurio.KafkaSerdesTester] (ForkJoinPool.commonPool-worker-2) Sending message io.apicurio.tests.common.serdes.TestObject@3dbd29cb to topic topic-30be73ba_3652_4c65_ae88_d8cb4a112875
2026-08+00-14 13:57:14 INFO [io.apicurio.tests.serdes.apicurio.KafkaSerdesTester] (ForkJoinPool.commonPool-worker-2) Sending message io.apicurio.tests.common.serdes.TestObject@3dbd29cb to topic topic-30be73ba_3652_4c65_ae88_d8cb4a112875
2026-08+00-14 13:57:14 INFO [io.apicurio.tests.serdes.apicurio.KafkaSerdesTester] (ForkJoinPool.commonPool-worker-2) Sending message io.apicurio.tests.common.serdes.TestObject@3dbd29cb to topic topic-30be73ba_3652_4c65_ae88_d8cb4a112875
2026-08+00-14 13:57:14 INFO [io.apicurio.tests.serdes.apicurio.KafkaSerdesTester] (ForkJoinPool.commonPool-worker-2) Sending message io.apicurio.tests.common.serdes.TestObject@3dbd29cb to topic topic-30be73ba_3652_4c65_ae88_d8cb4a112875
2026-08+00-14 13:57:14 INFO [io.apicurio.tests.serdes.apicurio.KafkaSerdesTester] (ForkJoinPool.commonPool-worker-2) Sending message io.apicurio.tests.common.serdes.TestObject@3dbd29cb to topic topic-30be73ba_3652_4c65_ae88_d8cb4a112875
2026-08+00-14 13:57:14 INFO [io.apicurio.tests.serdes.apicurio.KafkaSerdesTester] (ForkJoinPool.commonPool-worker-2) Sending message io.apicurio.tests.common.serdes.TestObject@3dbd29cb to topic topic-30be73ba_3652_4c65_ae88_d8cb4a112875
2026-08+00-14 13:57:14 INFO [io.apicurio.tests.serdes.apicurio.KafkaSerdesTester] (ForkJoinPool.commonPool-worker-2) Sending message io.apicurio.tests.common.serdes.TestObject@3dbd29cb to topic topic-30be73ba_3652_4c65_ae88_d8cb4a112875
2026-08+00-14 13:57:14 INFO [io.apicurio.tests.serdes.apicurio.KafkaSerdesTester] (ForkJoinPool.commonPool-worker-2) Produced 10 messages
**** Registry Base URL: http://registry-app-inmemory.apps.ci420.apicurio-testing.org:80
2026-08+00-14 13:57:15 INFO [io.apicurio.tests.serdes.apicurio.KafkaSerdesTester] (ForkJoinPool.commonPool-worker-2) None found
2026-08+00-14 13:57:16 INFO [io.apicurio.tests.serdes.apicurio.KafkaSerdesTester] (ForkJoinPool.commonPool-worker-2) None found
2026-08+00-14 13:57:17 INFO [io.apicurio.tests.serdes.apicurio.KafkaSerdesTester] (ForkJoinPool.commonPool-worker-2) None found
2026-08+00-14 13:57:17 INFO [io.apicurio.tests.serdes.apicurio.KafkaSerdesTester] (ForkJoinPool.commonPool-worker-2) topic-30be73ba_3652_4c65_ae88_d8cb4a112875 0 0 io.apicurio.tests.common.serdes.TestObject@3dbd29cb
2026-08+00-14 13:57:17 INFO [io.apicurio.tests.serdes.apicurio.KafkaSerdesTester] (ForkJoinPool.commonPool-worker-2) topic-30be73ba_3652_4c65_ae88_d8cb4a112875 0 1 io.apicurio.tests.common.serdes.TestObject@3dbd29cb
2026-08+00-14 13:57:17 INFO [io.apicurio.tests.serdes.apicurio.KafkaSerdesTester] (ForkJoinPool.commonPool-worker-2) topic-30be73ba_3652_4c65_ae88_d8cb4a112875 0 2 io.apicurio.tests.common.serdes.TestObject@3dbd29cb
2026-08+00-14 13:57:17 INFO [io.apicurio.tests.serdes.apicurio.KafkaSerdesTester] (ForkJoinPool.commonPool-worker-2) topic-30be73ba_3652_4c65_ae88_d8cb4a112875 0 3 io.apicurio.tests.common.serdes.TestObject@3dbd29cb
2026-08+00-14 13:57:17 INFO [io.apicurio.tests.serdes.apicurio.KafkaSerdesTester] (ForkJoinPool.commonPool-worker-2) topic-30be73ba_3652_4c65_ae88_d8cb4a112875 0 4 io.apicurio.tests.common.serdes.TestObject@3dbd29cb
2026-08+00-14 13:57:17 INFO [io.apicurio.tests.serdes.apicurio.KafkaSerdesTester] (ForkJoinPool.commonPool-worker-2) topic-30be73ba_3652_4c65_ae88_d8cb4a112875 0 5 io.apicurio.tests.common.serdes.TestObject@3dbd29cb
2026-08+00-14 13:57:17 INFO [io.apicurio.tests.serdes.apicurio.KafkaSerdesTester] (ForkJoinPool.commonPool-worker-2) topic-30be73ba_3652_4c65_ae88_d8cb4a112875 0 6 io.apicurio.tests.common.serdes.TestObject@3dbd29cb
2026-08+00-14 13:57:17 INFO [io.apicurio.tests.serdes.apicurio.KafkaSerdesTester] (ForkJoinPool.commonPool-worker-2) topic-30be73ba_3652_4c65_ae88_d8cb4a112875 0 7 io.apicurio.tests.common.serdes.TestObject@3dbd29cb
2026-08+00-14 13:57:17 INFO [io.apicurio.tests.serdes.apicurio.KafkaSerdesTester] (ForkJoinPool.commonPool-worker-2) topic-30be73ba_3652_4c65_ae88_d8cb4a112875 0 8 io.apicurio.tests.common.serdes.TestObject@3dbd29cb
2026-08+00-14 13:57:17 INFO [io.apicurio.tests.serdes.apicurio.KafkaSerdesTester] (ForkJoinPool.commonPool-worker-2) topic-30be73ba_3652_4c65_ae88_d8cb4a112875 0 9 io.apicurio.tests.common.serdes.TestObject@3dbd29cb
2026-08+00-14 13:57:17 INFO [io.apicurio.tests.serdes.apicurio.KafkaSerdesTester] (ForkJoinPool.commonPool-worker-2) Consumed 10 messages
2026-08+00-14 13:57:17 INFO [io.apicurio.tests.utils.TestSeparator] (main) io.apicurio.tests.serdes.apicurio.AvroSerdeIT.testReflectAutoRegister-FINISHED
2026-08+00-14 13:57:17 INFO [io.apicurio.tests.utils.TestSeparator] (main) ############################################################################
Test passed: testReflectAutoRegister
]]></system-out>
  </testcase>
  <testcase name="testArtifactNotFound" classname="io.apicurio.tests.serdes.apicurio.AvroSerdeIT" time="0.186">
    <system-out><![CDATA[2026-08+00-14 13:57:17 INFO [io.apicurio.tests.utils.TestSeparator] (main) ############################################################################
2026-08+00-14 13:57:17 INFO [io.apicurio.tests.utils.TestSeparator] (main) io.apicurio.tests.serdes.apicurio.AvroSerdeIT.testArtifactNotFound-STARTED
**** Registry Base URL: http://registry-app-inmemory.apps.ci420.apicurio-testing.org:80
2026-08+00-14 13:57:17 INFO [io.apicurio.tests.serdes.apicurio.KafkaSerdesTester] (ForkJoinPool.commonPool-worker-2) Sending message {"keyB": "value-0"} to topic s03997aefx5963x4fb7x8287x4a223317981a
2026-08+00-14 13:57:17 WARN [org.apache.kafka.clients.NetworkClient$DefaultMetadataUpdater] (kafka-producer-network-thread | Producer-s03997aefx5963x4fb7x8287x4a223317981a) [Producer clientId=Producer-s03997aefx5963x4fb7x8287x4a223317981a] The metadata response from the cluster reported a recoverable issue with correlation id 1 : {s03997aefx5963x4fb7x8287x4a223317981a=UNKNOWN_TOPIC_OR_PARTITION}
2026-08+00-14 13:57:18 ERROR [io.apicurio.registry.resolver.cache.ERCache] (ForkJoinPool.commonPool-worker-2) Cache load failed after 0 retries: java.lang.RuntimeException: Could not resolve artifact reference by content: {"type":"record","name":"myrecord","namespace":"mygroup","fields":[{"name":"keyB","type":"string"}]}&ArtifactReference [groupId=default, artifactId=s03997aefx5963x4fb7x8287x4a223317981a-value, version=null, globalId=null, contentId=null, contentHash=null]
	at io.apicurio.registry.resolver.DefaultSchemaResolver.lambda$handleResolveSchemaByContent$3(DefaultSchemaResolver.java:307)
	at io.apicurio.registry.resolver.cache.ERCache.lambda$performRefresh$6(ERCache.java:355)
	at io.apicurio.registry.resolver.cache.ERCache.retry(ERCache.java:433)
	at io.apicurio.registry.resolver.cache.ERCache.performRefresh(ERCache.java:354)
	at io.apicurio.registry.resolver.cache.ERCache.getValue(ERCache.java:264)
	at io.apicurio.registry.resolver.cache.ERCache.getByContent(ERCache.java:227)
	at io.apicurio.registry.resolver.DefaultSchemaResolver.handleResolveSchemaByContent(DefaultSchemaResolver.java:298)
	at io.apicurio.registry.resolver.DefaultSchemaResolver.getSchemaFromRegistry(DefaultSchemaResolver.java:186)
	at io.apicurio.registry.resolver.DefaultSchemaResolver.lambda$resolveSchema$0(DefaultSchemaResolver.java:95)
	at java.base/java.util.Optional.orElseGet(Optional.java:364)
	at io.apicurio.registry.resolver.DefaultSchemaResolver.resolveSchema(DefaultSchemaResolver.java:95)
	at io.apicurio.registry.serde.AbstractSerializer.lambda$serializeData$0(AbstractSerializer.java:160)
	at io.apicurio.registry.serde.tracing.SerDesTracer.traceSerialize(SerDesTracer.java:39)
	at io.apicurio.registry.serde.AbstractSerializer.serializeData(AbstractSerializer.java:142)
	at io.apicurio.registry.serde.kafka.KafkaSerializer.serialize(KafkaSerializer.java:92)
	at org.apache.kafka.clients.producer.KafkaProducer.doSend(KafkaProducer.java:1046)
	at org.apache.kafka.clients.producer.KafkaProducer.send(KafkaProducer.java:993)
	at org.apache.kafka.clients.producer.KafkaProducer.send(KafkaProducer.java:875)
	at io.apicurio.tests.serdes.apicurio.KafkaSerdesTester.lambda$produceMessages$3(KafkaSerdesTester.java:138)
	at java.base/java.util.concurrent.CompletableFuture$AsyncSupply.run(CompletableFuture.java:1768)
	at java.base/java.util.concurrent.CompletableFuture$AsyncSupply.exec(CompletableFuture.java:1760)
	at java.base/java.util.concurrent.ForkJoinTask.doExec(ForkJoinTask.java:387)
	at java.base/java.util.concurrent.ForkJoinPool$WorkQueue.topLevelExec(ForkJoinPool.java:1312)
	at java.base/java.util.concurrent.ForkJoinPool.scan(ForkJoinPool.java:1843)
	at java.base/java.util.concurrent.ForkJoinPool.runWorker(ForkJoinPool.java:1808)
	at java.base/java.util.concurrent.ForkJoinWorkerThread.run(ForkJoinWorkerThread.java:188)

2026-08+00-14 13:57:18 INFO [io.apicurio.tests.utils.TestSeparator] (main) io.apicurio.tests.serdes.apicurio.AvroSerdeIT.testArtifactNotFound-FINISHED
2026-08+00-14 13:57:18 INFO [io.apicurio.tests.utils.TestSeparator] (main) ############################################################################
Test passed: testArtifactNotFound
]]></system-out>
  </testcase>
  <testcase name="testAvroSerDesFailDifferentSchemaByRecordName" classname="io.apicurio.tests.serdes.apicurio.AvroSerdeIT" time="1.126">
    <system-out><![CDATA[2026-08+00-14 13:57:18 INFO [io.apicurio.tests.utils.TestSeparator] (main) ############################################################################
2026-08+00-14 13:57:18 INFO [io.apicurio.tests.utils.TestSeparator] (main) io.apicurio.tests.serdes.apicurio.AvroSerdeIT.testAvroSerDesFailDifferentSchemaByRecordName-STARTED
**** Registry Base URL: http://registry-app-inmemory.apps.ci420.apicurio-testing.org:80
2026-08+00-14 13:57:19 INFO [io.apicurio.tests.serdes.apicurio.KafkaSerdesTester] (ForkJoinPool.commonPool-worker-2) Sending message {"keyB": "value-0"} to topic topic-341dd278_03d0_421a_a77a_812f81f07ba4
2026-08+00-14 13:57:19 ERROR [io.apicurio.registry.resolver.cache.ERCache] (ForkJoinPool.commonPool-worker-2) Cache load failed after 0 retries: io.apicurio.registry.rest.client.models.ProblemDetails
	at io.apicurio.registry.rest.client.models.ProblemDetails.createFromDiscriminatorValue(ProblemDetails.java:58)
	at io.kiota.serialization.json.JsonParseNode.getObjectValue(JsonParseNode.java:248)
	at io.kiota.http.vertx.VertXRequestAdapter.lambda$throwIfFailedResponse$0(VertXRequestAdapter.java:398)
	at com.microsoft.kiota.ApiExceptionBuilder.<init>(ApiExceptionBuilder.java:26)
	at io.kiota.http.vertx.VertXRequestAdapter.throwIfFailedResponse(VertXRequestAdapter.java:397)
	at io.kiota.http.vertx.VertXRequestAdapter.send(VertXRequestAdapter.java:168)
	at java.base/jdk.internal.reflect.DirectMethodHandleAccessor.invoke(DirectMethodHandleAccessor.java:103)
	at java.base/java.lang.reflect.Method.invoke(Method.java:580)
	at io.apicurio.registry.client.common.RegistryClientRequestAdapterFactory$RetryInvocationHandler.invoke(RegistryClientRequestAdapterFactory.java:195)
	at jdk.proxy2/jdk.proxy2.$Proxy129.send(Unknown Source)
	at io.apicurio.registry.rest.client.groups.item.artifacts.item.versions.item.WithVersionExpressionItemRequestBuilder.get(WithVersionExpressionItemRequestBuilder.java:167)
	at io.apicurio.registry.rest.client.groups.item.artifacts.item.versions.item.WithVersionExpressionItemRequestBuilder.get(WithVersionExpressionItemRequestBuilder.java:146)
	at io.apicurio.registry.resolver.client.RegistryClientFacadeImpl.getVersionCoordinatesByGAV(RegistryClientFacadeImpl.java:191)
	at io.apicurio.registry.resolver.DefaultSchemaResolver.resolveByCoordinates(DefaultSchemaResolver.java:378)
	at io.apicurio.registry.resolver.DefaultSchemaResolver.lambda$resolveSchemaByArtifactReferenceCached$6(DefaultSchemaResolver.java:368)
	at io.apicurio.registry.resolver.cache.ERCache.lambda$performRefresh$6(ERCache.java:355)
	at io.apicurio.registry.resolver.cache.ERCache.retry(ERCache.java:433)
	at io.apicurio.registry.resolver.cache.ERCache.performRefresh(ERCache.java:354)
	at io.apicurio.registry.resolver.cache.ERCache.getValue(ERCache.java:264)
	at io.apicurio.registry.resolver.cache.ERCache.getByArtifactCoordinates(ERCache.java:238)
	at io.apicurio.registry.resolver.DefaultSchemaResolver.resolveSchemaByArtifactReferenceCached(DefaultSchemaResolver.java:366)
	at io.apicurio.registry.resolver.DefaultSchemaResolver.resolveSchemaByCoordinates(DefaultSchemaResolver.java:241)
	at io.apicurio.registry.resolver.DefaultSchemaResolver.getSchemaFromRegistry(DefaultSchemaResolver.java:171)
	at io.apicurio.registry.resolver.DefaultSchemaResolver.lambda$resolveSchema$0(DefaultSchemaResolver.java:95)
	at java.base/java.util.Optional.orElseGet(Optional.java:364)
	at io.apicurio.registry.resolver.DefaultSchemaResolver.resolveSchema(DefaultSchemaResolver.java:95)
	at io.apicurio.registry.serde.AbstractSerializer.lambda$serializeData$0(AbstractSerializer.java:160)
	at io.apicurio.registry.serde.tracing.SerDesTracer.traceSerialize(SerDesTracer.java:39)
	at io.apicurio.registry.serde.AbstractSerializer.serializeData(AbstractSerializer.java:142)
	at io.apicurio.registry.serde.kafka.KafkaSerializer.serialize(KafkaSerializer.java:92)
	at org.apache.kafka.clients.producer.KafkaProducer.doSend(KafkaProducer.java:1046)
	at org.apache.kafka.clients.producer.KafkaProducer.send(KafkaProducer.java:993)
	at org.apache.kafka.clients.producer.KafkaProducer.send(KafkaProducer.java:875)
	at io.apicurio.tests.serdes.apicurio.KafkaSerdesTester.lambda$produceMessages$3(KafkaSerdesTester.java:138)
	at java.base/java.util.concurrent.CompletableFuture$AsyncSupply.run(CompletableFuture.java:1768)
	at java.base/java.util.concurrent.CompletableFuture$AsyncSupply.exec(CompletableFuture.java:1760)
	at java.base/java.util.concurrent.ForkJoinTask.doExec(ForkJoinTask.java:387)
	at java.base/java.util.concurrent.ForkJoinPool$WorkQueue.topLevelExec(ForkJoinPool.java:1312)
	at java.base/java.util.concurrent.ForkJoinPool.scan(ForkJoinPool.java:1843)
	at java.base/java.util.concurrent.ForkJoinPool.runWorker(ForkJoinPool.java:1808)
	at java.base/java.util.concurrent.ForkJoinWorkerThread.run(ForkJoinWorkerThread.java:188)

2026-08+00-14 13:57:19 INFO [io.apicurio.tests.utils.TestSeparator] (main) io.apicurio.tests.serdes.apicurio.AvroSerdeIT.testAvroSerDesFailDifferentSchemaByRecordName-FINISHED
2026-08+00-14 13:57:19 INFO [io.apicurio.tests.utils.TestSeparator] (main) ############################################################################
Test passed: testAvroSerDesFailDifferentSchemaByRecordName
]]></system-out>
  </testcase>
  <testcase name="testTopicIdStrategyFindLatest" classname="io.apicurio.tests.serdes.apicurio.AvroSerdeIT" time="4.833">
    <system-out><![CDATA[2026-08+00-14 13:57:19 INFO [io.apicurio.tests.utils.TestSeparator] (main) ############################################################################
2026-08+00-14 13:57:19 INFO [io.apicurio.tests.utils.TestSeparator] (main) io.apicurio.tests.serdes.apicurio.AvroSerdeIT.testTopicIdStrategyFindLatest-STARTED
2026-08+00-14 13:57:19 INFO [io.apicurio.tests.serdes.apicurio.AvroSerdeIT] (main) Registering Avro Schema: {"type":"record","name":"myrecordapicurio1","fields":[{"name":"key11786715839297","type":"string"}]}
**** Registry Base URL: http://registry-app-inmemory.apps.ci420.apicurio-testing.org:80
2026-08+00-14 13:57:20 INFO [io.apicurio.tests.serdes.apicurio.SimpleSerdesTesterBuilder$SimpleSerdesTester] (main) Using producer configuration: {apicurio.registry.find-latest=true, apicurio.registry.url=http://registry-app-inmemory.apps.ci420.apicurio-testing.org:80/apis/registry/v3, apicurio.registry.artifact-resolver-strategy=io.apicurio.registry.serde.strategy.TopicIdStrategy, value.serializer=io.apicurio.registry.serde.avro.AvroKafkaSerializer, request.timeout.ms=5000, acks=all, bootstrap.servers=PLAINTEXT://localhost:32769, connections.max.idle.ms=10000, key.serializer=org.apache.kafka.common.serialization.StringSerializer, client.id=Producer-topic-a8e18034_39fd_4047_b593_841e2b5c55bc}
2026-08+00-14 13:57:20 INFO [io.apicurio.tests.serdes.apicurio.SimpleSerdesTesterBuilder$SimpleSerdesTester] (main) Using consumer configuration: {}
2026-08+00-14 13:57:20 INFO [io.apicurio.tests.serdes.apicurio.KafkaSerdesTester] (ForkJoinPool.commonPool-worker-2) Sending message {"key11786715839297": "value-0"} to topic topic-a8e18034_39fd_4047_b593_841e2b5c55bc
2026-08+00-14 13:57:20 INFO [io.apicurio.tests.serdes.apicurio.KafkaSerdesTester] (ForkJoinPool.commonPool-worker-2) Sending message {"key11786715839297": "value-1"} to topic topic-a8e18034_39fd_4047_b593_841e2b5c55bc
2026-08+00-14 13:57:20 INFO [io.apicurio.tests.serdes.apicurio.KafkaSerdesTester] (ForkJoinPool.commonPool-worker-2) Sending message {"key11786715839297": "value-2"} to topic topic-a8e18034_39fd_4047_b593_841e2b5c55bc
2026-08+00-14 13:57:20 INFO [io.apicurio.tests.serdes.apicurio.KafkaSerdesTester] (ForkJoinPool.commonPool-worker-2) Sending message {"key11786715839297": "value-3"} to topic topic-a8e18034_39fd_4047_b593_841e2b5c55bc
2026-08+00-14 13:57:20 INFO [io.apicurio.tests.serdes.apicurio.KafkaSerdesTester] (ForkJoinPool.commonPool-worker-2) Sending message {"key11786715839297": "value-4"} to topic topic-a8e18034_39fd_4047_b593_841e2b5c55bc
2026-08+00-14 13:57:20 INFO [io.apicurio.tests.serdes.apicurio.KafkaSerdesTester] (ForkJoinPool.commonPool-worker-2) Sending message {"key11786715839297": "value-5"} to topic topic-a8e18034_39fd_4047_b593_841e2b5c55bc
2026-08+00-14 13:57:20 INFO [io.apicurio.tests.serdes.apicurio.KafkaSerdesTester] (ForkJoinPool.commonPool-worker-2) Sending message {"key11786715839297": "value-6"} to topic topic-a8e18034_39fd_4047_b593_841e2b5c55bc
2026-08+00-14 13:57:20 INFO [io.apicurio.tests.serdes.apicurio.KafkaSerdesTester] (ForkJoinPool.commonPool-worker-2) Sending message {"key11786715839297": "value-7"} to topic topic-a8e18034_39fd_4047_b593_841e2b5c55bc
2026-08+00-14 13:57:20 INFO [io.apicurio.tests.serdes.apicurio.KafkaSerdesTester] (ForkJoinPool.commonPool-worker-2) Sending message {"key11786715839297": "value-8"} to topic topic-a8e18034_39fd_4047_b593_841e2b5c55bc
2026-08+00-14 13:57:20 INFO [io.apicurio.tests.serdes.apicurio.KafkaSerdesTester] (ForkJoinPool.commonPool-worker-2) Sending message {"key11786715839297": "value-9"} to topic topic-a8e18034_39fd_4047_b593_841e2b5c55bc
2026-08+00-14 13:57:20 INFO [io.apicurio.tests.serdes.apicurio.KafkaSerdesTester] (ForkJoinPool.commonPool-worker-2) Produced 10 messages
**** Registry Base URL: http://registry-app-inmemory.apps.ci420.apicurio-testing.org:80
2026-08+00-14 13:57:21 INFO [io.apicurio.tests.serdes.apicurio.KafkaSerdesTester] (ForkJoinPool.commonPool-worker-2) None found
2026-08+00-14 13:57:22 INFO [io.apicurio.tests.serdes.apicurio.KafkaSerdesTester] (ForkJoinPool.commonPool-worker-2) None found
2026-08+00-14 13:57:23 INFO [io.apicurio.tests.serdes.apicurio.KafkaSerdesTester] (ForkJoinPool.commonPool-worker-2) None found
2026-08+00-14 13:57:23 INFO [io.apicurio.tests.serdes.apicurio.KafkaSerdesTester] (ForkJoinPool.commonPool-worker-2) topic-a8e18034_39fd_4047_b593_841e2b5c55bc 0 0 {"key11786715839297": "value-0"}
2026-08+00-14 13:57:23 INFO [io.apicurio.tests.serdes.apicurio.KafkaSerdesTester] (ForkJoinPool.commonPool-worker-2) topic-a8e18034_39fd_4047_b593_841e2b5c55bc 0 1 {"key11786715839297": "value-1"}
2026-08+00-14 13:57:23 INFO [io.apicurio.tests.serdes.apicurio.KafkaSerdesTester] (ForkJoinPool.commonPool-worker-2) topic-a8e18034_39fd_4047_b593_841e2b5c55bc 0 2 {"key11786715839297": "value-2"}
2026-08+00-14 13:57:23 INFO [io.apicurio.tests.serdes.apicurio.KafkaSerdesTester] (ForkJoinPool.commonPool-worker-2) topic-a8e18034_39fd_4047_b593_841e2b5c55bc 0 3 {"key11786715839297": "value-3"}
2026-08+00-14 13:57:23 INFO [io.apicurio.tests.serdes.apicurio.KafkaSerdesTester] (ForkJoinPool.commonPool-worker-2) topic-a8e18034_39fd_4047_b593_841e2b5c55bc 0 4 {"key11786715839297": "value-4"}
2026-08+00-14 13:57:23 INFO [io.apicurio.tests.serdes.apicurio.KafkaSerdesTester] (ForkJoinPool.commonPool-worker-2) topic-a8e18034_39fd_4047_b593_841e2b5c55bc 0 5 {"key11786715839297": "value-5"}
2026-08+00-14 13:57:23 INFO [io.apicurio.tests.serdes.apicurio.KafkaSerdesTester] (ForkJoinPool.commonPool-worker-2) topic-a8e18034_39fd_4047_b593_841e2b5c55bc 0 6 {"key11786715839297": "value-6"}
2026-08+00-14 13:57:23 INFO [io.apicurio.tests.serdes.apicurio.KafkaSerdesTester] (ForkJoinPool.commonPool-worker-2) topic-a8e18034_39fd_4047_b593_841e2b5c55bc 0 7 {"key11786715839297": "value-7"}
2026-08+00-14 13:57:23 INFO [io.apicurio.tests.serdes.apicurio.KafkaSerdesTester] (ForkJoinPool.commonPool-worker-2) topic-a8e18034_39fd_4047_b593_841e2b5c55bc 0 8 {"key11786715839297": "value-8"}
2026-08+00-14 13:57:23 INFO [io.apicurio.tests.serdes.apicurio.KafkaSerdesTester] (ForkJoinPool.commonPool-worker-2) topic-a8e18034_39fd_4047_b593_841e2b5c55bc 0 9 {"key11786715839297": "value-9"}
2026-08+00-14 13:57:23 INFO [io.apicurio.tests.serdes.apicurio.KafkaSerdesTester] (ForkJoinPool.commonPool-worker-2) Consumed 10 messages
2026-08+00-14 13:57:24 INFO [io.apicurio.tests.utils.TestSeparator] (main) io.apicurio.tests.serdes.apicurio.AvroSerdeIT.testTopicIdStrategyFindLatest-FINISHED
2026-08+00-14 13:57:24 INFO [io.apicurio.tests.utils.TestSeparator] (main) ############################################################################
Test passed: testTopicIdStrategyFindLatest
]]></system-out>
  </testcase>
  <testcase name="testAvroUnionWithSpecificReader" classname="io.apicurio.tests.serdes.apicurio.AvroSerdeIT" time="3.989">
    <system-out><![CDATA[2026-08+00-14 13:57:24 INFO [io.apicurio.tests.utils.TestSeparator] (main) ############################################################################
2026-08+00-14 13:57:24 INFO [io.apicurio.tests.utils.TestSeparator] (main) io.apicurio.tests.serdes.apicurio.AvroSerdeIT.testAvroUnionWithSpecificReader-STARTED
**** Registry Base URL: http://registry-app-inmemory.apps.ci420.apicurio-testing.org:80
2026-08+00-14 13:57:24 INFO [io.apicurio.tests.serdes.apicurio.SimpleSerdesTesterBuilder$SimpleSerdesTester] (main) Using producer configuration: {apicurio.registry.url=http://registry-app-inmemory.apps.ci420.apicurio-testing.org:80/apis/registry/v3, apicurio.registry.auto-register=true, apicurio.registry.artifact-resolver-strategy=io.apicurio.registry.serde.strategy.TopicIdStrategy, value.serializer=io.apicurio.registry.serde.avro.AvroKafkaSerializer, request.timeout.ms=5000, acks=all, bootstrap.servers=PLAINTEXT://localhost:32769, connections.max.idle.ms=10000, key.serializer=org.apache.kafka.common.serialization.StringSerializer, client.id=Producer-topic-e7c37b39_b9c3_401c_87c3_67aaee2c3e3c}
2026-08+00-14 13:57:24 INFO [io.apicurio.tests.serdes.apicurio.SimpleSerdesTesterBuilder$SimpleSerdesTester] (main) Using consumer configuration: {}
2026-08+00-14 13:57:24 INFO [io.apicurio.tests.serdes.apicurio.KafkaSerdesTester] (ForkJoinPool.commonPool-worker-2) Sending message {"id": "record-0"} to topic topic-e7c37b39_b9c3_401c_87c3_67aaee2c3e3c
2026-08+00-14 13:57:24 WARN [org.apache.kafka.clients.NetworkClient$DefaultMetadataUpdater] (kafka-producer-network-thread | Producer-topic-e7c37b39_b9c3_401c_87c3_67aaee2c3e3c) [Producer clientId=Producer-topic-e7c37b39_b9c3_401c_87c3_67aaee2c3e3c] The metadata response from the cluster reported a recoverable issue with correlation id 1 : {topic-e7c37b39_b9c3_401c_87c3_67aaee2c3e3c=UNKNOWN_TOPIC_OR_PARTITION}
2026-08+00-14 13:57:24 INFO [io.apicurio.tests.serdes.apicurio.KafkaSerdesTester] (ForkJoinPool.commonPool-worker-2) Sending message {"value": 1} to topic topic-e7c37b39_b9c3_401c_87c3_67aaee2c3e3c
2026-08+00-14 13:57:24 INFO [io.apicurio.tests.serdes.apicurio.KafkaSerdesTester] (ForkJoinPool.commonPool-worker-2) Sending message {"active": true} to topic topic-e7c37b39_b9c3_401c_87c3_67aaee2c3e3c
2026-08+00-14 13:57:24 INFO [io.apicurio.tests.serdes.apicurio.KafkaSerdesTester] (ForkJoinPool.commonPool-worker-2) Sending message {"id": "record-3"} to topic topic-e7c37b39_b9c3_401c_87c3_67aaee2c3e3c
2026-08+00-14 13:57:24 INFO [io.apicurio.tests.serdes.apicurio.KafkaSerdesTester] (ForkJoinPool.commonPool-worker-2) Sending message {"value": 4} to topic topic-e7c37b39_b9c3_401c_87c3_67aaee2c3e3c
2026-08+00-14 13:57:24 INFO [io.apicurio.tests.serdes.apicurio.KafkaSerdesTester] (ForkJoinPool.commonPool-worker-2) Sending message {"active": false} to topic topic-e7c37b39_b9c3_401c_87c3_67aaee2c3e3c
2026-08+00-14 13:57:24 INFO [io.apicurio.tests.serdes.apicurio.KafkaSerdesTester] (ForkJoinPool.commonPool-worker-2) Sending message {"id": "record-6"} to topic topic-e7c37b39_b9c3_401c_87c3_67aaee2c3e3c
2026-08+00-14 13:57:24 INFO [io.apicurio.tests.serdes.apicurio.KafkaSerdesTester] (ForkJoinPool.commonPool-worker-2) Sending message {"value": 7} to topic topic-e7c37b39_b9c3_401c_87c3_67aaee2c3e3c
2026-08+00-14 13:57:24 INFO [io.apicurio.tests.serdes.apicurio.KafkaSerdesTester] (ForkJoinPool.commonPool-worker-2) Sending message {"active": true} to topic topic-e7c37b39_b9c3_401c_87c3_67aaee2c3e3c
2026-08+00-14 13:57:24 INFO [io.apicurio.tests.serdes.apicurio.KafkaSerdesTester] (ForkJoinPool.commonPool-worker-2) Sending message {"id": "record-9"} to topic topic-e7c37b39_b9c3_401c_87c3_67aaee2c3e3c
2026-08+00-14 13:57:24 INFO [io.apicurio.tests.serdes.apicurio.KafkaSerdesTester] (ForkJoinPool.commonPool-worker-2) Produced 10 messages
2026-08+00-14 13:57:24 INFO [io.apicurio.tests.serdes.apicurio.AvroSerdeIT] (main) Artifact topic-e7c37b39_b9c3_401c_87c3_67aaee2c3e3c-value found in registry with globalId 27
**** Registry Base URL: http://registry-app-inmemory.apps.ci420.apicurio-testing.org:80
2026-08+00-14 13:57:25 INFO [io.apicurio.tests.serdes.apicurio.KafkaSerdesTester] (ForkJoinPool.commonPool-worker-2) None found
2026-08+00-14 13:57:26 INFO [io.apicurio.tests.serdes.apicurio.KafkaSerdesTester] (ForkJoinPool.commonPool-worker-2) None found
2026-08+00-14 13:57:27 INFO [io.apicurio.tests.serdes.apicurio.KafkaSerdesTester] (ForkJoinPool.commonPool-worker-2) None found
2026-08+00-14 13:57:27 INFO [io.apicurio.tests.serdes.apicurio.KafkaSerdesTester] (ForkJoinPool.commonPool-worker-2) topic-e7c37b39_b9c3_401c_87c3_67aaee2c3e3c 0 0 {"id": "record-0"}
2026-08+00-14 13:57:27 INFO [io.apicurio.tests.serdes.apicurio.KafkaSerdesTester] (ForkJoinPool.commonPool-worker-2) topic-e7c37b39_b9c3_401c_87c3_67aaee2c3e3c 0 1 {"value": 1}
2026-08+00-14 13:57:27 INFO [io.apicurio.tests.serdes.apicurio.KafkaSerdesTester] (ForkJoinPool.commonPool-worker-2) topic-e7c37b39_b9c3_401c_87c3_67aaee2c3e3c 0 2 {"active": true}
2026-08+00-14 13:57:27 INFO [io.apicurio.tests.serdes.apicurio.KafkaSerdesTester] (ForkJoinPool.commonPool-worker-2) topic-e7c37b39_b9c3_401c_87c3_67aaee2c3e3c 0 3 {"id": "record-3"}
2026-08+00-14 13:57:27 INFO [io.apicurio.tests.serdes.apicurio.KafkaSerdesTester] (ForkJoinPool.commonPool-worker-2) topic-e7c37b39_b9c3_401c_87c3_67aaee2c3e3c 0 4 {"value": 4}
2026-08+00-14 13:57:27 INFO [io.apicurio.tests.serdes.apicurio.KafkaSerdesTester] (ForkJoinPool.commonPool-worker-2) topic-e7c37b39_b9c3_401c_87c3_67aaee2c3e3c 0 5 {"active": false}
2026-08+00-14 13:57:27 INFO [io.apicurio.tests.serdes.apicurio.KafkaSerdesTester] (ForkJoinPool.commonPool-worker-2) topic-e7c37b39_b9c3_401c_87c3_67aaee2c3e3c 0 6 {"id": "record-6"}
2026-08+00-14 13:57:27 INFO [io.apicurio.tests.serdes.apicurio.KafkaSerdesTester] (ForkJoinPool.commonPool-worker-2) topic-e7c37b39_b9c3_401c_87c3_67aaee2c3e3c 0 7 {"value": 7}
2026-08+00-14 13:57:27 INFO [io.apicurio.tests.serdes.apicurio.KafkaSerdesTester] (ForkJoinPool.commonPool-worker-2) topic-e7c37b39_b9c3_401c_87c3_67aaee2c3e3c 0 8 {"active": true}
2026-08+00-14 13:57:27 INFO [io.apicurio.tests.serdes.apicurio.KafkaSerdesTester] (ForkJoinPool.commonPool-worker-2) topic-e7c37b39_b9c3_401c_87c3_67aaee2c3e3c 0 9 {"id": "record-9"}
2026-08+00-14 13:57:27 INFO [io.apicurio.tests.serdes.apicurio.KafkaSerdesTester] (ForkJoinPool.commonPool-worker-2) Consumed 10 messages
2026-08+00-14 13:57:28 INFO [io.apicurio.tests.utils.TestSeparator] (main) io.apicurio.tests.serdes.apicurio.AvroSerdeIT.testAvroUnionWithSpecificReader-FINISHED
2026-08+00-14 13:57:28 INFO [io.apicurio.tests.utils.TestSeparator] (main) ############################################################################
Test passed: testAvroUnionWithSpecificReader
]]></system-out>
  </testcase>
  <testcase name="testEvolveAvroApicurioReusingClient" classname="io.apicurio.tests.serdes.apicurio.AvroSerdeIT" time="7.139">
    <system-out><![CDATA[2026-08+00-14 13:57:28 INFO [io.apicurio.tests.utils.TestSeparator] (main) ############################################################################
2026-08+00-14 13:57:28 INFO [io.apicurio.tests.utils.TestSeparator] (main) io.apicurio.tests.serdes.apicurio.AvroSerdeIT.testEvolveAvroApicurioReusingClient-STARTED
2026-08+00-14 13:57:28 INFO [io.apicurio.tests.serdes.apicurio.AvroSerdeIT] (main) Registering Avro Schema: {"type":"record","name":"s5646e7acxdbe9x468bxafa9x4e483c86e137","namespace":"ns_a285313b_3721_426d_b3f5_8281f055d1e7","fields":[{"name":"key11786715848120","type":"string"}]}
**** Registry Base URL: http://registry-app-inmemory.apps.ci420.apicurio-testing.org:80
**** Registry Base URL: http://registry-app-inmemory.apps.ci420.apicurio-testing.org:80
2026-08+00-14 13:57:29 INFO [io.apicurio.tests.serdes.apicurio.KafkaSerdesTester] (ForkJoinPool.commonPool-worker-2) Sending message {"key11786715848120": "value-0"} to topic topic-0f312615_38f6_4550_8742_2dcbbe72be1d
2026-08+00-14 13:57:29 INFO [io.apicurio.tests.serdes.apicurio.KafkaSerdesTester] (ForkJoinPool.commonPool-worker-2) Sending message {"key11786715848120": "value-1"} to topic topic-0f312615_38f6_4550_8742_2dcbbe72be1d
2026-08+00-14 13:57:29 INFO [io.apicurio.tests.serdes.apicurio.KafkaSerdesTester] (ForkJoinPool.commonPool-worker-2) Sending message {"key11786715848120": "value-2"} to topic topic-0f312615_38f6_4550_8742_2dcbbe72be1d
2026-08+00-14 13:57:29 INFO [io.apicurio.tests.serdes.apicurio.KafkaSerdesTester] (ForkJoinPool.commonPool-worker-2) Sending message {"key11786715848120": "value-3"} to topic topic-0f312615_38f6_4550_8742_2dcbbe72be1d
2026-08+00-14 13:57:29 INFO [io.apicurio.tests.serdes.apicurio.KafkaSerdesTester] (ForkJoinPool.commonPool-worker-2) Sending message {"key11786715848120": "value-4"} to topic topic-0f312615_38f6_4550_8742_2dcbbe72be1d
2026-08+00-14 13:57:29 INFO [io.apicurio.tests.serdes.apicurio.KafkaSerdesTester] (ForkJoinPool.commonPool-worker-2) Sending message {"key11786715848120": "value-5"} to topic topic-0f312615_38f6_4550_8742_2dcbbe72be1d
2026-08+00-14 13:57:29 INFO [io.apicurio.tests.serdes.apicurio.KafkaSerdesTester] (ForkJoinPool.commonPool-worker-2) Sending message {"key11786715848120": "value-6"} to topic topic-0f312615_38f6_4550_8742_2dcbbe72be1d
2026-08+00-14 13:57:29 INFO [io.apicurio.tests.serdes.apicurio.KafkaSerdesTester] (ForkJoinPool.commonPool-worker-2) Sending message {"key11786715848120": "value-7"} to topic topic-0f312615_38f6_4550_8742_2dcbbe72be1d
2026-08+00-14 13:57:29 INFO [io.apicurio.tests.serdes.apicurio.KafkaSerdesTester] (ForkJoinPool.commonPool-worker-2) Sending message {"key11786715848120": "value-8"} to topic topic-0f312615_38f6_4550_8742_2dcbbe72be1d
2026-08+00-14 13:57:29 INFO [io.apicurio.tests.serdes.apicurio.KafkaSerdesTester] (ForkJoinPool.commonPool-worker-2) Sending message {"key11786715848120": "value-9"} to topic topic-0f312615_38f6_4550_8742_2dcbbe72be1d
2026-08+00-14 13:57:29 INFO [io.apicurio.tests.serdes.apicurio.KafkaSerdesTester] (ForkJoinPool.commonPool-worker-2) Produced 10 messages
2026-08+00-14 13:57:30 INFO [io.apicurio.tests.serdes.apicurio.KafkaSerdesTester] (ForkJoinPool.commonPool-worker-2) None found
2026-08+00-14 13:57:31 INFO [io.apicurio.tests.serdes.apicurio.KafkaSerdesTester] (ForkJoinPool.commonPool-worker-2) None found
2026-08+00-14 13:57:32 INFO [io.apicurio.tests.serdes.apicurio.KafkaSerdesTester] (ForkJoinPool.commonPool-worker-2) None found
2026-08+00-14 13:57:32 INFO [io.apicurio.tests.serdes.apicurio.KafkaSerdesTester] (ForkJoinPool.commonPool-worker-2) topic-0f312615_38f6_4550_8742_2dcbbe72be1d 0 0 {"key11786715848120": "value-0"}
2026-08+00-14 13:57:32 INFO [io.apicurio.tests.serdes.apicurio.KafkaSerdesTester] (ForkJoinPool.commonPool-worker-2) topic-0f312615_38f6_4550_8742_2dcbbe72be1d 0 1 {"key11786715848120": "value-1"}
2026-08+00-14 13:57:32 INFO [io.apicurio.tests.serdes.apicurio.KafkaSerdesTester] (ForkJoinPool.commonPool-worker-2) topic-0f312615_38f6_4550_8742_2dcbbe72be1d 0 2 {"key11786715848120": "value-2"}
2026-08+00-14 13:57:32 INFO [io.apicurio.tests.serdes.apicurio.KafkaSerdesTester] (ForkJoinPool.commonPool-worker-2) topic-0f312615_38f6_4550_8742_2dcbbe72be1d 0 3 {"key11786715848120": "value-3"}
2026-08+00-14 13:57:32 INFO [io.apicurio.tests.serdes.apicurio.KafkaSerdesTester] (ForkJoinPool.commonPool-worker-2) topic-0f312615_38f6_4550_8742_2dcbbe72be1d 0 4 {"key11786715848120": "value-4"}
2026-08+00-14 13:57:32 INFO [io.apicurio.tests.serdes.apicurio.KafkaSerdesTester] (ForkJoinPool.commonPool-worker-2) topic-0f312615_38f6_4550_8742_2dcbbe72be1d 0 5 {"key11786715848120": "value-5"}
2026-08+00-14 13:57:32 INFO [io.apicurio.tests.serdes.apicurio.KafkaSerdesTester] (ForkJoinPool.commonPool-worker-2) topic-0f312615_38f6_4550_8742_2dcbbe72be1d 0 6 {"key11786715848120": "value-6"}
2026-08+00-14 13:57:32 INFO [io.apicurio.tests.serdes.apicurio.KafkaSerdesTester] (ForkJoinPool.commonPool-worker-2) topic-0f312615_38f6_4550_8742_2dcbbe72be1d 0 7 {"key11786715848120": "value-7"}
2026-08+00-14 13:57:32 INFO [io.apicurio.tests.serdes.apicurio.KafkaSerdesTester] (ForkJoinPool.commonPool-worker-2) topic-0f312615_38f6_4550_8742_2dcbbe72be1d 0 8 {"key11786715848120": "value-8"}
2026-08+00-14 13:57:32 INFO [io.apicurio.tests.serdes.apicurio.KafkaSerdesTester] (ForkJoinPool.commonPool-worker-2) topic-0f312615_38f6_4550_8742_2dcbbe72be1d 0 9 {"key11786715848120": "value-9"}
2026-08+00-14 13:57:32 INFO [io.apicurio.tests.serdes.apicurio.KafkaSerdesTester] (ForkJoinPool.commonPool-worker-2) Consumed 10 messages
2026-08+00-14 13:57:32 INFO [io.apicurio.tests.serdes.apicurio.AvroSerdeIT] (main) Registering Avro Schema 2: {"type":"record","name":"s5646e7acxdbe9x468bxafa9x4e483c86e137","namespace":"ns_a285313b_3721_426d_b3f5_8281f055d1e7","fields":[{"name":"key11786715848120","type":"string"},{"name":"key21786715852349","type":"string"}]}
2026-08+00-14 13:57:33 INFO [io.apicurio.tests.serdes.apicurio.KafkaSerdesTester] (ForkJoinPool.commonPool-worker-2) Sending message {"key11786715848120": "value-0", "key21786715852349": "value-0"} to topic topic-0f312615_38f6_4550_8742_2dcbbe72be1d
2026-08+00-14 13:57:33 INFO [io.apicurio.tests.serdes.apicurio.KafkaSerdesTester] (ForkJoinPool.commonPool-worker-2) Sending message {"key11786715848120": "value-1", "key21786715852349": "value-1"} to topic topic-0f312615_38f6_4550_8742_2dcbbe72be1d
2026-08+00-14 13:57:33 INFO [io.apicurio.tests.serdes.apicurio.KafkaSerdesTester] (ForkJoinPool.commonPool-worker-2) Sending message {"key11786715848120": "value-2", "key21786715852349": "value-2"} to topic topic-0f312615_38f6_4550_8742_2dcbbe72be1d
2026-08+00-14 13:57:33 INFO [io.apicurio.tests.serdes.apicurio.KafkaSerdesTester] (ForkJoinPool.commonPool-worker-2) Sending message {"key11786715848120": "value-3", "key21786715852349": "value-3"} to topic topic-0f312615_38f6_4550_8742_2dcbbe72be1d
2026-08+00-14 13:57:33 INFO [io.apicurio.tests.serdes.apicurio.KafkaSerdesTester] (ForkJoinPool.commonPool-worker-2) Sending message {"key11786715848120": "value-4", "key21786715852349": "value-4"} to topic topic-0f312615_38f6_4550_8742_2dcbbe72be1d
[...]
	at io.apicurio.registry.serde.kafka.KafkaSerializer.serialize(KafkaSerializer.java:92)
	at org.apache.kafka.clients.producer.KafkaProducer.doSend(KafkaProducer.java:1046)
	at org.apache.kafka.clients.producer.KafkaProducer.send(KafkaProducer.java:993)
	at org.apache.kafka.clients.producer.KafkaProducer.send(KafkaProducer.java:875)
	at io.apicurio.tests.serdes.apicurio.KafkaSerdesTester.lambda$produceMessages$3(KafkaSerdesTester.java:138)
	at java.base/java.util.concurrent.CompletableFuture$AsyncSupply.run(CompletableFuture.java:1768)
	at java.base/java.util.concurrent.CompletableFuture$AsyncSupply.exec(CompletableFuture.java:1760)
	at java.base/java.util.concurrent.ForkJoinTask.doExec(ForkJoinTask.java:387)
	at java.base/java.util.concurrent.ForkJoinPool$WorkQueue.topLevelExec(ForkJoinPool.java:1312)
	at java.base/java.util.concurrent.ForkJoinPool.scan(ForkJoinPool.java:1843)
	at java.base/java.util.concurrent.ForkJoinPool.runWorker(ForkJoinPool.java:1808)
	at java.base/java.util.concurrent.ForkJoinWorkerThread.run(ForkJoinWorkerThread.java:188)

2026-08+00-14 13:58:07 INFO [io.apicurio.tests.utils.TestSeparator] (main) io.apicurio.tests.serdes.apicurio.AvroSerdeIT.testFirstRequestFailsRateLimited-FINISHED
2026-08+00-14 13:58:07 INFO [io.apicurio.tests.utils.TestSeparator] (main) ############################################################################
Test passed: testFirstRequestFailsRateLimited
]]></system-out>
  </testcase>
  <testcase name="testFirstEmptyFieldConfusedAsMagicByte" classname="io.apicurio.tests.serdes.apicurio.AvroSerdeIT" time="3.874">
    <system-out><![CDATA[2026-08+00-14 13:58:07 INFO [io.apicurio.tests.utils.TestSeparator] (main) ############################################################################
2026-08+00-14 13:58:07 INFO [io.apicurio.tests.utils.TestSeparator] (main) io.apicurio.tests.serdes.apicurio.AvroSerdeIT.testFirstEmptyFieldConfusedAsMagicByte-STARTED
**** Registry Base URL: http://registry-app-inmemory.apps.ci420.apicurio-testing.org:80
2026-08+00-14 13:58:07 INFO [io.apicurio.tests.serdes.apicurio.SimpleSerdesTesterBuilder$SimpleSerdesTester] (main) Using producer configuration: {apicurio.registry.url=http://registry-app-inmemory.apps.ci420.apicurio-testing.org:80/apis/registry/v3, apicurio.registry.auto-register=true, apicurio.registry.artifact-resolver-strategy=io.apicurio.registry.serde.strategy.SimpleTopicIdStrategy, value.serializer=io.apicurio.registry.serde.avro.AvroKafkaSerializer, request.timeout.ms=5000, acks=all, bootstrap.servers=PLAINTEXT://localhost:32769, connections.max.idle.ms=10000, key.serializer=org.apache.kafka.common.serialization.StringSerializer, client.id=Producer-topic-30596fdb_b1a7_47d2_a4d2_2aeaf81eff1d}
2026-08+00-14 13:58:07 INFO [io.apicurio.tests.serdes.apicurio.SimpleSerdesTesterBuilder$SimpleSerdesTester] (main) Using consumer configuration: {}
2026-08+00-14 13:58:07 INFO [io.apicurio.tests.serdes.apicurio.KafkaSerdesTester] (ForkJoinPool.commonPool-worker-2) Sending message {"username": null} to topic topic-30596fdb_b1a7_47d2_a4d2_2aeaf81eff1d
2026-08+00-14 13:58:07 WARN [org.apache.kafka.clients.NetworkClient$DefaultMetadataUpdater] (kafka-producer-network-thread | Producer-topic-30596fdb_b1a7_47d2_a4d2_2aeaf81eff1d) [Producer clientId=Producer-topic-30596fdb_b1a7_47d2_a4d2_2aeaf81eff1d] The metadata response from the cluster reported a recoverable issue with correlation id 1 : {topic-30596fdb_b1a7_47d2_a4d2_2aeaf81eff1d=UNKNOWN_TOPIC_OR_PARTITION}
2026-08+00-14 13:58:07 INFO [io.apicurio.tests.serdes.apicurio.KafkaSerdesTester] (ForkJoinPool.commonPool-worker-2) Sending message {"username": null} to topic topic-30596fdb_b1a7_47d2_a4d2_2aeaf81eff1d
2026-08+00-14 13:58:07 INFO [io.apicurio.tests.serdes.apicurio.KafkaSerdesTester] (ForkJoinPool.commonPool-worker-2) Sending message {"username": "value-2"} to topic topic-30596fdb_b1a7_47d2_a4d2_2aeaf81eff1d
2026-08+00-14 13:58:07 INFO [io.apicurio.tests.serdes.apicurio.KafkaSerdesTester] (ForkJoinPool.commonPool-worker-2) Sending message {"username": null} to topic topic-30596fdb_b1a7_47d2_a4d2_2aeaf81eff1d
2026-08+00-14 13:58:07 INFO [io.apicurio.tests.serdes.apicurio.KafkaSerdesTester] (ForkJoinPool.commonPool-worker-2) Sending message {"username": "value-4"} to topic topic-30596fdb_b1a7_47d2_a4d2_2aeaf81eff1d
2026-08+00-14 13:58:07 INFO [io.apicurio.tests.serdes.apicurio.KafkaSerdesTester] (ForkJoinPool.commonPool-worker-2) Sending message {"username": null} to topic topic-30596fdb_b1a7_47d2_a4d2_2aeaf81eff1d
2026-08+00-14 13:58:07 INFO [io.apicurio.tests.serdes.apicurio.KafkaSerdesTester] (ForkJoinPool.commonPool-worker-2) Sending message {"username": "value-6"} to topic topic-30596fdb_b1a7_47d2_a4d2_2aeaf81eff1d
2026-08+00-14 13:58:07 INFO [io.apicurio.tests.serdes.apicurio.KafkaSerdesTester] (ForkJoinPool.commonPool-worker-2) Sending message {"username": null} to topic topic-30596fdb_b1a7_47d2_a4d2_2aeaf81eff1d
2026-08+00-14 13:58:07 INFO [io.apicurio.tests.serdes.apicurio.KafkaSerdesTester] (ForkJoinPool.commonPool-worker-2) Sending message {"username": "value-8"} to topic topic-30596fdb_b1a7_47d2_a4d2_2aeaf81eff1d
2026-08+00-14 13:58:07 INFO [io.apicurio.tests.serdes.apicurio.KafkaSerdesTester] (ForkJoinPool.commonPool-worker-2) Sending message {"username": null} to topic topic-30596fdb_b1a7_47d2_a4d2_2aeaf81eff1d
2026-08+00-14 13:58:07 INFO [io.apicurio.tests.serdes.apicurio.KafkaSerdesTester] (ForkJoinPool.commonPool-worker-2) Produced 10 messages
**** Registry Base URL: http://registry-app-inmemory.apps.ci420.apicurio-testing.org:80
2026-08+00-14 13:58:08 INFO [io.apicurio.tests.serdes.apicurio.KafkaSerdesTester] (ForkJoinPool.commonPool-worker-2) None found
2026-08+00-14 13:58:09 INFO [io.apicurio.tests.serdes.apicurio.KafkaSerdesTester] (ForkJoinPool.commonPool-worker-2) None found
2026-08+00-14 13:58:10 INFO [io.apicurio.tests.serdes.apicurio.KafkaSerdesTester] (ForkJoinPool.commonPool-worker-2) None found
2026-08+00-14 13:58:10 INFO [io.apicurio.tests.serdes.apicurio.KafkaSerdesTester] (ForkJoinPool.commonPool-worker-2) topic-30596fdb_b1a7_47d2_a4d2_2aeaf81eff1d 0 0 {"username": null}
2026-08+00-14 13:58:10 INFO [io.apicurio.tests.serdes.apicurio.KafkaSerdesTester] (ForkJoinPool.commonPool-worker-2) topic-30596fdb_b1a7_47d2_a4d2_2aeaf81eff1d 0 1 {"username": null}
2026-08+00-14 13:58:10 INFO [io.apicurio.tests.serdes.apicurio.KafkaSerdesTester] (ForkJoinPool.commonPool-worker-2) topic-30596fdb_b1a7_47d2_a4d2_2aeaf81eff1d 0 2 {"username": "value-2"}
2026-08+00-14 13:58:10 INFO [io.apicurio.tests.serdes.apicurio.KafkaSerdesTester] (ForkJoinPool.commonPool-worker-2) topic-30596fdb_b1a7_47d2_a4d2_2aeaf81eff1d 0 3 {"username": null}
2026-08+00-14 13:58:10 INFO [io.apicurio.tests.serdes.apicurio.KafkaSerdesTester] (ForkJoinPool.commonPool-worker-2) topic-30596fdb_b1a7_47d2_a4d2_2aeaf81eff1d 0 4 {"username": "value-4"}
2026-08+00-14 13:58:10 INFO [io.apicurio.tests.serdes.apicurio.KafkaSerdesTester] (ForkJoinPool.commonPool-worker-2) topic-30596fdb_b1a7_47d2_a4d2_2aeaf81eff1d 0 5 {"username": null}
2026-08+00-14 13:58:10 INFO [io.apicurio.tests.serdes.apicurio.KafkaSerdesTester] (ForkJoinPool.commonPool-worker-2) topic-30596fdb_b1a7_47d2_a4d2_2aeaf81eff1d 0 6 {"username": "value-6"}
2026-08+00-14 13:58:10 INFO [io.apicurio.tests.serdes.apicurio.KafkaSerdesTester] (ForkJoinPool.commonPool-worker-2) topic-30596fdb_b1a7_47d2_a4d2_2aeaf81eff1d 0 7 {"username": null}
2026-08+00-14 13:58:10 INFO [io.apicurio.tests.serdes.apicurio.KafkaSerdesTester] (ForkJoinPool.commonPool-worker-2) topic-30596fdb_b1a7_47d2_a4d2_2aeaf81eff1d 0 8 {"username": "value-8"}
2026-08+00-14 13:58:10 INFO [io.apicurio.tests.serdes.apicurio.KafkaSerdesTester] (ForkJoinPool.commonPool-worker-2) topic-30596fdb_b1a7_47d2_a4d2_2aeaf81eff1d 0 9 {"username": null}
2026-08+00-14 13:58:10 INFO [io.apicurio.tests.serdes.apicurio.KafkaSerdesTester] (ForkJoinPool.commonPool-worker-2) Consumed 10 messages
2026-08+00-14 13:58:11 INFO [io.apicurio.tests.utils.TestSeparator] (main) io.apicurio.tests.serdes.apicurio.AvroSerdeIT.testFirstEmptyFieldConfusedAsMagicByte-FINISHED
2026-08+00-14 13:58:11 INFO [io.apicurio.tests.utils.TestSeparator] (main) ############################################################################
Test passed: testFirstEmptyFieldConfusedAsMagicByte
]]></system-out>
  </testcase>
  <testcase name="testAvroSerDesFailDifferentSchemaByContent" classname="io.apicurio.tests.serdes.apicurio.AvroSerdeIT" time="1.155">
    <system-out><![CDATA[2026-08+00-14 13:58:11 INFO [io.apicurio.tests.utils.TestSeparator] (main) ############################################################################
2026-08+00-14 13:58:11 INFO [io.apicurio.tests.utils.TestSeparator] (main) io.apicurio.tests.serdes.apicurio.AvroSerdeIT.testAvroSerDesFailDifferentSchemaByContent-STARTED
**** Registry Base URL: http://registry-app-inmemory.apps.ci420.apicurio-testing.org:80
2026-08+00-14 13:58:12 INFO [io.apicurio.tests.serdes.apicurio.KafkaSerdesTester] (ForkJoinPool.commonPool-worker-2) Sending message {"keyB": "value-0"} to topic topic-e624eca0_7c0c_4737_af42_b51b19f56ccc
2026-08+00-14 13:58:12 ERROR [io.apicurio.registry.resolver.cache.ERCache] (ForkJoinPool.commonPool-worker-2) Cache load failed after 0 retries: java.lang.RuntimeException: Could not resolve artifact reference by content: {"type":"record","name":"scff1e8a6x9fd9x4afaxa609x863cabbe711d","namespace":"sdc2d25bfxad64x4c31x9e8bxc7b61c7d86a4","fields":[{"name":"keyB","type":"string"}]}&ArtifactReference [groupId=sdc2d25bfxad64x4c31x9e8bxc7b61c7d86a4, artifactId=scff1e8a6x9fd9x4afaxa609x863cabbe711d, version=null, globalId=null, contentId=null, contentHash=null]
	at io.apicurio.registry.resolver.DefaultSchemaResolver.lambda$handleResolveSchemaByContent$3(DefaultSchemaResolver.java:307)
	at io.apicurio.registry.resolver.cache.ERCache.lambda$performRefresh$6(ERCache.java:355)
	at io.apicurio.registry.resolver.cache.ERCache.retry(ERCache.java:433)
	at io.apicurio.registry.resolver.cache.ERCache.performRefresh(ERCache.java:354)
	at io.apicurio.registry.resolver.cache.ERCache.getValue(ERCache.java:264)
	at io.apicurio.registry.resolver.cache.ERCache.getByContent(ERCache.java:227)
	at io.apicurio.registry.resolver.DefaultSchemaResolver.handleResolveSchemaByContent(DefaultSchemaResolver.java:298)
	at io.apicurio.registry.resolver.DefaultSchemaResolver.getSchemaFromRegistry(DefaultSchemaResolver.java:186)
	at io.apicurio.registry.resolver.DefaultSchemaResolver.lambda$resolveSchema$0(DefaultSchemaResolver.java:95)
	at java.base/java.util.Optional.orElseGet(Optional.java:364)
	at io.apicurio.registry.resolver.DefaultSchemaResolver.resolveSchema(DefaultSchemaResolver.java:95)
	at io.apicurio.registry.serde.AbstractSerializer.lambda$serializeData$0(AbstractSerializer.java:160)
	at io.apicurio.registry.serde.tracing.SerDesTracer.traceSerialize(SerDesTracer.java:39)
	at io.apicurio.registry.serde.AbstractSerializer.serializeData(AbstractSerializer.java:142)
	at io.apicurio.registry.serde.kafka.KafkaSerializer.serialize(KafkaSerializer.java:92)
	at org.apache.kafka.clients.producer.KafkaProducer.doSend(KafkaProducer.java:1046)
	at org.apache.kafka.clients.producer.KafkaProducer.send(KafkaProducer.java:993)
	at org.apache.kafka.clients.producer.KafkaProducer.send(KafkaProducer.java:875)
	at io.apicurio.tests.serdes.apicurio.KafkaSerdesTester.lambda$produceMessages$3(KafkaSerdesTester.java:138)
	at java.base/java.util.concurrent.CompletableFuture$AsyncSupply.run(CompletableFuture.java:1768)
	at java.base/java.util.concurrent.CompletableFuture$AsyncSupply.exec(CompletableFuture.java:1760)
	at java.base/java.util.concurrent.ForkJoinTask.doExec(ForkJoinTask.java:387)
	at java.base/java.util.concurrent.ForkJoinPool$WorkQueue.topLevelExec(ForkJoinPool.java:1312)
	at java.base/java.util.concurrent.ForkJoinPool.scan(ForkJoinPool.java:1843)
	at java.base/java.util.concurrent.ForkJoinPool.runWorker(ForkJoinPool.java:1808)
	at java.base/java.util.concurrent.ForkJoinWorkerThread.run(ForkJoinWorkerThread.java:188)

2026-08+00-14 13:58:12 INFO [io.apicurio.tests.utils.TestSeparator] (main) io.apicurio.tests.serdes.apicurio.AvroSerdeIT.testAvroSerDesFailDifferentSchemaByContent-FINISHED
2026-08+00-14 13:58:12 INFO [io.apicurio.tests.utils.TestSeparator] (main) ############################################################################
Test passed: testAvroSerDesFailDifferentSchemaByContent
]]></system-out>
  </testcase>
  <testcase name="testGlobalIdInBody" classname="io.apicurio.tests.serdes.apicurio.AvroSerdeIT" time="3.86">
    <system-out><![CDATA[2026-08+00-14 13:58:12 INFO [io.apicurio.tests.utils.TestSeparator] (main) ############################################################################
2026-08+00-14 13:58:12 INFO [io.apicurio.tests.utils.TestSeparator] (main) io.apicurio.tests.serdes.apicurio.AvroSerdeIT.testGlobalIdInBody-STARTED
**** Registry Base URL: http://registry-app-inmemory.apps.ci420.apicurio-testing.org:80
2026-08+00-14 13:58:12 INFO [io.apicurio.tests.serdes.apicurio.SimpleSerdesTesterBuilder$SimpleSerdesTester] (main) Using producer configuration: {apicurio.registry.url=http://registry-app-inmemory.apps.ci420.apicurio-testing.org:80/apis/registry/v3, apicurio.registry.auto-register=true, apicurio.registry.use-id=globalId, apicurio.registry.artifact-resolver-strategy=io.apicurio.registry.serde.strategy.TopicIdStrategy, value.serializer=io.apicurio.registry.serde.avro.AvroKafkaSerializer, request.timeout.ms=5000, acks=all, bootstrap.servers=PLAINTEXT://localhost:32769, connections.max.idle.ms=10000, key.serializer=org.apache.kafka.common.serialization.StringSerializer, client.id=Producer-topic-fc838abb_06f7_4ba8_9601_626f1aee87a2}
2026-08+00-14 13:58:12 INFO [io.apicurio.tests.serdes.apicurio.SimpleSerdesTesterBuilder$SimpleSerdesTester] (main) Using consumer configuration: {apicurio.registry.use-id=globalId}
2026-08+00-14 13:58:12 INFO [io.apicurio.tests.serdes.apicurio.KafkaSerdesTester] (ForkJoinPool.commonPool-worker-2) Sending message {"key11786715892609": "value-0"} to topic topic-fc838abb_06f7_4ba8_9601_626f1aee87a2
2026-08+00-14 13:58:12 WARN [org.apache.kafka.clients.NetworkClient$DefaultMetadataUpdater] (kafka-producer-network-thread | Producer-topic-fc838abb_06f7_4ba8_9601_626f1aee87a2) [Producer clientId=Producer-topic-fc838abb_06f7_4ba8_9601_626f1aee87a2] The metadata response from the cluster reported a recoverable issue with correlation id 1 : {topic-fc838abb_06f7_4ba8_9601_626f1aee87a2=UNKNOWN_TOPIC_OR_PARTITION}
2026-08+00-14 13:58:12 INFO [io.apicurio.tests.serdes.apicurio.KafkaSerdesTester] (ForkJoinPool.commonPool-worker-2) Sending message {"key11786715892609": "value-1"} to topic topic-fc838abb_06f7_4ba8_9601_626f1aee87a2
2026-08+00-14 13:58:12 INFO [io.apicurio.tests.serdes.apicurio.KafkaSerdesTester] (ForkJoinPool.commonPool-worker-2) Sending message {"key11786715892609": "value-2"} to topic topic-fc838abb_06f7_4ba8_9601_626f1aee87a2
2026-08+00-14 13:58:12 INFO [io.apicurio.tests.serdes.apicurio.KafkaSerdesTester] (ForkJoinPool.commonPool-worker-2) Sending message {"key11786715892609": "value-3"} to topic topic-fc838abb_06f7_4ba8_9601_626f1aee87a2
2026-08+00-14 13:58:12 INFO [io.apicurio.tests.serdes.apicurio.KafkaSerdesTester] (ForkJoinPool.commonPool-worker-2) Sending message {"key11786715892609": "value-4"} to topic topic-fc838abb_06f7_4ba8_9601_626f1aee87a2
2026-08+00-14 13:58:12 INFO [io.apicurio.tests.serdes.apicurio.KafkaSerdesTester] (ForkJoinPool.commonPool-worker-2) Sending message {"key11786715892609": "value-5"} to topic topic-fc838abb_06f7_4ba8_9601_626f1aee87a2
2026-08+00-14 13:58:12 INFO [io.apicurio.tests.serdes.apicurio.KafkaSerdesTester] (ForkJoinPool.commonPool-worker-2) Sending message {"key11786715892609": "value-6"} to topic topic-fc838abb_06f7_4ba8_9601_626f1aee87a2
2026-08+00-14 13:58:12 INFO [io.apicurio.tests.serdes.apicurio.KafkaSerdesTester] (ForkJoinPool.commonPool-worker-2) Sending message {"key11786715892609": "value-7"} to topic topic-fc838abb_06f7_4ba8_9601_626f1aee87a2
2026-08+00-14 13:58:12 INFO [io.apicurio.tests.serdes.apicurio.KafkaSerdesTester] (ForkJoinPool.commonPool-worker-2) Sending message {"key11786715892609": "value-8"} to topic topic-fc838abb_06f7_4ba8_9601_626f1aee87a2
2026-08+00-14 13:58:12 INFO [io.apicurio.tests.serdes.apicurio.KafkaSerdesTester] (ForkJoinPool.commonPool-worker-2) Sending message {"key11786715892609": "value-9"} to topic topic-fc838abb_06f7_4ba8_9601_626f1aee87a2
2026-08+00-14 13:58:12 INFO [io.apicurio.tests.serdes.apicurio.KafkaSerdesTester] (ForkJoinPool.commonPool-worker-2) Produced 10 messages
**** Registry Base URL: http://registry-app-inmemory.apps.ci420.apicurio-testing.org:80
2026-08+00-14 13:58:13 INFO [io.apicurio.tests.serdes.apicurio.KafkaSerdesTester] (ForkJoinPool.commonPool-worker-2) None found
2026-08+00-14 13:58:14 INFO [io.apicurio.tests.serdes.apicurio.KafkaSerdesTester] (ForkJoinPool.commonPool-worker-2) None found
2026-08+00-14 13:58:15 INFO [io.apicurio.tests.serdes.apicurio.KafkaSerdesTester] (ForkJoinPool.commonPool-worker-2) None found
2026-08+00-14 13:58:15 INFO [io.apicurio.tests.serdes.apicurio.KafkaSerdesTester] (ForkJoinPool.commonPool-worker-2) topic-fc838abb_06f7_4ba8_9601_626f1aee87a2 0 0 {"key11786715892609": "value-0"}
2026-08+00-14 13:58:15 INFO [io.apicurio.tests.serdes.apicurio.KafkaSerdesTester] (ForkJoinPool.commonPool-worker-2) topic-fc838abb_06f7_4ba8_9601_626f1aee87a2 0 1 {"key11786715892609": "value-1"}
2026-08+00-14 13:58:15 INFO [io.apicurio.tests.serdes.apicurio.KafkaSerdesTester] (ForkJoinPool.commonPool-worker-2) topic-fc838abb_06f7_4ba8_9601_626f1aee87a2 0 2 {"key11786715892609": "value-2"}
2026-08+00-14 13:58:15 INFO [io.apicurio.tests.serdes.apicurio.KafkaSerdesTester] (ForkJoinPool.commonPool-worker-2) topic-fc838abb_06f7_4ba8_9601_626f1aee87a2 0 3 {"key11786715892609": "value-3"}
2026-08+00-14 13:58:15 INFO [io.apicurio.tests.serdes.apicurio.KafkaSerdesTester] (ForkJoinPool.commonPool-worker-2) topic-fc838abb_06f7_4ba8_9601_626f1aee87a2 0 4 {"key11786715892609": "value-4"}
2026-08+00-14 13:58:15 INFO [io.apicurio.tests.serdes.apicurio.KafkaSerdesTester] (ForkJoinPool.commonPool-worker-2) topic-fc838abb_06f7_4ba8_9601_626f1aee87a2 0 5 {"key11786715892609": "value-5"}
2026-08+00-14 13:58:15 INFO [io.apicurio.tests.serdes.apicurio.KafkaSerdesTester] (ForkJoinPool.commonPool-worker-2) topic-fc838abb_06f7_4ba8_9601_626f1aee87a2 0 6 {"key11786715892609": "value-6"}
2026-08+00-14 13:58:15 INFO [io.apicurio.tests.serdes.apicurio.KafkaSerdesTester] (ForkJoinPool.commonPool-worker-2) topic-fc838abb_06f7_4ba8_9601_626f1aee87a2 0 7 {"key11786715892609": "value-7"}
2026-08+00-14 13:58:15 INFO [io.apicurio.tests.serdes.apicurio.KafkaSerdesTester] (ForkJoinPool.commonPool-worker-2) topic-fc838abb_06f7_4ba8_9601_626f1aee87a2 0 8 {"key11786715892609": "value-8"}
2026-08+00-14 13:58:15 INFO [io.apicurio.tests.serdes.apicurio.KafkaSerdesTester] (ForkJoinPool.commonPool-worker-2) topic-fc838abb_06f7_4ba8_9601_626f1aee87a2 0 9 {"key11786715892609": "value-9"}
2026-08+00-14 13:58:15 INFO [io.apicurio.tests.serdes.apicurio.KafkaSerdesTester] (ForkJoinPool.commonPool-worker-2) Consumed 10 messages
2026-08+00-14 13:58:16 INFO [io.apicurio.tests.utils.TestSeparator] (main) io.apicurio.tests.serdes.apicurio.AvroSerdeIT.testGlobalIdInBody-FINISHED
2026-08+00-14 13:58:16 INFO [io.apicurio.tests.utils.TestSeparator] (main) ############################################################################
Test passed: testGlobalIdInBody
]]></system-out>
  </testcase>
  <testcase name="testProducerUsesGlobalIdConsumerUsesDefault" classname="io.apicurio.tests.serdes.apicurio.AvroSerdeIT" time="0.0">
    <skipped message="void io.apicurio.tests.serdes.apicurio.AvroSerdeIT.testProducerUsesGlobalIdConsumerUsesDefault() throws java.lang.Exception is @Disabled"/>
  </testcase>
</testsuite>