-------------------------------------------------------------------------------
Test set: io.apicurio.tests.smokeTests.apicurio.ArtifactsIT
-------------------------------------------------------------------------------
Tests run: 13, Failures: 0, Errors: 1, Skipped: 0, Time elapsed: 40.97 s <<< FAILURE! -- in io.apicurio.tests.smokeTests.apicurio.ArtifactsIT
io.apicurio.tests.smokeTests.apicurio.ArtifactsIT.testAllowedSpecialCharactersCreateViaApi -- Time elapsed: 0.539 s <<< ERROR!
java.lang.RuntimeException: java.util.concurrent.ExecutionException: io.vertx.core.http.HttpClosedException: Connection was closed
	at io.kiota.http.vertx.VertXRequestAdapter.getHttpResponseMessage(VertXRequestAdapter.java:428)
	at io.kiota.http.vertx.VertXRequestAdapter.send(VertXRequestAdapter.java:165)
	at java.base/jdk.internal.reflect.DirectMethodHandleAccessor.invoke(DirectMethodHandleAccessor.java:103)
	at java.base/java.lang.reflect.Method.invoke(Method.java:580)
	at io.apicurio.registry.client.common.RegistryClientRequestAdapterFactory$RetryInvocationHandler.invoke(RegistryClientRequestAdapterFactory.java:195)
	at jdk.proxy2/jdk.proxy2.$Proxy129.send(Unknown Source)
	at io.apicurio.registry.rest.client.groups.item.artifacts.ArtifactsRequestBuilder.post(ArtifactsRequestBuilder.java:154)
	at io.apicurio.tests.ApicurioRegistryBaseIT.createArtifact(ApicurioRegistryBaseIT.java:201)
	at io.apicurio.tests.smokeTests.apicurio.ArtifactsIT.testAllowedSpecialCharactersCreateViaApi(ArtifactsIT.java:449)
Caused by: java.util.concurrent.ExecutionException: io.vertx.core.http.HttpClosedException: Connection was closed
	at java.base/java.util.concurrent.CompletableFuture.reportGet(CompletableFuture.java:396)
	at java.base/java.util.concurrent.CompletableFuture.get(CompletableFuture.java:2073)
	at io.kiota.http.vertx.VertXRequestAdapter.getHttpResponseMessage(VertXRequestAdapter.java:424)
	... 8 more
Caused by: io.vertx.core.http.HttpClosedException: Connection was closed

