<?xml version="1.0" encoding="UTF-8"?>
<testsuite xmlns:xsi="http://www.w3.org/2001/XMLSchema-instance" xsi:noNamespaceSchemaLocation="https://maven.apache.org/surefire/maven-failsafe-plugin/xsd/failsafe-test-report.xsd" version="3.0.2" name="io.apicurio.tests.serdes.apicurio.AvroSerdeIT" time="103.843" tests="21" errors="0" skipped="2" failures="0">
  <properties>
[...]
</properties>
  <testcase name="testGlobalIdInHeaders" classname="io.apicurio.tests.serdes.apicurio.AvroSerdeIT" time="5.179">
    <system-out><![CDATA[**** Registry Base URL: http://registry-app-mysql84.apps.ci420.apicurio-testing.org:80
**** Registry Base URL: http://registry-app-mysql84.apps.ci420.apicurio-testing.org:80
2026-04+00-25 16:05:19 INFO [io.apicurio.tests.ApicurioRegistryBaseIT] (main) RestAssured configured with http://registry-app-mysql84.apps.ci420.apicurio-testing.org:80/apis/registry/v3
2026-04+00-25 16:05:19 INFO [io.apicurio.tests.utils.KafkaFacade] (main) Starting kafka container
2026-04+00-25 16:05:35 INFO [io.apicurio.tests.utils.TestSeparator] (main) ############################################################################
2026-04+00-25 16:05:35 INFO [io.apicurio.tests.utils.TestSeparator] (main) io.apicurio.tests.serdes.apicurio.AvroSerdeIT.testGlobalIdInHeaders-STARTED
**** Registry Base URL: http://registry-app-mysql84.apps.ci420.apicurio-testing.org:80
2026-04+00-25 16:05:35 INFO [io.apicurio.tests.serdes.apicurio.SimpleSerdesTesterBuilder$SimpleSerdesTester] (main) Using producer configuration: {apicurio.registry.url=http://registry-app-mysql84.apps.ci420.apicurio-testing.org:80/apis/registry/v3, apicurio.registry.auto-register=true, apicurio.registry.use-id=globalId, apicurio.registry.artifact-resolver-strategy=io.apicurio.registry.serde.strategy.TopicIdStrategy, value.serializer=io.apicurio.registry.serde.avro.AvroKafkaSerializer, request.timeout.ms=5000, acks=all, bootstrap.servers=PLAINTEXT://localhost:32769, connections.max.idle.ms=10000, key.serializer=org.apache.kafka.common.serialization.StringSerializer, client.id=Producer-topic-37e1473a_b145_4e3a_84df_bfa730fd8975}
2026-04+00-25 16:05:35 INFO [io.apicurio.tests.serdes.apicurio.SimpleSerdesTesterBuilder$SimpleSerdesTester] (main) Using consumer configuration: {apicurio.registry.use-id=globalId}
2026-04+00-25 16:05:35 INFO [io.apicurio.tests.serdes.apicurio.KafkaSerdesTester] (ForkJoinPool.commonPool-worker-2) Sending message {"key11777133135922": "value-0"} to topic topic-37e1473a_b145_4e3a_84df_bfa730fd8975
2026-04+00-25 16:05:36 WARN [org.apache.kafka.clients.NetworkClient$DefaultMetadataUpdater] (kafka-producer-network-thread | Producer-topic-37e1473a_b145_4e3a_84df_bfa730fd8975) [Producer clientId=Producer-topic-37e1473a_b145_4e3a_84df_bfa730fd8975] The metadata response from the cluster reported a recoverable issue with correlation id 1 : {topic-37e1473a_b145_4e3a_84df_bfa730fd8975=UNKNOWN_TOPIC_OR_PARTITION}
2026-04+00-25 16:05:36 INFO [io.apicurio.tests.serdes.apicurio.KafkaSerdesTester] (ForkJoinPool.commonPool-worker-2) Sending message {"key11777133135922": "value-1"} to topic topic-37e1473a_b145_4e3a_84df_bfa730fd8975
2026-04+00-25 16:05:36 INFO [io.apicurio.tests.serdes.apicurio.KafkaSerdesTester] (ForkJoinPool.commonPool-worker-2) Sending message {"key11777133135922": "value-2"} to topic topic-37e1473a_b145_4e3a_84df_bfa730fd8975
2026-04+00-25 16:05:36 INFO [io.apicurio.tests.serdes.apicurio.KafkaSerdesTester] (ForkJoinPool.commonPool-worker-2) Sending message {"key11777133135922": "value-3"} to topic topic-37e1473a_b145_4e3a_84df_bfa730fd8975
2026-04+00-25 16:05:36 INFO [io.apicurio.tests.serdes.apicurio.KafkaSerdesTester] (ForkJoinPool.commonPool-worker-2) Sending message {"key11777133135922": "value-4"} to topic topic-37e1473a_b145_4e3a_84df_bfa730fd8975
2026-04+00-25 16:05:36 INFO [io.apicurio.tests.serdes.apicurio.KafkaSerdesTester] (ForkJoinPool.commonPool-worker-2) Sending message {"key11777133135922": "value-5"} to topic topic-37e1473a_b145_4e3a_84df_bfa730fd8975
2026-04+00-25 16:05:36 INFO [io.apicurio.tests.serdes.apicurio.KafkaSerdesTester] (ForkJoinPool.commonPool-worker-2) Sending message {"key11777133135922": "value-6"} to topic topic-37e1473a_b145_4e3a_84df_bfa730fd8975
2026-04+00-25 16:05:36 INFO [io.apicurio.tests.serdes.apicurio.KafkaSerdesTester] (ForkJoinPool.commonPool-worker-2) Sending message {"key11777133135922": "value-7"} to topic topic-37e1473a_b145_4e3a_84df_bfa730fd8975
2026-04+00-25 16:05:36 INFO [io.apicurio.tests.serdes.apicurio.KafkaSerdesTester] (ForkJoinPool.commonPool-worker-2) Sending message {"key11777133135922": "value-8"} to topic topic-37e1473a_b145_4e3a_84df_bfa730fd8975
2026-04+00-25 16:05:36 INFO [io.apicurio.tests.serdes.apicurio.KafkaSerdesTester] (ForkJoinPool.commonPool-worker-2) Sending message {"key11777133135922": "value-9"} to topic topic-37e1473a_b145_4e3a_84df_bfa730fd8975
2026-04+00-25 16:05:36 INFO [io.apicurio.tests.serdes.apicurio.KafkaSerdesTester] (ForkJoinPool.commonPool-worker-2) Produced 10 messages
**** Registry Base URL: http://registry-app-mysql84.apps.ci420.apicurio-testing.org:80
2026-04+00-25 16:05:37 INFO [io.apicurio.tests.serdes.apicurio.KafkaSerdesTester] (ForkJoinPool.commonPool-worker-2) None found
2026-04+00-25 16:05:38 INFO [io.apicurio.tests.serdes.apicurio.KafkaSerdesTester] (ForkJoinPool.commonPool-worker-2) None found
2026-04+00-25 16:05:39 INFO [io.apicurio.tests.serdes.apicurio.KafkaSerdesTester] (ForkJoinPool.commonPool-worker-2) None found
2026-04+00-25 16:05:40 INFO [io.apicurio.tests.serdes.apicurio.KafkaSerdesTester] (ForkJoinPool.commonPool-worker-2) topic-37e1473a_b145_4e3a_84df_bfa730fd8975 0 0 {"key11777133135922": "value-0"}
2026-04+00-25 16:05:40 INFO [io.apicurio.tests.serdes.apicurio.KafkaSerdesTester] (ForkJoinPool.commonPool-worker-2) topic-37e1473a_b145_4e3a_84df_bfa730fd8975 0 1 {"key11777133135922": "value-1"}
2026-04+00-25 16:05:40 INFO [io.apicurio.tests.serdes.apicurio.KafkaSerdesTester] (ForkJoinPool.commonPool-worker-2) topic-37e1473a_b145_4e3a_84df_bfa730fd8975 0 2 {"key11777133135922": "value-2"}
2026-04+00-25 16:05:40 INFO [io.apicurio.tests.serdes.apicurio.KafkaSerdesTester] (ForkJoinPool.commonPool-worker-2) topic-37e1473a_b145_4e3a_84df_bfa730fd8975 0 3 {"key11777133135922": "value-3"}
2026-04+00-25 16:05:40 INFO [io.apicurio.tests.serdes.apicurio.KafkaSerdesTester] (ForkJoinPool.commonPool-worker-2) topic-37e1473a_b145_4e3a_84df_bfa730fd8975 0 4 {"key11777133135922": "value-4"}
2026-04+00-25 16:05:40 INFO [io.apicurio.tests.serdes.apicurio.KafkaSerdesTester] (ForkJoinPool.commonPool-worker-2) topic-37e1473a_b145_4e3a_84df_bfa730fd8975 0 5 {"key11777133135922": "value-5"}
2026-04+00-25 16:05:40 INFO [io.apicurio.tests.serdes.apicurio.KafkaSerdesTester] (ForkJoinPool.commonPool-worker-2) topic-37e1473a_b145_4e3a_84df_bfa730fd8975 0 6 {"key11777133135922": "value-6"}
2026-04+00-25 16:05:40 INFO [io.apicurio.tests.serdes.apicurio.KafkaSerdesTester] (ForkJoinPool.commonPool-worker-2) topic-37e1473a_b145_4e3a_84df_bfa730fd8975 0 7 {"key11777133135922": "value-7"}
2026-04+00-25 16:05:40 INFO [io.apicurio.tests.serdes.apicurio.KafkaSerdesTester] (ForkJoinPool.commonPool-worker-2) topic-37e1473a_b145_4e3a_84df_bfa730fd8975 0 8 {"key11777133135922": "value-8"}
2026-04+00-25 16:05:40 INFO [io.apicurio.tests.serdes.apicurio.KafkaSerdesTester] (ForkJoinPool.commonPool-worker-2) topic-37e1473a_b145_4e3a_84df_bfa730fd8975 0 9 {"key11777133135922": "value-9"}
2026-04+00-25 16:05:40 INFO [io.apicurio.tests.serdes.apicurio.KafkaSerdesTester] (ForkJoinPool.commonPool-worker-2) Consumed 10 messages
2026-04+00-25 16:05:40 INFO [io.apicurio.tests.utils.TestSeparator] (main) io.apicurio.tests.serdes.apicurio.AvroSerdeIT.testGlobalIdInHeaders-FINISHED
2026-04+00-25 16:05:40 INFO [io.apicurio.tests.utils.TestSeparator] (main) ############################################################################
Test passed: testGlobalIdInHeaders
]]></system-out>
  </testcase>
  <testcase name="testSimpleTopicIdStrategyFindLatest" classname="io.apicurio.tests.serdes.apicurio.AvroSerdeIT" time="4.923">
    <system-out><![CDATA[2026-04+00-25 16:05:40 INFO [io.apicurio.tests.utils.TestSeparator] (main) ############################################################################
2026-04+00-25 16:05:40 INFO [io.apicurio.tests.utils.TestSeparator] (main) io.apicurio.tests.serdes.apicurio.AvroSerdeIT.testSimpleTopicIdStrategyFindLatest-STARTED
2026-04+00-25 16:05:40 INFO [io.apicurio.tests.serdes.apicurio.AvroSerdeIT] (main) Registering Avro Schema: {"type":"record","name":"myrecordapicurio1","fields":[{"name":"key11777133140786","type":"string"}]}
**** Registry Base URL: http://registry-app-mysql84.apps.ci420.apicurio-testing.org:80
2026-04+00-25 16:05:41 INFO [io.apicurio.tests.serdes.apicurio.SimpleSerdesTesterBuilder$SimpleSerdesTester] (main) Using producer configuration: {apicurio.registry.find-latest=true, apicurio.registry.artifact.group-id=topic-2f03b4d3_6e33_4876_8049_9bf287d97adf, apicurio.registry.url=http://registry-app-mysql84.apps.ci420.apicurio-testing.org:80/apis/registry/v3, apicurio.registry.artifact-resolver-strategy=io.apicurio.registry.serde.strategy.SimpleTopicIdStrategy, value.serializer=io.apicurio.registry.serde.avro.AvroKafkaSerializer, request.timeout.ms=5000, acks=all, bootstrap.servers=PLAINTEXT://localhost:32769, connections.max.idle.ms=10000, key.serializer=org.apache.kafka.common.serialization.StringSerializer, client.id=Producer-topic-2f03b4d3_6e33_4876_8049_9bf287d97adf}
2026-04+00-25 16:05:41 INFO [io.apicurio.tests.serdes.apicurio.SimpleSerdesTesterBuilder$SimpleSerdesTester] (main) Using consumer configuration: {}
2026-04+00-25 16:05:41 INFO [io.apicurio.tests.serdes.apicurio.KafkaSerdesTester] (ForkJoinPool.commonPool-worker-2) Sending message {"key11777133140786": "value-0"} to topic topic-2f03b4d3_6e33_4876_8049_9bf287d97adf
2026-04+00-25 16:05:42 INFO [io.apicurio.tests.serdes.apicurio.KafkaSerdesTester] (ForkJoinPool.commonPool-worker-2) Sending message {"key11777133140786": "value-1"} to topic topic-2f03b4d3_6e33_4876_8049_9bf287d97adf
2026-04+00-25 16:05:42 INFO [io.apicurio.tests.serdes.apicurio.KafkaSerdesTester] (ForkJoinPool.commonPool-worker-2) Sending message {"key11777133140786": "value-2"} to topic topic-2f03b4d3_6e33_4876_8049_9bf287d97adf
2026-04+00-25 16:05:42 INFO [io.apicurio.tests.serdes.apicurio.KafkaSerdesTester] (ForkJoinPool.commonPool-worker-2) Sending message {"key11777133140786": "value-3"} to topic topic-2f03b4d3_6e33_4876_8049_9bf287d97adf
2026-04+00-25 16:05:42 INFO [io.apicurio.tests.serdes.apicurio.KafkaSerdesTester] (ForkJoinPool.commonPool-worker-2) Sending message {"key11777133140786": "value-4"} to topic topic-2f03b4d3_6e33_4876_8049_9bf287d97adf
2026-04+00-25 16:05:42 INFO [io.apicurio.tests.serdes.apicurio.KafkaSerdesTester] (ForkJoinPool.commonPool-worker-2) Sending message {"key11777133140786": "value-5"} to topic topic-2f03b4d3_6e33_4876_8049_9bf287d97adf
2026-04+00-25 16:05:42 INFO [io.apicurio.tests.serdes.apicurio.KafkaSerdesTester] (ForkJoinPool.commonPool-worker-2) Sending message {"key11777133140786": "value-6"} to topic topic-2f03b4d3_6e33_4876_8049_9bf287d97adf
2026-04+00-25 16:05:42 INFO [io.apicurio.tests.serdes.apicurio.KafkaSerdesTester] (ForkJoinPool.commonPool-worker-2) Sending message {"key11777133140786": "value-7"} to topic topic-2f03b4d3_6e33_4876_8049_9bf287d97adf
2026-04+00-25 16:05:42 INFO [io.apicurio.tests.serdes.apicurio.KafkaSerdesTester] (ForkJoinPool.commonPool-worker-2) Sending message {"key11777133140786": "value-8"} to topic topic-2f03b4d3_6e33_4876_8049_9bf287d97adf
2026-04+00-25 16:05:42 INFO [io.apicurio.tests.serdes.apicurio.KafkaSerdesTester] (ForkJoinPool.commonPool-worker-2) Sending message {"key11777133140786": "value-9"} to topic topic-2f03b4d3_6e33_4876_8049_9bf287d97adf
2026-04+00-25 16:05:42 INFO [io.apicurio.tests.serdes.apicurio.KafkaSerdesTester] (ForkJoinPool.commonPool-worker-2) Produced 10 messages
**** Registry Base URL: http://registry-app-mysql84.apps.ci420.apicurio-testing.org:80
2026-04+00-25 16:05:43 INFO [io.apicurio.tests.serdes.apicurio.KafkaSerdesTester] (ForkJoinPool.commonPool-worker-2) None found
2026-04+00-25 16:05:44 INFO [io.apicurio.tests.serdes.apicurio.KafkaSerdesTester] (ForkJoinPool.commonPool-worker-2) None found
2026-04+00-25 16:05:45 INFO [io.apicurio.tests.serdes.apicurio.KafkaSerdesTester] (ForkJoinPool.commonPool-worker-2) None found
2026-04+00-25 16:05:45 INFO [io.apicurio.tests.serdes.apicurio.KafkaSerdesTester] (ForkJoinPool.commonPool-worker-2) topic-2f03b4d3_6e33_4876_8049_9bf287d97adf 0 0 {"key11777133140786": "value-0"}
2026-04+00-25 16:05:45 INFO [io.apicurio.tests.serdes.apicurio.KafkaSerdesTester] (ForkJoinPool.commonPool-worker-2) topic-2f03b4d3_6e33_4876_8049_9bf287d97adf 0 1 {"key11777133140786": "value-1"}
2026-04+00-25 16:05:45 INFO [io.apicurio.tests.serdes.apicurio.KafkaSerdesTester] (ForkJoinPool.commonPool-worker-2) topic-2f03b4d3_6e33_4876_8049_9bf287d97adf 0 2 {"key11777133140786": "value-2"}
2026-04+00-25 16:05:45 INFO [io.apicurio.tests.serdes.apicurio.KafkaSerdesTester] (ForkJoinPool.commonPool-worker-2) topic-2f03b4d3_6e33_4876_8049_9bf287d97adf 0 3 {"key11777133140786": "value-3"}
2026-04+00-25 16:05:45 INFO [io.apicurio.tests.serdes.apicurio.KafkaSerdesTester] (ForkJoinPool.commonPool-worker-2) topic-2f03b4d3_6e33_4876_8049_9bf287d97adf 0 4 {"key11777133140786": "value-4"}
2026-04+00-25 16:05:45 INFO [io.apicurio.tests.serdes.apicurio.KafkaSerdesTester] (ForkJoinPool.commonPool-worker-2) topic-2f03b4d3_6e33_4876_8049_9bf287d97adf 0 5 {"key11777133140786": "value-5"}
2026-04+00-25 16:05:45 INFO [io.apicurio.tests.serdes.apicurio.KafkaSerdesTester] (ForkJoinPool.commonPool-worker-2) topic-2f03b4d3_6e33_4876_8049_9bf287d97adf 0 6 {"key11777133140786": "value-6"}
2026-04+00-25 16:05:45 INFO [io.apicurio.tests.serdes.apicurio.KafkaSerdesTester] (ForkJoinPool.commonPool-worker-2) topic-2f03b4d3_6e33_4876_8049_9bf287d97adf 0 7 {"key11777133140786": "value-7"}
2026-04+00-25 16:05:45 INFO [io.apicurio.tests.serdes.apicurio.KafkaSerdesTester] (ForkJoinPool.commonPool-worker-2) topic-2f03b4d3_6e33_4876_8049_9bf287d97adf 0 8 {"key11777133140786": "value-8"}
2026-04+00-25 16:05:45 INFO [io.apicurio.tests.serdes.apicurio.KafkaSerdesTester] (ForkJoinPool.commonPool-worker-2) topic-2f03b4d3_6e33_4876_8049_9bf287d97adf 0 9 {"key11777133140786": "value-9"}
2026-04+00-25 16:05:45 INFO [io.apicurio.tests.serdes.apicurio.KafkaSerdesTester] (ForkJoinPool.commonPool-worker-2) Consumed 10 messages
2026-04+00-25 16:05:45 INFO [io.apicurio.tests.utils.TestSeparator] (main) io.apicurio.tests.serdes.apicurio.AvroSerdeIT.testSimpleTopicIdStrategyFindLatest-FINISHED
2026-04+00-25 16:05:45 INFO [io.apicurio.tests.utils.TestSeparator] (main) ############################################################################
Test passed: testSimpleTopicIdStrategyFindLatest
]]></system-out>
  </testcase>
  <testcase name="testWrongSchema" classname="io.apicurio.tests.serdes.apicurio.AvroSerdeIT" time="1.186">
    <system-out><![CDATA[2026-04+00-25 16:05:45 INFO [io.apicurio.tests.utils.TestSeparator] (main) ############################################################################
2026-04+00-25 16:05:45 INFO [io.apicurio.tests.utils.TestSeparator] (main) io.apicurio.tests.serdes.apicurio.AvroSerdeIT.testWrongSchema-STARTED
**** Registry Base URL: http://registry-app-mysql84.apps.ci420.apicurio-testing.org:80
2026-04+00-25 16:05:46 INFO [io.apicurio.tests.serdes.apicurio.KafkaSerdesTester] (ForkJoinPool.commonPool-worker-2) Sending message {"keyB": "value-0"} to topic s60fcc84ex2290x4af4x984fxfa54802a17ed
2026-04+00-25 16:05:46 ERROR [io.apicurio.registry.resolver.cache.ERCache] (ForkJoinPool.commonPool-worker-2) Cache load failed after 0 retries: io.apicurio.registry.rest.client.models.ProblemDetails
	at io.apicurio.registry.rest.client.models.ProblemDetails.createFromDiscriminatorValue(ProblemDetails.java:58)
	at io.kiota.serialization.json.JsonParseNode.getObjectValue(JsonParseNode.java:248)
	at io.kiota.http.vertx.VertXRequestAdapter.lambda$throwIfFailedResponse$0(VertXRequestAdapter.java:398)
	at com.microsoft.kiota.ApiExceptionBuilder.<init>(ApiExceptionBuilder.java:26)
	at io.kiota.http.vertx.VertXRequestAdapter.throwIfFailedResponse(VertXRequestAdapter.java:397)
	at io.kiota.http.vertx.VertXRequestAdapter.send(VertXRequestAdapter.java:168)
	at java.base/jdk.internal.reflect.DirectMethodHandleAccessor.invoke(DirectMethodHandleAccessor.java:103)
	at java.base/java.lang.reflect.Method.invoke(Method.java:580)
	at io.apicurio.registry.client.common.RegistryClientRequestAdapterFactory$RetryInvocationHandler.invoke(RegistryClientRequestAdapterFactory.java:182)
	at jdk.proxy2/jdk.proxy2.$Proxy108.send(Unknown Source)
	at io.apicurio.registry.rest.client.groups.item.artifacts.item.versions.item.WithVersionExpressionItemRequestBuilder.get(WithVersionExpressionItemRequestBuilder.java:158)
	at io.apicurio.registry.rest.client.groups.item.artifacts.item.versions.item.WithVersionExpressionItemRequestBuilder.get(WithVersionExpressionItemRequestBuilder.java:137)
	at io.apicurio.registry.resolver.client.RegistryClientFacadeImpl.getVersionCoordinatesByGAV(RegistryClientFacadeImpl.java:162)
	at io.apicurio.registry.resolver.DefaultSchemaResolver.resolveByCoordinates(DefaultSchemaResolver.java:381)
	at io.apicurio.registry.resolver.DefaultSchemaResolver.lambda$resolveSchemaByArtifactReferenceCached$6(DefaultSchemaResolver.java:371)
	at io.apicurio.registry.resolver.cache.ERCache.lambda$performRefresh$6(ERCache.java:355)
	at io.apicurio.registry.resolver.cache.ERCache.retry(ERCache.java:433)
	at io.apicurio.registry.resolver.cache.ERCache.performRefresh(ERCache.java:354)
	at io.apicurio.registry.resolver.cache.ERCache.getValue(ERCache.java:264)
	at io.apicurio.registry.resolver.cache.ERCache.getByArtifactCoordinates(ERCache.java:238)
	at io.apicurio.registry.resolver.DefaultSchemaResolver.resolveSchemaByArtifactReferenceCached(DefaultSchemaResolver.java:369)
	at io.apicurio.registry.resolver.DefaultSchemaResolver.resolveSchemaByCoordinates(DefaultSchemaResolver.java:241)
	at io.apicurio.registry.resolver.DefaultSchemaResolver.getSchemaFromRegistry(DefaultSchemaResolver.java:171)
	at io.apicurio.registry.resolver.DefaultSchemaResolver.lambda$resolveSchema$0(DefaultSchemaResolver.java:95)
	at java.base/java.util.Optional.orElseGet(Optional.java:364)
	at io.apicurio.registry.resolver.DefaultSchemaResolver.resolveSchema(DefaultSchemaResolver.java:95)
	at io.apicurio.registry.serde.AbstractSerializer.serializeData(AbstractSerializer.java:122)
	at io.apicurio.registry.serde.kafka.KafkaSerializer.serialize(KafkaSerializer.java:92)
	at org.apache.kafka.clients.producer.KafkaProducer.doSend(KafkaProducer.java:1046)
	at org.apache.kafka.clients.producer.KafkaProducer.send(KafkaProducer.java:993)
	at org.apache.kafka.clients.producer.KafkaProducer.send(KafkaProducer.java:875)
	at io.apicurio.tests.serdes.apicurio.KafkaSerdesTester.lambda$produceMessages$3(KafkaSerdesTester.java:138)
	at java.base/java.util.concurrent.CompletableFuture$AsyncSupply.run(CompletableFuture.java:1768)
	at java.base/java.util.concurrent.CompletableFuture$AsyncSupply.exec(CompletableFuture.java:1760)
	at java.base/java.util.concurrent.ForkJoinTask.doExec(ForkJoinTask.java:387)
	at java.base/java.util.concurrent.ForkJoinPool$WorkQueue.topLevelExec(ForkJoinPool.java:1312)
	at java.base/java.util.concurrent.ForkJoinPool.scan(ForkJoinPool.java:1843)
	at java.base/java.util.concurrent.ForkJoinPool.runWorker(ForkJoinPool.java:1808)
	at java.base/java.util.concurrent.ForkJoinWorkerThread.run(ForkJoinWorkerThread.java:188)

2026-04+00-25 16:05:46 INFO [io.apicurio.tests.utils.TestSeparator] (main) io.apicurio.tests.serdes.apicurio.AvroSerdeIT.testWrongSchema-FINISHED
2026-04+00-25 16:05:46 INFO [io.apicurio.tests.utils.TestSeparator] (main) ############################################################################
Test passed: testWrongSchema
]]></system-out>
  </testcase>
  <testcase name="testAvroJSON" classname="io.apicurio.tests.serdes.apicurio.AvroSerdeIT" time="4.016">
    <system-out><![CDATA[2026-04+00-25 16:05:46 INFO [io.apicurio.tests.utils.TestSeparator] (main) ############################################################################
2026-04+00-25 16:05:46 INFO [io.apicurio.tests.utils.TestSeparator] (main) io.apicurio.tests.serdes.apicurio.AvroSerdeIT.testAvroJSON-STARTED
**** Registry Base URL: http://registry-app-mysql84.apps.ci420.apicurio-testing.org:80
2026-04+00-25 16:05:46 INFO [io.apicurio.tests.serdes.apicurio.SimpleSerdesTesterBuilder$SimpleSerdesTester] (main) Using producer configuration: {apicurio.registry.avro.encoding=JSON, apicurio.registry.url=http://registry-app-mysql84.apps.ci420.apicurio-testing.org:80/apis/registry/v3, apicurio.registry.auto-register=true, apicurio.registry.artifact-resolver-strategy=io.apicurio.registry.serde.strategy.TopicIdStrategy, value.serializer=io.apicurio.registry.serde.avro.AvroKafkaSerializer, request.timeout.ms=5000, acks=all, bootstrap.servers=PLAINTEXT://localhost:32769, connections.max.idle.ms=10000, key.serializer=org.apache.kafka.common.serialization.StringSerializer, client.id=Producer-topic-0abce699_2897_44f1_bce1_ec442f35bc02}
2026-04+00-25 16:05:46 INFO [io.apicurio.tests.serdes.apicurio.SimpleSerdesTesterBuilder$SimpleSerdesTester] (main) Using consumer configuration: {apicurio.registry.avro.encoding=JSON}
2026-04+00-25 16:05:46 INFO [io.apicurio.tests.serdes.apicurio.KafkaSerdesTester] (ForkJoinPool.commonPool-worker-2) Sending message {"bar": "value-0"} to topic topic-0abce699_2897_44f1_bce1_ec442f35bc02
2026-04+00-25 16:05:46 WARN [org.apache.kafka.clients.NetworkClient$DefaultMetadataUpdater] (kafka-producer-network-thread | Producer-topic-0abce699_2897_44f1_bce1_ec442f35bc02) [Producer clientId=Producer-topic-0abce699_2897_44f1_bce1_ec442f35bc02] The metadata response from the cluster reported a recoverable issue with correlation id 1 : {topic-0abce699_2897_44f1_bce1_ec442f35bc02=UNKNOWN_TOPIC_OR_PARTITION}
2026-04+00-25 16:05:47 INFO [io.apicurio.tests.serdes.apicurio.KafkaSerdesTester] (ForkJoinPool.commonPool-worker-2) Sending message {"bar": "value-1"} to topic topic-0abce699_2897_44f1_bce1_ec442f35bc02
2026-04+00-25 16:05:47 INFO [io.apicurio.tests.serdes.apicurio.KafkaSerdesTester] (ForkJoinPool.commonPool-worker-2) Sending message {"bar": "value-2"} to topic topic-0abce699_2897_44f1_bce1_ec442f35bc02
2026-04+00-25 16:05:47 INFO [io.apicurio.tests.serdes.apicurio.KafkaSerdesTester] (ForkJoinPool.commonPool-worker-2) Sending message {"bar": "value-3"} to topic topic-0abce699_2897_44f1_bce1_ec442f35bc02
2026-04+00-25 16:05:47 INFO [io.apicurio.tests.serdes.apicurio.KafkaSerdesTester] (ForkJoinPool.commonPool-worker-2) Sending message {"bar": "value-4"} to topic topic-0abce699_2897_44f1_bce1_ec442f35bc02
2026-04+00-25 16:05:47 INFO [io.apicurio.tests.serdes.apicurio.KafkaSerdesTester] (ForkJoinPool.commonPool-worker-2) Sending message {"bar": "value-5"} to topic topic-0abce699_2897_44f1_bce1_ec442f35bc02
2026-04+00-25 16:05:47 INFO [io.apicurio.tests.serdes.apicurio.KafkaSerdesTester] (ForkJoinPool.commonPool-worker-2) Sending message {"bar": "value-6"} to topic topic-0abce699_2897_44f1_bce1_ec442f35bc02
2026-04+00-25 16:05:47 INFO [io.apicurio.tests.serdes.apicurio.KafkaSerdesTester] (ForkJoinPool.commonPool-worker-2) Sending message {"bar": "value-7"} to topic topic-0abce699_2897_44f1_bce1_ec442f35bc02
2026-04+00-25 16:05:47 INFO [io.apicurio.tests.serdes.apicurio.KafkaSerdesTester] (ForkJoinPool.commonPool-worker-2) Sending message {"bar": "value-8"} to topic topic-0abce699_2897_44f1_bce1_ec442f35bc02
2026-04+00-25 16:05:47 INFO [io.apicurio.tests.serdes.apicurio.KafkaSerdesTester] (ForkJoinPool.commonPool-worker-2) Sending message {"bar": "value-9"} to topic topic-0abce699_2897_44f1_bce1_ec442f35bc02
2026-04+00-25 16:05:47 INFO [io.apicurio.tests.serdes.apicurio.KafkaSerdesTester] (ForkJoinPool.commonPool-worker-2) Produced 10 messages
**** Registry Base URL: http://registry-app-mysql84.apps.ci420.apicurio-testing.org:80
2026-04+00-25 16:05:48 INFO [io.apicurio.tests.serdes.apicurio.KafkaSerdesTester] (ForkJoinPool.commonPool-worker-2) None found
2026-04+00-25 16:05:49 INFO [io.apicurio.tests.serdes.apicurio.KafkaSerdesTester] (ForkJoinPool.commonPool-worker-2) None found
2026-04+00-25 16:05:50 INFO [io.apicurio.tests.serdes.apicurio.KafkaSerdesTester] (ForkJoinPool.commonPool-worker-2) None found
2026-04+00-25 16:05:50 INFO [io.apicurio.tests.serdes.apicurio.KafkaSerdesTester] (ForkJoinPool.commonPool-worker-2) topic-0abce699_2897_44f1_bce1_ec442f35bc02 0 0 {"bar": "value-0"}
2026-04+00-25 16:05:50 INFO [io.apicurio.tests.serdes.apicurio.KafkaSerdesTester] (ForkJoinPool.commonPool-worker-2) topic-0abce699_2897_44f1_bce1_ec442f35bc02 0 1 {"bar": "value-1"}
2026-04+00-25 16:05:50 INFO [io.apicurio.tests.serdes.apicurio.KafkaSerdesTester] (ForkJoinPool.commonPool-worker-2) topic-0abce699_2897_44f1_bce1_ec442f35bc02 0 2 {"bar": "value-2"}
2026-04+00-25 16:05:50 INFO [io.apicurio.tests.serdes.apicurio.KafkaSerdesTester] (ForkJoinPool.commonPool-worker-2) topic-0abce699_2897_44f1_bce1_ec442f35bc02 0 3 {"bar": "value-3"}
2026-04+00-25 16:05:50 INFO [io.apicurio.tests.serdes.apicurio.KafkaSerdesTester] (ForkJoinPool.commonPool-worker-2) topic-0abce699_2897_44f1_bce1_ec442f35bc02 0 4 {"bar": "value-4"}
2026-04+00-25 16:05:50 INFO [io.apicurio.tests.serdes.apicurio.KafkaSerdesTester] (ForkJoinPool.commonPool-worker-2) topic-0abce699_2897_44f1_bce1_ec442f35bc02 0 5 {"bar": "value-5"}
2026-04+00-25 16:05:50 INFO [io.apicurio.tests.serdes.apicurio.KafkaSerdesTester] (ForkJoinPool.commonPool-worker-2) topic-0abce699_2897_44f1_bce1_ec442f35bc02 0 6 {"bar": "value-6"}
2026-04+00-25 16:05:50 INFO [io.apicurio.tests.serdes.apicurio.KafkaSerdesTester] (ForkJoinPool.commonPool-worker-2) topic-0abce699_2897_44f1_bce1_ec442f35bc02 0 7 {"bar": "value-7"}
2026-04+00-25 16:05:50 INFO [io.apicurio.tests.serdes.apicurio.KafkaSerdesTester] (ForkJoinPool.commonPool-worker-2) topic-0abce699_2897_44f1_bce1_ec442f35bc02 0 8 {"bar": "value-8"}
2026-04+00-25 16:05:50 INFO [io.apicurio.tests.serdes.apicurio.KafkaSerdesTester] (ForkJoinPool.commonPool-worker-2) topic-0abce699_2897_44f1_bce1_ec442f35bc02 0 9 {"bar": "value-9"}
2026-04+00-25 16:05:50 INFO [io.apicurio.tests.serdes.apicurio.KafkaSerdesTester] (ForkJoinPool.commonPool-worker-2) Consumed 10 messages
2026-04+00-25 16:05:50 INFO [io.apicurio.tests.utils.TestSeparator] (main) io.apicurio.tests.serdes.apicurio.AvroSerdeIT.testAvroJSON-FINISHED
2026-04+00-25 16:05:50 INFO [io.apicurio.tests.utils.TestSeparator] (main) ############################################################################
Test passed: testAvroJSON
]]></system-out>
  </testcase>
  <testcase name="testTopicIdStrategyAutoRegister" classname="io.apicurio.tests.serdes.apicurio.AvroSerdeIT" time="4.002">
    <system-out><![CDATA[2026-04+00-25 16:05:50 INFO [io.apicurio.tests.utils.TestSeparator] (main) ############################################################################
2026-04+00-25 16:05:50 INFO [io.apicurio.tests.utils.TestSeparator] (main) io.apicurio.tests.serdes.apicurio.AvroSerdeIT.testTopicIdStrategyAutoRegister-STARTED
**** Registry Base URL: http://registry-app-mysql84.apps.ci420.apicurio-testing.org:80
2026-04+00-25 16:05:50 INFO [io.apicurio.tests.serdes.apicurio.SimpleSerdesTesterBuilder$SimpleSerdesTester] (main) Using producer configuration: {apicurio.registry.url=http://registry-app-mysql84.apps.ci420.apicurio-testing.org:80/apis/registry/v3, apicurio.registry.auto-register=true, apicurio.registry.artifact-resolver-strategy=io.apicurio.registry.serde.strategy.TopicIdStrategy, value.serializer=io.apicurio.registry.serde.avro.AvroKafkaSerializer, request.timeout.ms=5000, acks=all, bootstrap.servers=PLAINTEXT://localhost:32769, connections.max.idle.ms=10000, key.serializer=org.apache.kafka.common.serialization.StringSerializer, client.id=Producer-topic-6c303a06_3665_46ae_a13f_ecb4e9fec53e}
2026-04+00-25 16:05:50 INFO [io.apicurio.tests.serdes.apicurio.SimpleSerdesTesterBuilder$SimpleSerdesTester] (main) Using consumer configuration: {}
2026-04+00-25 16:05:50 INFO [io.apicurio.tests.serdes.apicurio.KafkaSerdesTester] (ForkJoinPool.commonPool-worker-2) Sending message {"key11777133150912": "value-0"} to topic topic-6c303a06_3665_46ae_a13f_ecb4e9fec53e
2026-04+00-25 16:05:50 WARN [org.apache.kafka.clients.NetworkClient$DefaultMetadataUpdater] (kafka-producer-network-thread | Producer-topic-6c303a06_3665_46ae_a13f_ecb4e9fec53e) [Producer clientId=Producer-topic-6c303a06_3665_46ae_a13f_ecb4e9fec53e] The metadata response from the cluster reported a recoverable issue with correlation id 1 : {topic-6c303a06_3665_46ae_a13f_ecb4e9fec53e=UNKNOWN_TOPIC_OR_PARTITION}
2026-04+00-25 16:05:51 INFO [io.apicurio.tests.serdes.apicurio.KafkaSerdesTester] (ForkJoinPool.commonPool-worker-2) Sending message {"key11777133150912": "value-1"} to topic topic-6c303a06_3665_46ae_a13f_ecb4e9fec53e
2026-04+00-25 16:05:51 INFO [io.apicurio.tests.serdes.apicurio.KafkaSerdesTester] (ForkJoinPool.commonPool-worker-2) Sending message {"key11777133150912": "value-2"} to topic topic-6c303a06_3665_46ae_a13f_ecb4e9fec53e
2026-04+00-25 16:05:51 INFO [io.apicurio.tests.serdes.apicurio.KafkaSerdesTester] (ForkJoinPool.commonPool-worker-2) Sending message {"key11777133150912": "value-3"} to topic topic-6c303a06_3665_46ae_a13f_ecb4e9fec53e
2026-04+00-25 16:05:51 INFO [io.apicurio.tests.serdes.apicurio.KafkaSerdesTester] (ForkJoinPool.commonPool-worker-2) Sending message {"key11777133150912": "value-4"} to topic topic-6c303a06_3665_46ae_a13f_ecb4e9fec53e
2026-04+00-25 16:05:51 INFO [io.apicurio.tests.serdes.apicurio.KafkaSerdesTester] (ForkJoinPool.commonPool-worker-2) Sending message {"key11777133150912": "value-5"} to topic topic-6c303a06_3665_46ae_a13f_ecb4e9fec53e
2026-04+00-25 16:05:51 INFO [io.apicurio.tests.serdes.apicurio.KafkaSerdesTester] (ForkJoinPool.commonPool-worker-2) Sending message {"key11777133150912": "value-6"} to topic topic-6c303a06_3665_46ae_a13f_ecb4e9fec53e
2026-04+00-25 16:05:51 INFO [io.apicurio.tests.serdes.apicurio.KafkaSerdesTester] (ForkJoinPool.commonPool-worker-2) Sending message {"key11777133150912": "value-7"} to topic topic-6c303a06_3665_46ae_a13f_ecb4e9fec53e
2026-04+00-25 16:05:51 INFO [io.apicurio.tests.serdes.apicurio.KafkaSerdesTester] (ForkJoinPool.commonPool-worker-2) Sending message {"key11777133150912": "value-8"} to topic topic-6c303a06_3665_46ae_a13f_ecb4e9fec53e
2026-04+00-25 16:05:51 INFO [io.apicurio.tests.serdes.apicurio.KafkaSerdesTester] (ForkJoinPool.commonPool-worker-2) Sending message {"key11777133150912": "value-9"} to topic topic-6c303a06_3665_46ae_a13f_ecb4e9fec53e
2026-04+00-25 16:05:51 INFO [io.apicurio.tests.serdes.apicurio.KafkaSerdesTester] (ForkJoinPool.commonPool-worker-2) Produced 10 messages
**** Registry Base URL: http://registry-app-mysql84.apps.ci420.apicurio-testing.org:80
2026-04+00-25 16:05:52 INFO [io.apicurio.tests.serdes.apicurio.KafkaSerdesTester] (ForkJoinPool.commonPool-worker-2) None found
2026-04+00-25 16:05:53 INFO [io.apicurio.tests.serdes.apicurio.KafkaSerdesTester] (ForkJoinPool.commonPool-worker-2) None found
2026-04+00-25 16:05:54 INFO [io.apicurio.tests.serdes.apicurio.KafkaSerdesTester] (ForkJoinPool.commonPool-worker-2) None found
2026-04+00-25 16:05:54 INFO [io.apicurio.tests.serdes.apicurio.KafkaSerdesTester] (ForkJoinPool.commonPool-worker-2) topic-6c303a06_3665_46ae_a13f_ecb4e9fec53e 0 0 {"key11777133150912": "value-0"}
2026-04+00-25 16:05:54 INFO [io.apicurio.tests.serdes.apicurio.KafkaSerdesTester] (ForkJoinPool.commonPool-worker-2) topic-6c303a06_3665_46ae_a13f_ecb4e9fec53e 0 1 {"key11777133150912": "value-1"}
2026-04+00-25 16:05:54 INFO [io.apicurio.tests.serdes.apicurio.KafkaSerdesTester] (ForkJoinPool.commonPool-worker-2) topic-6c303a06_3665_46ae_a13f_ecb4e9fec53e 0 2 {"key11777133150912": "value-2"}
2026-04+00-25 16:05:54 INFO [io.apicurio.tests.serdes.apicurio.KafkaSerdesTester] (ForkJoinPool.commonPool-worker-2) topic-6c303a06_3665_46ae_a13f_ecb4e9fec53e 0 3 {"key11777133150912": "value-3"}
2026-04+00-25 16:05:54 INFO [io.apicurio.tests.serdes.apicurio.KafkaSerdesTester] (ForkJoinPool.commonPool-worker-2) topic-6c303a06_3665_46ae_a13f_ecb4e9fec53e 0 4 {"key11777133150912": "value-4"}
2026-04+00-25 16:05:54 INFO [io.apicurio.tests.serdes.apicurio.KafkaSerdesTester] (ForkJoinPool.commonPool-worker-2) topic-6c303a06_3665_46ae_a13f_ecb4e9fec53e 0 5 {"key11777133150912": "value-5"}
2026-04+00-25 16:05:54 INFO [io.apicurio.tests.serdes.apicurio.KafkaSerdesTester] (ForkJoinPool.commonPool-worker-2) topic-6c303a06_3665_46ae_a13f_ecb4e9fec53e 0 6 {"key11777133150912": "value-6"}
2026-04+00-25 16:05:54 INFO [io.apicurio.tests.serdes.apicurio.KafkaSerdesTester] (ForkJoinPool.commonPool-worker-2) topic-6c303a06_3665_46ae_a13f_ecb4e9fec53e 0 7 {"key11777133150912": "value-7"}
2026-04+00-25 16:05:54 INFO [io.apicurio.tests.serdes.apicurio.KafkaSerdesTester] (ForkJoinPool.commonPool-worker-2) topic-6c303a06_3665_46ae_a13f_ecb4e9fec53e 0 8 {"key11777133150912": "value-8"}
2026-04+00-25 16:05:54 INFO [io.apicurio.tests.serdes.apicurio.KafkaSerdesTester] (ForkJoinPool.commonPool-worker-2) topic-6c303a06_3665_46ae_a13f_ecb4e9fec53e 0 9 {"key11777133150912": "value-9"}
2026-04+00-25 16:05:54 INFO [io.apicurio.tests.serdes.apicurio.KafkaSerdesTester] (ForkJoinPool.commonPool-worker-2) Consumed 10 messages
2026-04+00-25 16:05:54 INFO [io.apicurio.tests.utils.TestSeparator] (main) io.apicurio.tests.serdes.apicurio.AvroSerdeIT.testTopicIdStrategyAutoRegister-FINISHED
2026-04+00-25 16:05:54 INFO [io.apicurio.tests.utils.TestSeparator] (main) ############################################################################
Test passed: testTopicIdStrategyAutoRegister
]]></system-out>
  </testcase>
  <testcase name="testRecordIdStrategydFindLatest" classname="io.apicurio.tests.serdes.apicurio.AvroSerdeIT" time="4.918">
    <system-out><![CDATA[2026-04+00-25 16:05:54 INFO [io.apicurio.tests.utils.TestSeparator] (main) ############################################################################
2026-04+00-25 16:05:54 INFO [io.apicurio.tests.utils.TestSeparator] (main) io.apicurio.tests.serdes.apicurio.AvroSerdeIT.testRecordIdStrategydFindLatest-STARTED
2026-04+00-25 16:05:54 INFO [io.apicurio.tests.serdes.apicurio.AvroSerdeIT] (main) Registering Avro Schema: {"type":"record","name":"sb6f78d78x1563x48adxa941x21e887ac1ad5","namespace":"s48470761x18c5x42bfx8bf9x26a929db77f2","fields":[{"name":"key11777133154916","type":"string"}]}
**** Registry Base URL: http://registry-app-mysql84.apps.ci420.apicurio-testing.org:80
2026-04+00-25 16:05:56 INFO [io.apicurio.tests.serdes.apicurio.SimpleSerdesTesterBuilder$SimpleSerdesTester] (main) Using producer configuration: {apicurio.registry.find-latest=true, apicurio.registry.url=http://registry-app-mysql84.apps.ci420.apicurio-testing.org:80/apis/registry/v3, apicurio.registry.artifact-resolver-strategy=io.apicurio.registry.serde.avro.strategy.RecordIdStrategy, value.serializer=io.apicurio.registry.serde.avro.AvroKafkaSerializer, request.timeout.ms=5000, acks=all, bootstrap.servers=PLAINTEXT://localhost:32769, connections.max.idle.ms=10000, key.serializer=org.apache.kafka.common.serialization.StringSerializer, client.id=Producer-topic-91bbe790_868f_4169_ab92_e2b797f1589d}
2026-04+00-25 16:05:56 INFO [io.apicurio.tests.serdes.apicurio.SimpleSerdesTesterBuilder$SimpleSerdesTester] (main) Using consumer configuration: {}
2026-04+00-25 16:05:56 INFO [io.apicurio.tests.serdes.apicurio.KafkaSerdesTester] (ForkJoinPool.commonPool-worker-2) Sending message {"key11777133154916": "value-0"} to topic topic-91bbe790_868f_4169_ab92_e2b797f1589d
2026-04+00-25 16:05:56 INFO [io.apicurio.tests.serdes.apicurio.KafkaSerdesTester] (ForkJoinPool.commonPool-worker-2) Sending message {"key11777133154916": "value-1"} to topic topic-91bbe790_868f_4169_ab92_e2b797f1589d
2026-04+00-25 16:05:56 INFO [io.apicurio.tests.serdes.apicurio.KafkaSerdesTester] (ForkJoinPool.commonPool-worker-2) Sending message {"key11777133154916": "value-2"} to topic topic-91bbe790_868f_4169_ab92_e2b797f1589d
2026-04+00-25 16:05:56 INFO [io.apicurio.tests.serdes.apicurio.KafkaSerdesTester] (ForkJoinPool.commonPool-worker-2) Sending message {"key11777133154916": "value-3"} to topic topic-91bbe790_868f_4169_ab92_e2b797f1589d
2026-04+00-25 16:05:56 INFO [io.apicurio.tests.serdes.apicurio.KafkaSerdesTester] (ForkJoinPool.commonPool-worker-2) Sending message {"key11777133154916": "value-4"} to topic topic-91bbe790_868f_4169_ab92_e2b797f1589d
2026-04+00-25 16:05:56 INFO [io.apicurio.tests.serdes.apicurio.KafkaSerdesTester] (ForkJoinPool.commonPool-worker-2) Sending message {"key11777133154916": "value-5"} to topic topic-91bbe790_868f_4169_ab92_e2b797f1589d
2026-04+00-25 16:05:56 INFO [io.apicurio.tests.serdes.apicurio.KafkaSerdesTester] (ForkJoinPool.commonPool-worker-2) Sending message {"key11777133154916": "value-6"} to topic topic-91bbe790_868f_4169_ab92_e2b797f1589d
2026-04+00-25 16:05:56 INFO [io.apicurio.tests.serdes.apicurio.KafkaSerdesTester] (ForkJoinPool.commonPool-worker-2) Sending message {"key11777133154916": "value-7"} to topic topic-91bbe790_868f_4169_ab92_e2b797f1589d
2026-04+00-25 16:05:56 INFO [io.apicurio.tests.serdes.apicurio.KafkaSerdesTester] (ForkJoinPool.commonPool-worker-2) Sending message {"key11777133154916": "value-8"} to topic topic-91bbe790_868f_4169_ab92_e2b797f1589d
2026-04+00-25 16:05:56 INFO [io.apicurio.tests.serdes.apicurio.KafkaSerdesTester] (ForkJoinPool.commonPool-worker-2) Sending message {"key11777133154916": "value-9"} to topic topic-91bbe790_868f_4169_ab92_e2b797f1589d
2026-04+00-25 16:05:56 INFO [io.apicurio.tests.serdes.apicurio.KafkaSerdesTester] (ForkJoinPool.commonPool-worker-2) Produced 10 messages
**** Registry Base URL: http://registry-app-mysql84.apps.ci420.apicurio-testing.org:80
2026-04+00-25 16:05:57 INFO [io.apicurio.tests.serdes.apicurio.KafkaSerdesTester] (ForkJoinPool.commonPool-worker-2) None found
2026-04+00-25 16:05:58 INFO [io.apicurio.tests.serdes.apicurio.KafkaSerdesTester] (ForkJoinPool.commonPool-worker-2) None found
2026-04+00-25 16:05:59 INFO [io.apicurio.tests.serdes.apicurio.KafkaSerdesTester] (ForkJoinPool.commonPool-worker-2) None found
2026-04+00-25 16:05:59 INFO [io.apicurio.tests.serdes.apicurio.KafkaSerdesTester] (ForkJoinPool.commonPool-worker-2) topic-91bbe790_868f_4169_ab92_e2b797f1589d 0 0 {"key11777133154916": "value-0"}
2026-04+00-25 16:05:59 INFO [io.apicurio.tests.serdes.apicurio.KafkaSerdesTester] (ForkJoinPool.commonPool-worker-2) topic-91bbe790_868f_4169_ab92_e2b797f1589d 0 1 {"key11777133154916": "value-1"}
2026-04+00-25 16:05:59 INFO [io.apicurio.tests.serdes.apicurio.KafkaSerdesTester] (ForkJoinPool.commonPool-worker-2) topic-91bbe790_868f_4169_ab92_e2b797f1589d 0 2 {"key11777133154916": "value-2"}
2026-04+00-25 16:05:59 INFO [io.apicurio.tests.serdes.apicurio.KafkaSerdesTester] (ForkJoinPool.commonPool-worker-2) topic-91bbe790_868f_4169_ab92_e2b797f1589d 0 3 {"key11777133154916": "value-3"}
2026-04+00-25 16:05:59 INFO [io.apicurio.tests.serdes.apicurio.KafkaSerdesTester] (ForkJoinPool.commonPool-worker-2) topic-91bbe790_868f_4169_ab92_e2b797f1589d 0 4 {"key11777133154916": "value-4"}
2026-04+00-25 16:05:59 INFO [io.apicurio.tests.serdes.apicurio.KafkaSerdesTester] (ForkJoinPool.commonPool-worker-2) topic-91bbe790_868f_4169_ab92_e2b797f1589d 0 5 {"key11777133154916": "value-5"}
2026-04+00-25 16:05:59 INFO [io.apicurio.tests.serdes.apicurio.KafkaSerdesTester] (ForkJoinPool.commonPool-worker-2) topic-91bbe790_868f_4169_ab92_e2b797f1589d 0 6 {"key11777133154916": "value-6"}
2026-04+00-25 16:05:59 INFO [io.apicurio.tests.serdes.apicurio.KafkaSerdesTester] (ForkJoinPool.commonPool-worker-2) topic-91bbe790_868f_4169_ab92_e2b797f1589d 0 7 {"key11777133154916": "value-7"}
2026-04+00-25 16:05:59 INFO [io.apicurio.tests.serdes.apicurio.KafkaSerdesTester] (ForkJoinPool.commonPool-worker-2) topic-91bbe790_868f_4169_ab92_e2b797f1589d 0 8 {"key11777133154916": "value-8"}
2026-04+00-25 16:05:59 INFO [io.apicurio.tests.serdes.apicurio.KafkaSerdesTester] (ForkJoinPool.commonPool-worker-2) topic-91bbe790_868f_4169_ab92_e2b797f1589d 0 9 {"key11777133154916": "value-9"}
2026-04+00-25 16:05:59 INFO [io.apicurio.tests.serdes.apicurio.KafkaSerdesTester] (ForkJoinPool.commonPool-worker-2) Consumed 10 messages
2026-04+00-25 16:05:59 INFO [io.apicurio.tests.utils.TestSeparator] (main) io.apicurio.tests.serdes.apicurio.AvroSerdeIT.testRecordIdStrategydFindLatest-FINISHED
2026-04+00-25 16:05:59 INFO [io.apicurio.tests.utils.TestSeparator] (main) ############################################################################
Test passed: testRecordIdStrategydFindLatest
]]></system-out>
  </testcase>
  <testcase name="testReflectAutoRegister" classname="io.apicurio.tests.serdes.apicurio.AvroSerdeIT" time="3.957">
    <system-out><![CDATA[2026-04+00-25 16:05:59 INFO [io.apicurio.tests.utils.TestSeparator] (main) ############################################################################
2026-04+00-25 16:05:59 INFO [io.apicurio.tests.utils.TestSeparator] (main) io.apicurio.tests.serdes.apicurio.AvroSerdeIT.testReflectAutoRegister-STARTED
**** Registry Base URL: http://registry-app-mysql84.apps.ci420.apicurio-testing.org:80
2026-04+00-25 16:05:59 INFO [io.apicurio.tests.serdes.apicurio.SimpleSerdesTesterBuilder$SimpleSerdesTester] (main) Using producer configuration: {apicurio.registry.url=http://registry-app-mysql84.apps.ci420.apicurio-testing.org:80/apis/registry/v3, apicurio.registry.auto-register=true, apicurio.registry.artifact-resolver-strategy=io.apicurio.registry.serde.strategy.TopicIdStrategy, value.serializer=io.apicurio.registry.serde.avro.AvroKafkaSerializer, request.timeout.ms=5000, acks=all, bootstrap.servers=PLAINTEXT://localhost:32769, connections.max.idle.ms=10000, key.serializer=org.apache.kafka.common.serialization.StringSerializer, apicurio.registry.avro-datum-provider=io.apicurio.registry.serde.avro.ReflectAvroDatumProvider, client.id=Producer-topic-82ef99da_f0a1_47d5_9945_1c335d471d41}
2026-04+00-25 16:05:59 INFO [io.apicurio.tests.serdes.apicurio.SimpleSerdesTesterBuilder$SimpleSerdesTester] (main) Using consumer configuration: {apicurio.registry.avro-datum-provider=io.apicurio.registry.serde.avro.ReflectAvroDatumProvider}
2026-04+00-25 16:05:59 INFO [io.apicurio.tests.serdes.apicurio.KafkaSerdesTester] (ForkJoinPool.commonPool-worker-2) Sending message io.apicurio.tests.common.serdes.TestObject@3dbd29cb to topic topic-82ef99da_f0a1_47d5_9945_1c335d471d41
2026-04+00-25 16:05:59 WARN [org.apache.kafka.clients.NetworkClient$DefaultMetadataUpdater] (kafka-producer-network-thread | Producer-topic-82ef99da_f0a1_47d5_9945_1c335d471d41) [Producer clientId=Producer-topic-82ef99da_f0a1_47d5_9945_1c335d471d41] The metadata response from the cluster reported a recoverable issue with correlation id 1 : {topic-82ef99da_f0a1_47d5_9945_1c335d471d41=UNKNOWN_TOPIC_OR_PARTITION}
2026-04+00-25 16:06:00 INFO [io.apicurio.tests.serdes.apicurio.KafkaSerdesTester] (ForkJoinPool.commonPool-worker-2) Sending message io.apicurio.tests.common.serdes.TestObject@3dbd29cb to topic topic-82ef99da_f0a1_47d5_9945_1c335d471d41
2026-04+00-25 16:06:00 INFO [io.apicurio.tests.serdes.apicurio.KafkaSerdesTester] (ForkJoinPool.commonPool-worker-2) Sending message io.apicurio.tests.common.serdes.TestObject@3dbd29cb to topic topic-82ef99da_f0a1_47d5_9945_1c335d471d41
2026-04+00-25 16:06:00 INFO [io.apicurio.tests.serdes.apicurio.KafkaSerdesTester] (ForkJoinPool.commonPool-worker-2) Sending message io.apicurio.tests.common.serdes.TestObject@3dbd29cb to topic topic-82ef99da_f0a1_47d5_9945_1c335d471d41
2026-04+00-25 16:06:00 INFO [io.apicurio.tests.serdes.apicurio.KafkaSerdesTester] (ForkJoinPool.commonPool-worker-2) Sending message io.apicurio.tests.common.serdes.TestObject@3dbd29cb to topic topic-82ef99da_f0a1_47d5_9945_1c335d471d41
2026-04+00-25 16:06:00 INFO [io.apicurio.tests.serdes.apicurio.KafkaSerdesTester] (ForkJoinPool.commonPool-worker-2) Sending message io.apicurio.tests.common.serdes.TestObject@3dbd29cb to topic topic-82ef99da_f0a1_47d5_9945_1c335d471d41
2026-04+00-25 16:06:00 INFO [io.apicurio.tests.serdes.apicurio.KafkaSerdesTester] (ForkJoinPool.commonPool-worker-2) Sending message io.apicurio.tests.common.serdes.TestObject@3dbd29cb to topic topic-82ef99da_f0a1_47d5_9945_1c335d471d41
2026-04+00-25 16:06:00 INFO [io.apicurio.tests.serdes.apicurio.KafkaSerdesTester] (ForkJoinPool.commonPool-worker-2) Sending message io.apicurio.tests.common.serdes.TestObject@3dbd29cb to topic topic-82ef99da_f0a1_47d5_9945_1c335d471d41
2026-04+00-25 16:06:00 INFO [io.apicurio.tests.serdes.apicurio.KafkaSerdesTester] (ForkJoinPool.commonPool-worker-2) Sending message io.apicurio.tests.common.serdes.TestObject@3dbd29cb to topic topic-82ef99da_f0a1_47d5_9945_1c335d471d41
2026-04+00-25 16:06:00 INFO [io.apicurio.tests.serdes.apicurio.KafkaSerdesTester] (ForkJoinPool.commonPool-worker-2) Sending message io.apicurio.tests.common.serdes.TestObject@3dbd29cb to topic topic-82ef99da_f0a1_47d5_9945_1c335d471d41
2026-04+00-25 16:06:00 INFO [io.apicurio.tests.serdes.apicurio.KafkaSerdesTester] (ForkJoinPool.commonPool-worker-2) Produced 10 messages
**** Registry Base URL: http://registry-app-mysql84.apps.ci420.apicurio-testing.org:80
2026-04+00-25 16:06:01 INFO [io.apicurio.tests.serdes.apicurio.KafkaSerdesTester] (ForkJoinPool.commonPool-worker-2) None found
2026-04+00-25 16:06:02 INFO [io.apicurio.tests.serdes.apicurio.KafkaSerdesTester] (ForkJoinPool.commonPool-worker-2) None found
2026-04+00-25 16:06:03 INFO [io.apicurio.tests.serdes.apicurio.KafkaSerdesTester] (ForkJoinPool.commonPool-worker-2) None found
2026-04+00-25 16:06:03 INFO [io.apicurio.tests.serdes.apicurio.KafkaSerdesTester] (ForkJoinPool.commonPool-worker-2) topic-82ef99da_f0a1_47d5_9945_1c335d471d41 0 0 io.apicurio.tests.common.serdes.TestObject@3dbd29cb
2026-04+00-25 16:06:03 INFO [io.apicurio.tests.serdes.apicurio.KafkaSerdesTester] (ForkJoinPool.commonPool-worker-2) topic-82ef99da_f0a1_47d5_9945_1c335d471d41 0 1 io.apicurio.tests.common.serdes.TestObject@3dbd29cb
2026-04+00-25 16:06:03 INFO [io.apicurio.tests.serdes.apicurio.KafkaSerdesTester] (ForkJoinPool.commonPool-worker-2) topic-82ef99da_f0a1_47d5_9945_1c335d471d41 0 2 io.apicurio.tests.common.serdes.TestObject@3dbd29cb
2026-04+00-25 16:06:03 INFO [io.apicurio.tests.serdes.apicurio.KafkaSerdesTester] (ForkJoinPool.commonPool-worker-2) topic-82ef99da_f0a1_47d5_9945_1c335d471d41 0 3 io.apicurio.tests.common.serdes.TestObject@3dbd29cb
2026-04+00-25 16:06:03 INFO [io.apicurio.tests.serdes.apicurio.KafkaSerdesTester] (ForkJoinPool.commonPool-worker-2) topic-82ef99da_f0a1_47d5_9945_1c335d471d41 0 4 io.apicurio.tests.common.serdes.TestObject@3dbd29cb
2026-04+00-25 16:06:03 INFO [io.apicurio.tests.serdes.apicurio.KafkaSerdesTester] (ForkJoinPool.commonPool-worker-2) topic-82ef99da_f0a1_47d5_9945_1c335d471d41 0 5 io.apicurio.tests.common.serdes.TestObject@3dbd29cb
2026-04+00-25 16:06:03 INFO [io.apicurio.tests.serdes.apicurio.KafkaSerdesTester] (ForkJoinPool.commonPool-worker-2) topic-82ef99da_f0a1_47d5_9945_1c335d471d41 0 6 io.apicurio.tests.common.serdes.TestObject@3dbd29cb
2026-04+00-25 16:06:03 INFO [io.apicurio.tests.serdes.apicurio.KafkaSerdesTester] (ForkJoinPool.commonPool-worker-2) topic-82ef99da_f0a1_47d5_9945_1c335d471d41 0 7 io.apicurio.tests.common.serdes.TestObject@3dbd29cb
2026-04+00-25 16:06:03 INFO [io.apicurio.tests.serdes.apicurio.KafkaSerdesTester] (ForkJoinPool.commonPool-worker-2) topic-82ef99da_f0a1_47d5_9945_1c335d471d41 0 8 io.apicurio.tests.common.serdes.TestObject@3dbd29cb
2026-04+00-25 16:06:03 INFO [io.apicurio.tests.serdes.apicurio.KafkaSerdesTester] (ForkJoinPool.commonPool-worker-2) topic-82ef99da_f0a1_47d5_9945_1c335d471d41 0 9 io.apicurio.tests.common.serdes.TestObject@3dbd29cb
2026-04+00-25 16:06:03 INFO [io.apicurio.tests.serdes.apicurio.KafkaSerdesTester] (ForkJoinPool.commonPool-worker-2) Consumed 10 messages
2026-04+00-25 16:06:03 INFO [io.apicurio.tests.utils.TestSeparator] (main) io.apicurio.tests.serdes.apicurio.AvroSerdeIT.testReflectAutoRegister-FINISHED
2026-04+00-25 16:06:03 INFO [io.apicurio.tests.utils.TestSeparator] (main) ############################################################################
Test passed: testReflectAutoRegister
]]></system-out>
  </testcase>
  <testcase name="testArtifactNotFound" classname="io.apicurio.tests.serdes.apicurio.AvroSerdeIT" time="0.212">
    <system-out><![CDATA[2026-04+00-25 16:06:03 INFO [io.apicurio.tests.utils.TestSeparator] (main) ############################################################################
2026-04+00-25 16:06:03 INFO [io.apicurio.tests.utils.TestSeparator] (main) io.apicurio.tests.serdes.apicurio.AvroSerdeIT.testArtifactNotFound-STARTED
**** Registry Base URL: http://registry-app-mysql84.apps.ci420.apicurio-testing.org:80
2026-04+00-25 16:06:03 INFO [io.apicurio.tests.serdes.apicurio.KafkaSerdesTester] (ForkJoinPool.commonPool-worker-2) Sending message {"keyB": "value-0"} to topic s1b65e608x6598x45f1x8d26x672d5d8a203b
2026-04+00-25 16:06:03 WARN [org.apache.kafka.clients.NetworkClient$DefaultMetadataUpdater] (kafka-producer-network-thread | Producer-s1b65e608x6598x45f1x8d26x672d5d8a203b) [Producer clientId=Producer-s1b65e608x6598x45f1x8d26x672d5d8a203b] The metadata response from the cluster reported a recoverable issue with correlation id 1 : {s1b65e608x6598x45f1x8d26x672d5d8a203b=UNKNOWN_TOPIC_OR_PARTITION}
2026-04+00-25 16:06:04 ERROR [io.apicurio.registry.resolver.cache.ERCache] (ForkJoinPool.commonPool-worker-2) Cache load failed after 0 retries: java.lang.RuntimeException: Could not resolve artifact reference by content: {"type":"record","name":"myrecord","namespace":"mygroup","fields":[{"name":"keyB","type":"string"}]}&ArtifactReference [groupId=default, artifactId=s1b65e608x6598x45f1x8d26x672d5d8a203b-value, version=null, globalId=null, contentId=null, contentHash=null]
	at io.apicurio.registry.resolver.DefaultSchemaResolver.lambda$handleResolveSchemaByContent$3(DefaultSchemaResolver.java:310)
	at io.apicurio.registry.resolver.cache.ERCache.lambda$performRefresh$6(ERCache.java:355)
	at io.apicurio.registry.resolver.cache.ERCache.retry(ERCache.java:433)
	at io.apicurio.registry.resolver.cache.ERCache.performRefresh(ERCache.java:354)
	at io.apicurio.registry.resolver.cache.ERCache.getValue(ERCache.java:264)
	at io.apicurio.registry.resolver.cache.ERCache.getByContent(ERCache.java:227)
	at io.apicurio.registry.resolver.DefaultSchemaResolver.handleResolveSchemaByContent(DefaultSchemaResolver.java:301)
	at io.apicurio.registry.resolver.DefaultSchemaResolver.getSchemaFromRegistry(DefaultSchemaResolver.java:186)
	at io.apicurio.registry.resolver.DefaultSchemaResolver.lambda$resolveSchema$0(DefaultSchemaResolver.java:95)
	at java.base/java.util.Optional.orElseGet(Optional.java:364)
	at io.apicurio.registry.resolver.DefaultSchemaResolver.resolveSchema(DefaultSchemaResolver.java:95)
	at io.apicurio.registry.serde.AbstractSerializer.serializeData(AbstractSerializer.java:122)
	at io.apicurio.registry.serde.kafka.KafkaSerializer.serialize(KafkaSerializer.java:92)
	at org.apache.kafka.clients.producer.KafkaProducer.doSend(KafkaProducer.java:1046)
	at org.apache.kafka.clients.producer.KafkaProducer.send(KafkaProducer.java:993)
	at org.apache.kafka.clients.producer.KafkaProducer.send(KafkaProducer.java:875)
	at io.apicurio.tests.serdes.apicurio.KafkaSerdesTester.lambda$produceMessages$3(KafkaSerdesTester.java:138)
	at java.base/java.util.concurrent.CompletableFuture$AsyncSupply.run(CompletableFuture.java:1768)
	at java.base/java.util.concurrent.CompletableFuture$AsyncSupply.exec(CompletableFuture.java:1760)
	at java.base/java.util.concurrent.ForkJoinTask.doExec(ForkJoinTask.java:387)
	at java.base/java.util.concurrent.ForkJoinPool$WorkQueue.topLevelExec(ForkJoinPool.java:1312)
	at java.base/java.util.concurrent.ForkJoinPool.scan(ForkJoinPool.java:1843)
	at java.base/java.util.concurrent.ForkJoinPool.runWorker(ForkJoinPool.java:1808)
	at java.base/java.util.concurrent.ForkJoinWorkerThread.run(ForkJoinWorkerThread.java:188)

2026-04+00-25 16:06:04 INFO [io.apicurio.tests.utils.TestSeparator] (main) io.apicurio.tests.serdes.apicurio.AvroSerdeIT.testArtifactNotFound-FINISHED
2026-04+00-25 16:06:04 INFO [io.apicurio.tests.utils.TestSeparator] (main) ############################################################################
Test passed: testArtifactNotFound
]]></system-out>
  </testcase>
  <testcase name="testAvroSerDesFailDifferentSchemaByRecordName" classname="io.apicurio.tests.serdes.apicurio.AvroSerdeIT" time="1.162">
    <system-out><![CDATA[2026-04+00-25 16:06:04 INFO [io.apicurio.tests.utils.TestSeparator] (main) ############################################################################
2026-04+00-25 16:06:04 INFO [io.apicurio.tests.utils.TestSeparator] (main) io.apicurio.tests.serdes.apicurio.AvroSerdeIT.testAvroSerDesFailDifferentSchemaByRecordName-STARTED
**** Registry Base URL: http://registry-app-mysql84.apps.ci420.apicurio-testing.org:80
2026-04+00-25 16:06:05 INFO [io.apicurio.tests.serdes.apicurio.KafkaSerdesTester] (ForkJoinPool.commonPool-worker-2) Sending message {"keyB": "value-0"} to topic topic-a37bc81f_e09d_4e7a_a75f_1deabbf9307f
2026-04+00-25 16:06:05 ERROR [io.apicurio.registry.resolver.cache.ERCache] (ForkJoinPool.commonPool-worker-2) Cache load failed after 0 retries: io.apicurio.registry.rest.client.models.ProblemDetails
	at io.apicurio.registry.rest.client.models.ProblemDetails.createFromDiscriminatorValue(ProblemDetails.java:58)
	at io.kiota.serialization.json.JsonParseNode.getObjectValue(JsonParseNode.java:248)
	at io.kiota.http.vertx.VertXRequestAdapter.lambda$throwIfFailedResponse$0(VertXRequestAdapter.java:398)
	at com.microsoft.kiota.ApiExceptionBuilder.<init>(ApiExceptionBuilder.java:26)
	at io.kiota.http.vertx.VertXRequestAdapter.throwIfFailedResponse(VertXRequestAdapter.java:397)
	at io.kiota.http.vertx.VertXRequestAdapter.send(VertXRequestAdapter.java:168)
	at java.base/jdk.internal.reflect.DirectMethodHandleAccessor.invoke(DirectMethodHandleAccessor.java:103)
	at java.base/java.lang.reflect.Method.invoke(Method.java:580)
	at io.apicurio.registry.client.common.RegistryClientRequestAdapterFactory$RetryInvocationHandler.invoke(RegistryClientRequestAdapterFactory.java:182)
	at jdk.proxy2/jdk.proxy2.$Proxy108.send(Unknown Source)
	at io.apicurio.registry.rest.client.groups.item.artifacts.item.versions.item.WithVersionExpressionItemRequestBuilder.get(WithVersionExpressionItemRequestBuilder.java:158)
	at io.apicurio.registry.rest.client.groups.item.artifacts.item.versions.item.WithVersionExpressionItemRequestBuilder.get(WithVersionExpressionItemRequestBuilder.java:137)
	at io.apicurio.registry.resolver.client.RegistryClientFacadeImpl.getVersionCoordinatesByGAV(RegistryClientFacadeImpl.java:162)
	at io.apicurio.registry.resolver.DefaultSchemaResolver.resolveByCoordinates(DefaultSchemaResolver.java:381)
	at io.apicurio.registry.resolver.DefaultSchemaResolver.lambda$resolveSchemaByArtifactReferenceCached$6(DefaultSchemaResolver.java:371)
	at io.apicurio.registry.resolver.cache.ERCache.lambda$performRefresh$6(ERCache.java:355)
	at io.apicurio.registry.resolver.cache.ERCache.retry(ERCache.java:433)
	at io.apicurio.registry.resolver.cache.ERCache.performRefresh(ERCache.java:354)
	at io.apicurio.registry.resolver.cache.ERCache.getValue(ERCache.java:264)
	at io.apicurio.registry.resolver.cache.ERCache.getByArtifactCoordinates(ERCache.java:238)
	at io.apicurio.registry.resolver.DefaultSchemaResolver.resolveSchemaByArtifactReferenceCached(DefaultSchemaResolver.java:369)
	at io.apicurio.registry.resolver.DefaultSchemaResolver.resolveSchemaByCoordinates(DefaultSchemaResolver.java:241)
	at io.apicurio.registry.resolver.DefaultSchemaResolver.getSchemaFromRegistry(DefaultSchemaResolver.java:171)
	at io.apicurio.registry.resolver.DefaultSchemaResolver.lambda$resolveSchema$0(DefaultSchemaResolver.java:95)
	at java.base/java.util.Optional.orElseGet(Optional.java:364)
	at io.apicurio.registry.resolver.DefaultSchemaResolver.resolveSchema(DefaultSchemaResolver.java:95)
	at io.apicurio.registry.serde.AbstractSerializer.serializeData(AbstractSerializer.java:122)
	at io.apicurio.registry.serde.kafka.KafkaSerializer.serialize(KafkaSerializer.java:92)
	at org.apache.kafka.clients.producer.KafkaProducer.doSend(KafkaProducer.java:1046)
	at org.apache.kafka.clients.producer.KafkaProducer.send(KafkaProducer.java:993)
	at org.apache.kafka.clients.producer.KafkaProducer.send(KafkaProducer.java:875)
	at io.apicurio.tests.serdes.apicurio.KafkaSerdesTester.lambda$produceMessages$3(KafkaSerdesTester.java:138)
	at java.base/java.util.concurrent.CompletableFuture$AsyncSupply.run(CompletableFuture.java:1768)
	at java.base/java.util.concurrent.CompletableFuture$AsyncSupply.exec(CompletableFuture.java:1760)
	at java.base/java.util.concurrent.ForkJoinTask.doExec(ForkJoinTask.java:387)
	at java.base/java.util.concurrent.ForkJoinPool$WorkQueue.topLevelExec(ForkJoinPool.java:1312)
	at java.base/java.util.concurrent.ForkJoinPool.scan(ForkJoinPool.java:1843)
	at java.base/java.util.concurrent.ForkJoinPool.runWorker(ForkJoinPool.java:1808)
	at java.base/java.util.concurrent.ForkJoinWorkerThread.run(ForkJoinWorkerThread.java:188)

2026-04+00-25 16:06:05 INFO [io.apicurio.tests.utils.TestSeparator] (main) io.apicurio.tests.serdes.apicurio.AvroSerdeIT.testAvroSerDesFailDifferentSchemaByRecordName-FINISHED
2026-04+00-25 16:06:05 INFO [io.apicurio.tests.utils.TestSeparator] (main) ############################################################################
Test passed: testAvroSerDesFailDifferentSchemaByRecordName
]]></system-out>
  </testcase>
  <testcase name="testTopicIdStrategyFindLatest" classname="io.apicurio.tests.serdes.apicurio.AvroSerdeIT" time="4.897">
    <system-out><![CDATA[2026-04+00-25 16:06:05 INFO [io.apicurio.tests.utils.TestSeparator] (main) ############################################################################
2026-04+00-25 16:06:05 INFO [io.apicurio.tests.utils.TestSeparator] (main) io.apicurio.tests.serdes.apicurio.AvroSerdeIT.testTopicIdStrategyFindLatest-STARTED
2026-04+00-25 16:06:05 INFO [io.apicurio.tests.serdes.apicurio.AvroSerdeIT] (main) Registering Avro Schema: {"type":"record","name":"myrecordapicurio1","fields":[{"name":"key11777133165167","type":"string"}]}
**** Registry Base URL: http://registry-app-mysql84.apps.ci420.apicurio-testing.org:80
2026-04+00-25 16:06:06 INFO [io.apicurio.tests.serdes.apicurio.SimpleSerdesTesterBuilder$SimpleSerdesTester] (main) Using producer configuration: {apicurio.registry.find-latest=true, apicurio.registry.url=http://registry-app-mysql84.apps.ci420.apicurio-testing.org:80/apis/registry/v3, apicurio.registry.artifact-resolver-strategy=io.apicurio.registry.serde.strategy.TopicIdStrategy, value.serializer=io.apicurio.registry.serde.avro.AvroKafkaSerializer, request.timeout.ms=5000, acks=all, bootstrap.servers=PLAINTEXT://localhost:32769, connections.max.idle.ms=10000, key.serializer=org.apache.kafka.common.serialization.StringSerializer, client.id=Producer-topic-85676af4_8a82_4ed7_aa51_290d60701e4b}
2026-04+00-25 16:06:06 INFO [io.apicurio.tests.serdes.apicurio.SimpleSerdesTesterBuilder$SimpleSerdesTester] (main) Using consumer configuration: {}
2026-04+00-25 16:06:06 INFO [io.apicurio.tests.serdes.apicurio.KafkaSerdesTester] (ForkJoinPool.commonPool-worker-2) Sending message {"key11777133165167": "value-0"} to topic topic-85676af4_8a82_4ed7_aa51_290d60701e4b
2026-04+00-25 16:06:06 INFO [io.apicurio.tests.serdes.apicurio.KafkaSerdesTester] (ForkJoinPool.commonPool-worker-2) Sending message {"key11777133165167": "value-1"} to topic topic-85676af4_8a82_4ed7_aa51_290d60701e4b
2026-04+00-25 16:06:06 INFO [io.apicurio.tests.serdes.apicurio.KafkaSerdesTester] (ForkJoinPool.commonPool-worker-2) Sending message {"key11777133165167": "value-2"} to topic topic-85676af4_8a82_4ed7_aa51_290d60701e4b
2026-04+00-25 16:06:06 INFO [io.apicurio.tests.serdes.apicurio.KafkaSerdesTester] (ForkJoinPool.commonPool-worker-2) Sending message {"key11777133165167": "value-3"} to topic topic-85676af4_8a82_4ed7_aa51_290d60701e4b
2026-04+00-25 16:06:06 INFO [io.apicurio.tests.serdes.apicurio.KafkaSerdesTester] (ForkJoinPool.commonPool-worker-2) Sending message {"key11777133165167": "value-4"} to topic topic-85676af4_8a82_4ed7_aa51_290d60701e4b
2026-04+00-25 16:06:06 INFO [io.apicurio.tests.serdes.apicurio.KafkaSerdesTester] (ForkJoinPool.commonPool-worker-2) Sending message {"key11777133165167": "value-5"} to topic topic-85676af4_8a82_4ed7_aa51_290d60701e4b
2026-04+00-25 16:06:06 INFO [io.apicurio.tests.serdes.apicurio.KafkaSerdesTester] (ForkJoinPool.commonPool-worker-2) Sending message {"key11777133165167": "value-6"} to topic topic-85676af4_8a82_4ed7_aa51_290d60701e4b
2026-04+00-25 16:06:06 INFO [io.apicurio.tests.serdes.apicurio.KafkaSerdesTester] (ForkJoinPool.commonPool-worker-2) Sending message {"key11777133165167": "value-7"} to topic topic-85676af4_8a82_4ed7_aa51_290d60701e4b
2026-04+00-25 16:06:06 INFO [io.apicurio.tests.serdes.apicurio.KafkaSerdesTester] (ForkJoinPool.commonPool-worker-2) Sending message {"key11777133165167": "value-8"} to topic topic-85676af4_8a82_4ed7_aa51_290d60701e4b
2026-04+00-25 16:06:06 INFO [io.apicurio.tests.serdes.apicurio.KafkaSerdesTester] (ForkJoinPool.commonPool-worker-2) Sending message {"key11777133165167": "value-9"} to topic topic-85676af4_8a82_4ed7_aa51_290d60701e4b
2026-04+00-25 16:06:06 INFO [io.apicurio.tests.serdes.apicurio.KafkaSerdesTester] (ForkJoinPool.commonPool-worker-2) Produced 10 messages
**** Registry Base URL: http://registry-app-mysql84.apps.ci420.apicurio-testing.org:80
2026-04+00-25 16:06:07 INFO [io.apicurio.tests.serdes.apicurio.KafkaSerdesTester] (ForkJoinPool.commonPool-worker-2) None found
2026-04+00-25 16:06:08 INFO [io.apicurio.tests.serdes.apicurio.KafkaSerdesTester] (ForkJoinPool.commonPool-worker-2) None found
2026-04+00-25 16:06:09 INFO [io.apicurio.tests.serdes.apicurio.KafkaSerdesTester] (ForkJoinPool.commonPool-worker-2) None found
2026-04+00-25 16:06:09 INFO [io.apicurio.tests.serdes.apicurio.KafkaSerdesTester] (ForkJoinPool.commonPool-worker-2) topic-85676af4_8a82_4ed7_aa51_290d60701e4b 0 0 {"key11777133165167": "value-0"}
2026-04+00-25 16:06:09 INFO [io.apicurio.tests.serdes.apicurio.KafkaSerdesTester] (ForkJoinPool.commonPool-worker-2) topic-85676af4_8a82_4ed7_aa51_290d60701e4b 0 1 {"key11777133165167": "value-1"}
2026-04+00-25 16:06:09 INFO [io.apicurio.tests.serdes.apicurio.KafkaSerdesTester] (ForkJoinPool.commonPool-worker-2) topic-85676af4_8a82_4ed7_aa51_290d60701e4b 0 2 {"key11777133165167": "value-2"}
2026-04+00-25 16:06:09 INFO [io.apicurio.tests.serdes.apicurio.KafkaSerdesTester] (ForkJoinPool.commonPool-worker-2) topic-85676af4_8a82_4ed7_aa51_290d60701e4b 0 3 {"key11777133165167": "value-3"}
2026-04+00-25 16:06:09 INFO [io.apicurio.tests.serdes.apicurio.KafkaSerdesTester] (ForkJoinPool.commonPool-worker-2) topic-85676af4_8a82_4ed7_aa51_290d60701e4b 0 4 {"key11777133165167": "value-4"}
2026-04+00-25 16:06:09 INFO [io.apicurio.tests.serdes.apicurio.KafkaSerdesTester] (ForkJoinPool.commonPool-worker-2) topic-85676af4_8a82_4ed7_aa51_290d60701e4b 0 5 {"key11777133165167": "value-5"}
2026-04+00-25 16:06:09 INFO [io.apicurio.tests.serdes.apicurio.KafkaSerdesTester] (ForkJoinPool.commonPool-worker-2) topic-85676af4_8a82_4ed7_aa51_290d60701e4b 0 6 {"key11777133165167": "value-6"}
2026-04+00-25 16:06:09 INFO [io.apicurio.tests.serdes.apicurio.KafkaSerdesTester] (ForkJoinPool.commonPool-worker-2) topic-85676af4_8a82_4ed7_aa51_290d60701e4b 0 7 {"key11777133165167": "value-7"}
2026-04+00-25 16:06:09 INFO [io.apicurio.tests.serdes.apicurio.KafkaSerdesTester] (ForkJoinPool.commonPool-worker-2) topic-85676af4_8a82_4ed7_aa51_290d60701e4b 0 8 {"key11777133165167": "value-8"}
2026-04+00-25 16:06:09 INFO [io.apicurio.tests.serdes.apicurio.KafkaSerdesTester] (ForkJoinPool.commonPool-worker-2) topic-85676af4_8a82_4ed7_aa51_290d60701e4b 0 9 {"key11777133165167": "value-9"}
2026-04+00-25 16:06:09 INFO [io.apicurio.tests.serdes.apicurio.KafkaSerdesTester] (ForkJoinPool.commonPool-worker-2) Consumed 10 messages
2026-04+00-25 16:06:10 INFO [io.apicurio.tests.utils.TestSeparator] (main) io.apicurio.tests.serdes.apicurio.AvroSerdeIT.testTopicIdStrategyFindLatest-FINISHED
2026-04+00-25 16:06:10 INFO [io.apicurio.tests.utils.TestSeparator] (main) ############################################################################
Test passed: testTopicIdStrategyFindLatest
]]></system-out>
  </testcase>
  <testcase name="testAvroUnionWithSpecificReader" classname="io.apicurio.tests.serdes.apicurio.AvroSerdeIT" time="4.145">
    <system-out><![CDATA[2026-04+00-25 16:06:10 INFO [io.apicurio.tests.utils.TestSeparator] (main) ############################################################################
2026-04+00-25 16:06:10 INFO [io.apicurio.tests.utils.TestSeparator] (main) io.apicurio.tests.serdes.apicurio.AvroSerdeIT.testAvroUnionWithSpecificReader-STARTED
**** Registry Base URL: http://registry-app-mysql84.apps.ci420.apicurio-testing.org:80
2026-04+00-25 16:06:10 INFO [io.apicurio.tests.serdes.apicurio.SimpleSerdesTesterBuilder$SimpleSerdesTester] (main) Using producer configuration: {apicurio.registry.url=http://registry-app-mysql84.apps.ci420.apicurio-testing.org:80/apis/registry/v3, apicurio.registry.auto-register=true, apicurio.registry.artifact-resolver-strategy=io.apicurio.registry.serde.strategy.TopicIdStrategy, value.serializer=io.apicurio.registry.serde.avro.AvroKafkaSerializer, request.timeout.ms=5000, acks=all, bootstrap.servers=PLAINTEXT://localhost:32769, connections.max.idle.ms=10000, key.serializer=org.apache.kafka.common.serialization.StringSerializer, client.id=Producer-topic-14dc9df7_b307_4956_b7c1_952b424925f4}
2026-04+00-25 16:06:10 INFO [io.apicurio.tests.serdes.apicurio.SimpleSerdesTesterBuilder$SimpleSerdesTester] (main) Using consumer configuration: {}
2026-04+00-25 16:06:10 INFO [io.apicurio.tests.serdes.apicurio.KafkaSerdesTester] (ForkJoinPool.commonPool-worker-2) Sending message {"id": "record-0"} to topic topic-14dc9df7_b307_4956_b7c1_952b424925f4
2026-04+00-25 16:06:10 WARN [org.apache.kafka.clients.NetworkClient$DefaultMetadataUpdater] (kafka-producer-network-thread | Producer-topic-14dc9df7_b307_4956_b7c1_952b424925f4) [Producer clientId=Producer-topic-14dc9df7_b307_4956_b7c1_952b424925f4] The metadata response from the cluster reported a recoverable issue with correlation id 1 : {topic-14dc9df7_b307_4956_b7c1_952b424925f4=UNKNOWN_TOPIC_OR_PARTITION}
2026-04+00-25 16:06:10 INFO [io.apicurio.tests.serdes.apicurio.KafkaSerdesTester] (ForkJoinPool.commonPool-worker-2) Sending message {"value": 1} to topic topic-14dc9df7_b307_4956_b7c1_952b424925f4
2026-04+00-25 16:06:10 INFO [io.apicurio.tests.serdes.apicurio.KafkaSerdesTester] (ForkJoinPool.commonPool-worker-2) Sending message {"active": true} to topic topic-14dc9df7_b307_4956_b7c1_952b424925f4
2026-04+00-25 16:06:10 INFO [io.apicurio.tests.serdes.apicurio.KafkaSerdesTester] (ForkJoinPool.commonPool-worker-2) Sending message {"id": "record-3"} to topic topic-14dc9df7_b307_4956_b7c1_952b424925f4
2026-04+00-25 16:06:10 INFO [io.apicurio.tests.serdes.apicurio.KafkaSerdesTester] (ForkJoinPool.commonPool-worker-2) Sending message {"value": 4} to topic topic-14dc9df7_b307_4956_b7c1_952b424925f4
2026-04+00-25 16:06:10 INFO [io.apicurio.tests.serdes.apicurio.KafkaSerdesTester] (ForkJoinPool.commonPool-worker-2) Sending message {"active": false} to topic topic-14dc9df7_b307_4956_b7c1_952b424925f4
2026-04+00-25 16:06:10 INFO [io.apicurio.tests.serdes.apicurio.KafkaSerdesTester] (ForkJoinPool.commonPool-worker-2) Sending message {"id": "record-6"} to topic topic-14dc9df7_b307_4956_b7c1_952b424925f4
2026-04+00-25 16:06:10 INFO [io.apicurio.tests.serdes.apicurio.KafkaSerdesTester] (ForkJoinPool.commonPool-worker-2) Sending message {"value": 7} to topic topic-14dc9df7_b307_4956_b7c1_952b424925f4
2026-04+00-25 16:06:10 INFO [io.apicurio.tests.serdes.apicurio.KafkaSerdesTester] (ForkJoinPool.commonPool-worker-2) Sending message {"active": true} to topic topic-14dc9df7_b307_4956_b7c1_952b424925f4
2026-04+00-25 16:06:10 INFO [io.apicurio.tests.serdes.apicurio.KafkaSerdesTester] (ForkJoinPool.commonPool-worker-2) Sending message {"id": "record-9"} to topic topic-14dc9df7_b307_4956_b7c1_952b424925f4
2026-04+00-25 16:06:10 INFO [io.apicurio.tests.serdes.apicurio.KafkaSerdesTester] (ForkJoinPool.commonPool-worker-2) Produced 10 messages
2026-04+00-25 16:06:10 INFO [io.apicurio.tests.serdes.apicurio.AvroSerdeIT] (main) Artifact topic-14dc9df7_b307_4956_b7c1_952b424925f4-value found in registry with globalId 26
**** Registry Base URL: http://registry-app-mysql84.apps.ci420.apicurio-testing.org:80
2026-04+00-25 16:06:11 INFO [io.apicurio.tests.serdes.apicurio.KafkaSerdesTester] (ForkJoinPool.commonPool-worker-2) None found
2026-04+00-25 16:06:12 INFO [io.apicurio.tests.serdes.apicurio.KafkaSerdesTester] (ForkJoinPool.commonPool-worker-2) None found
2026-04+00-25 16:06:13 INFO [io.apicurio.tests.serdes.apicurio.KafkaSerdesTester] (ForkJoinPool.commonPool-worker-2) None found
2026-04+00-25 16:06:13 INFO [io.apicurio.tests.serdes.apicurio.KafkaSerdesTester] (ForkJoinPool.commonPool-worker-2) topic-14dc9df7_b307_4956_b7c1_952b424925f4 0 0 {"id": "record-0"}
2026-04+00-25 16:06:13 INFO [io.apicurio.tests.serdes.apicurio.KafkaSerdesTester] (ForkJoinPool.commonPool-worker-2) topic-14dc9df7_b307_4956_b7c1_952b424925f4 0 1 {"value": 1}
2026-04+00-25 16:06:13 INFO [io.apicurio.tests.serdes.apicurio.KafkaSerdesTester] (ForkJoinPool.commonPool-worker-2) topic-14dc9df7_b307_4956_b7c1_952b424925f4 0 2 {"active": true}
2026-04+00-25 16:06:13 INFO [io.apicurio.tests.serdes.apicurio.KafkaSerdesTester] (ForkJoinPool.commonPool-worker-2) topic-14dc9df7_b307_4956_b7c1_952b424925f4 0 3 {"id": "record-3"}
2026-04+00-25 16:06:13 INFO [io.apicurio.tests.serdes.apicurio.KafkaSerdesTester] (ForkJoinPool.commonPool-worker-2) topic-14dc9df7_b307_4956_b7c1_952b424925f4 0 4 {"value": 4}
2026-04+00-25 16:06:13 INFO [io.apicurio.tests.serdes.apicurio.KafkaSerdesTester] (ForkJoinPool.commonPool-worker-2) topic-14dc9df7_b307_4956_b7c1_952b424925f4 0 5 {"active": false}
2026-04+00-25 16:06:13 INFO [io.apicurio.tests.serdes.apicurio.KafkaSerdesTester] (ForkJoinPool.commonPool-worker-2) topic-14dc9df7_b307_4956_b7c1_952b424925f4 0 6 {"id": "record-6"}
2026-04+00-25 16:06:13 INFO [io.apicurio.tests.serdes.apicurio.KafkaSerdesTester] (ForkJoinPool.commonPool-worker-2) topic-14dc9df7_b307_4956_b7c1_952b424925f4 0 7 {"value": 7}
2026-04+00-25 16:06:13 INFO [io.apicurio.tests.serdes.apicurio.KafkaSerdesTester] (ForkJoinPool.commonPool-worker-2) topic-14dc9df7_b307_4956_b7c1_952b424925f4 0 8 {"active": true}
2026-04+00-25 16:06:13 INFO [io.apicurio.tests.serdes.apicurio.KafkaSerdesTester] (ForkJoinPool.commonPool-worker-2) topic-14dc9df7_b307_4956_b7c1_952b424925f4 0 9 {"id": "record-9"}
2026-04+00-25 16:06:13 INFO [io.apicurio.tests.serdes.apicurio.KafkaSerdesTester] (ForkJoinPool.commonPool-worker-2) Consumed 10 messages
2026-04+00-25 16:06:14 INFO [io.apicurio.tests.utils.TestSeparator] (main) io.apicurio.tests.serdes.apicurio.AvroSerdeIT.testAvroUnionWithSpecificReader-FINISHED
2026-04+00-25 16:06:14 INFO [io.apicurio.tests.utils.TestSeparator] (main) ############################################################################
Test passed: testAvroUnionWithSpecificReader
]]></system-out>
  </testcase>
  <testcase name="testEvolveAvroApicurioReusingClient" classname="io.apicurio.tests.serdes.apicurio.AvroSerdeIT" time="7.307">
    <system-out><![CDATA[2026-04+00-25 16:06:14 INFO [io.apicurio.tests.utils.TestSeparator] (main) ############################################################################
2026-04+00-25 16:06:14 INFO [io.apicurio.tests.utils.TestSeparator] (main) io.apicurio.tests.serdes.apicurio.AvroSerdeIT.testEvolveAvroApicurioReusingClient-STARTED
2026-04+00-25 16:06:14 INFO [io.apicurio.tests.serdes.apicurio.AvroSerdeIT] (main) Registering Avro Schema: {"type":"record","name":"s1ad12ae0x84eex458ax9c7fx6529a3a2e13d","namespace":"ns_cd11e7cf_9ff8_49cf_be16_0bc6e73047f0","fields":[{"name":"key11777133174209","type":"string"}]}
**** Registry Base URL: http://registry-app-mysql84.apps.ci420.apicurio-testing.org:80
**** Registry Base URL: http://registry-app-mysql84.apps.ci420.apicurio-testing.org:80
2026-04+00-25 16:06:15 INFO [io.apicurio.tests.serdes.apicurio.KafkaSerdesTester] (ForkJoinPool.commonPool-worker-2) Sending message {"key11777133174209": "value-0"} to topic topic-e548822d_f01f_496b_baee_4cc58f92c328
2026-04+00-25 16:06:15 INFO [io.apicurio.tests.serdes.apicurio.KafkaSerdesTester] (ForkJoinPool.commonPool-worker-2) Sending message {"key11777133174209": "value-1"} to topic topic-e548822d_f01f_496b_baee_4cc58f92c328
2026-04+00-25 16:06:15 INFO [io.apicurio.tests.serdes.apicurio.KafkaSerdesTester] (ForkJoinPool.commonPool-worker-2) Sending message {"key11777133174209": "value-2"} to topic topic-e548822d_f01f_496b_baee_4cc58f92c328
2026-04+00-25 16:06:15 INFO [io.apicurio.tests.serdes.apicurio.KafkaSerdesTester] (ForkJoinPool.commonPool-worker-2) Sending message {"key11777133174209": "value-3"} to topic topic-e548822d_f01f_496b_baee_4cc58f92c328
2026-04+00-25 16:06:15 INFO [io.apicurio.tests.serdes.apicurio.KafkaSerdesTester] (ForkJoinPool.commonPool-worker-2) Sending message {"key11777133174209": "value-4"} to topic topic-e548822d_f01f_496b_baee_4cc58f92c328
2026-04+00-25 16:06:15 INFO [io.apicurio.tests.serdes.apicurio.KafkaSerdesTester] (ForkJoinPool.commonPool-worker-2) Sending message {"key11777133174209": "value-5"} to topic topic-e548822d_f01f_496b_baee_4cc58f92c328
2026-04+00-25 16:06:15 INFO [io.apicurio.tests.serdes.apicurio.KafkaSerdesTester] (ForkJoinPool.commonPool-worker-2) Sending message {"key11777133174209": "value-6"} to topic topic-e548822d_f01f_496b_baee_4cc58f92c328
2026-04+00-25 16:06:15 INFO [io.apicurio.tests.serdes.apicurio.KafkaSerdesTester] (ForkJoinPool.commonPool-worker-2) Sending message {"key11777133174209": "value-7"} to topic topic-e548822d_f01f_496b_baee_4cc58f92c328
2026-04+00-25 16:06:15 INFO [io.apicurio.tests.serdes.apicurio.KafkaSerdesTester] (ForkJoinPool.commonPool-worker-2) Sending message {"key11777133174209": "value-8"} to topic topic-e548822d_f01f_496b_baee_4cc58f92c328
2026-04+00-25 16:06:15 INFO [io.apicurio.tests.serdes.apicurio.KafkaSerdesTester] (ForkJoinPool.commonPool-worker-2) Sending message {"key11777133174209": "value-9"} to topic topic-e548822d_f01f_496b_baee_4cc58f92c328
2026-04+00-25 16:06:15 INFO [io.apicurio.tests.serdes.apicurio.KafkaSerdesTester] (ForkJoinPool.commonPool-worker-2) Produced 10 messages
2026-04+00-25 16:06:16 INFO [io.apicurio.tests.serdes.apicurio.KafkaSerdesTester] (ForkJoinPool.commonPool-worker-2) None found
2026-04+00-25 16:06:17 INFO [io.apicurio.tests.serdes.apicurio.KafkaSerdesTester] (ForkJoinPool.commonPool-worker-2) None found
2026-04+00-25 16:06:18 INFO [io.apicurio.tests.serdes.apicurio.KafkaSerdesTester] (ForkJoinPool.commonPool-worker-2) None found
2026-04+00-25 16:06:18 INFO [io.apicurio.tests.serdes.apicurio.KafkaSerdesTester] (ForkJoinPool.commonPool-worker-2) topic-e548822d_f01f_496b_baee_4cc58f92c328 0 0 {"key11777133174209": "value-0"}
2026-04+00-25 16:06:18 INFO [io.apicurio.tests.serdes.apicurio.KafkaSerdesTester] (ForkJoinPool.commonPool-worker-2) topic-e548822d_f01f_496b_baee_4cc58f92c328 0 1 {"key11777133174209": "value-1"}
2026-04+00-25 16:06:18 INFO [io.apicurio.tests.serdes.apicurio.KafkaSerdesTester] (ForkJoinPool.commonPool-worker-2) topic-e548822d_f01f_496b_baee_4cc58f92c328 0 2 {"key11777133174209": "value-2"}
2026-04+00-25 16:06:18 INFO [io.apicurio.tests.serdes.apicurio.KafkaSerdesTester] (ForkJoinPool.commonPool-worker-2) topic-e548822d_f01f_496b_baee_4cc58f92c328 0 3 {"key11777133174209": "value-3"}
2026-04+00-25 16:06:18 INFO [io.apicurio.tests.serdes.apicurio.KafkaSerdesTester] (ForkJoinPool.commonPool-worker-2) topic-e548822d_f01f_496b_baee_4cc58f92c328 0 4 {"key11777133174209": "value-4"}
2026-04+00-25 16:06:18 INFO [io.apicurio.tests.serdes.apicurio.KafkaSerdesTester] (ForkJoinPool.commonPool-worker-2) topic-e548822d_f01f_496b_baee_4cc58f92c328 0 5 {"key11777133174209": "value-5"}
2026-04+00-25 16:06:18 INFO [io.apicurio.tests.serdes.apicurio.KafkaSerdesTester] (ForkJoinPool.commonPool-worker-2) topic-e548822d_f01f_496b_baee_4cc58f92c328 0 6 {"key11777133174209": "value-6"}
2026-04+00-25 16:06:18 INFO [io.apicurio.tests.serdes.apicurio.KafkaSerdesTester] (ForkJoinPool.commonPool-worker-2) topic-e548822d_f01f_496b_baee_4cc58f92c328 0 7 {"key11777133174209": "value-7"}
2026-04+00-25 16:06:18 INFO [io.apicurio.tests.serdes.apicurio.KafkaSerdesTester] (ForkJoinPool.commonPool-worker-2) topic-e548822d_f01f_496b_baee_4cc58f92c328 0 8 {"key11777133174209": "value-8"}
2026-04+00-25 16:06:18 INFO [io.apicurio.tests.serdes.apicurio.KafkaSerdesTester] (ForkJoinPool.commonPool-worker-2) topic-e548822d_f01f_496b_baee_4cc58f92c328 0 9 {"key11777133174209": "value-9"}
2026-04+00-25 16:06:18 INFO [io.apicurio.tests.serdes.apicurio.KafkaSerdesTester] (ForkJoinPool.commonPool-worker-2) Consumed 10 messages
2026-04+00-25 16:06:18 INFO [io.apicurio.tests.serdes.apicurio.AvroSerdeIT] (main) Registering Avro Schema 2: {"type":"record","name":"s1ad12ae0x84eex458ax9c7fx6529a3a2e13d","namespace":"ns_cd11e7cf_9ff8_49cf_be16_0bc6e73047f0","fields":[{"name":"key11777133174209","type":"string"},{"name":"key21777133178539","type":"string"}]}
2026-04+00-25 16:06:19 INFO [io.apicurio.tests.serdes.apicurio.KafkaSerdesTester] (ForkJoinPool.commonPool-worker-2) Sending message {"key11777133174209": "value-0", "key21777133178539": "value-0"} to topic topic-e548822d_f01f_496b_baee_4cc58f92c328
2026-04+00-25 16:06:19 INFO [io.apicurio.tests.serdes.apicurio.KafkaSerdesTester] (ForkJoinPool.commonPool-worker-2) Sending message {"key11777133174209": "value-1", "key21777133178539": "value-1"} to topic topic-e548822d_f01f_496b_baee_4cc58f92c328
2026-04+00-25 16:06:19 INFO [io.apicurio.tests.serdes.apicurio.KafkaSerdesTester] (ForkJoinPool.commonPool-worker-2) Sending message {"key11777133174209": "value-2", "key21777133178539": "value-2"} to topic topic-e548822d_f01f_496b_baee_4cc58f92c328
2026-04+00-25 16:06:19 INFO [io.apicurio.tests.serdes.apicurio.KafkaSerdesTester] (ForkJoinPool.commonPool-worker-2) Sending message {"key11777133174209": "value-3", "key21777133178539": "value-3"} to topic topic-e548822d_f01f_496b_baee_4cc58f92c328
2026-04+00-25 16:06:19 INFO [io.apicurio.tests.serdes.apicurio.KafkaSerdesTester] (ForkJoinPool.commonPool-worker-2) Sending message {"key11777133174209": "value-4", "key21777133178539": "value-4"} to topic topic-e548822d_f01f_496b_baee_4cc58f92c328
2026-04+00-25 16:06:19 INFO [io.apicurio.tests.serdes.apicurio.KafkaSerdesTester] (ForkJoinPool.commonPool-worker-2) Sending message {"key11777133174209": "value-5", "key21777133178539": "value-5"} to topic topic-e548822d_f01f_496b_baee_4cc58f92c328
2026-04+00-25 16:06:19 INFO [io.apicurio.tests.serdes.apicurio.KafkaSerdesTester] (ForkJoinPool.commonPool-worker-2) Sending message {"key11777133174209": "value-6", "key21777133178539": "value-6"} to topic topic-e548822d_f01f_496b_baee_4cc58f92c328
2026-04+00-25 16:06:19 INFO [io.apicurio.tests.serdes.apicurio.KafkaSerdesTester] (ForkJoinPool.commonPool-worker-2) Sending message {"key11777133174209": "value-7", "key21777133178539": "value-7"} to topic topic-e548822d_f01f_496b_baee_4cc58f92c328
[...]
	at java.base/java.util.Optional.orElseGet(Optional.java:364)
	at io.apicurio.registry.resolver.DefaultSchemaResolver.resolveSchema(DefaultSchemaResolver.java:95)
	at io.apicurio.registry.serde.AbstractSerializer.serializeData(AbstractSerializer.java:122)
	at io.apicurio.registry.serde.kafka.KafkaSerializer.serialize(KafkaSerializer.java:92)
	at org.apache.kafka.clients.producer.KafkaProducer.doSend(KafkaProducer.java:1046)
	at org.apache.kafka.clients.producer.KafkaProducer.send(KafkaProducer.java:993)
	at org.apache.kafka.clients.producer.KafkaProducer.send(KafkaProducer.java:875)
	at io.apicurio.tests.serdes.apicurio.KafkaSerdesTester.lambda$produceMessages$3(KafkaSerdesTester.java:138)
	at java.base/java.util.concurrent.CompletableFuture$AsyncSupply.run(CompletableFuture.java:1768)
	at java.base/java.util.concurrent.CompletableFuture$AsyncSupply.exec(CompletableFuture.java:1760)
	at java.base/java.util.concurrent.ForkJoinTask.doExec(ForkJoinTask.java:387)
	at java.base/java.util.concurrent.ForkJoinPool$WorkQueue.topLevelExec(ForkJoinPool.java:1312)
	at java.base/java.util.concurrent.ForkJoinPool.scan(ForkJoinPool.java:1843)
	at java.base/java.util.concurrent.ForkJoinPool.runWorker(ForkJoinPool.java:1808)
	at java.base/java.util.concurrent.ForkJoinWorkerThread.run(ForkJoinWorkerThread.java:188)

2026-04+00-25 16:06:54 INFO [io.apicurio.tests.utils.TestSeparator] (main) io.apicurio.tests.serdes.apicurio.AvroSerdeIT.testFirstRequestFailsRateLimited-FINISHED
2026-04+00-25 16:06:54 INFO [io.apicurio.tests.utils.TestSeparator] (main) ############################################################################
Test passed: testFirstRequestFailsRateLimited
]]></system-out>
  </testcase>
  <testcase name="testFirstEmptyFieldConfusedAsMagicByte" classname="io.apicurio.tests.serdes.apicurio.AvroSerdeIT" time="3.946">
    <system-out><![CDATA[2026-04+00-25 16:06:54 INFO [io.apicurio.tests.utils.TestSeparator] (main) ############################################################################
2026-04+00-25 16:06:54 INFO [io.apicurio.tests.utils.TestSeparator] (main) io.apicurio.tests.serdes.apicurio.AvroSerdeIT.testFirstEmptyFieldConfusedAsMagicByte-STARTED
**** Registry Base URL: http://registry-app-mysql84.apps.ci420.apicurio-testing.org:80
2026-04+00-25 16:06:54 INFO [io.apicurio.tests.serdes.apicurio.SimpleSerdesTesterBuilder$SimpleSerdesTester] (main) Using producer configuration: {apicurio.registry.url=http://registry-app-mysql84.apps.ci420.apicurio-testing.org:80/apis/registry/v3, apicurio.registry.auto-register=true, apicurio.registry.artifact-resolver-strategy=io.apicurio.registry.serde.strategy.SimpleTopicIdStrategy, value.serializer=io.apicurio.registry.serde.avro.AvroKafkaSerializer, request.timeout.ms=5000, acks=all, bootstrap.servers=PLAINTEXT://localhost:32769, connections.max.idle.ms=10000, key.serializer=org.apache.kafka.common.serialization.StringSerializer, client.id=Producer-topic-1e1022cc_cecc_4667_8649_8356a417ca88}
2026-04+00-25 16:06:54 INFO [io.apicurio.tests.serdes.apicurio.SimpleSerdesTesterBuilder$SimpleSerdesTester] (main) Using consumer configuration: {}
2026-04+00-25 16:06:54 INFO [io.apicurio.tests.serdes.apicurio.KafkaSerdesTester] (ForkJoinPool.commonPool-worker-2) Sending message {"username": null} to topic topic-1e1022cc_cecc_4667_8649_8356a417ca88
2026-04+00-25 16:06:54 WARN [org.apache.kafka.clients.NetworkClient$DefaultMetadataUpdater] (kafka-producer-network-thread | Producer-topic-1e1022cc_cecc_4667_8649_8356a417ca88) [Producer clientId=Producer-topic-1e1022cc_cecc_4667_8649_8356a417ca88] The metadata response from the cluster reported a recoverable issue with correlation id 1 : {topic-1e1022cc_cecc_4667_8649_8356a417ca88=UNKNOWN_TOPIC_OR_PARTITION}
2026-04+00-25 16:06:54 INFO [io.apicurio.tests.serdes.apicurio.KafkaSerdesTester] (ForkJoinPool.commonPool-worker-2) Sending message {"username": null} to topic topic-1e1022cc_cecc_4667_8649_8356a417ca88
2026-04+00-25 16:06:54 INFO [io.apicurio.tests.serdes.apicurio.KafkaSerdesTester] (ForkJoinPool.commonPool-worker-2) Sending message {"username": "value-2"} to topic topic-1e1022cc_cecc_4667_8649_8356a417ca88
2026-04+00-25 16:06:54 INFO [io.apicurio.tests.serdes.apicurio.KafkaSerdesTester] (ForkJoinPool.commonPool-worker-2) Sending message {"username": null} to topic topic-1e1022cc_cecc_4667_8649_8356a417ca88
2026-04+00-25 16:06:54 INFO [io.apicurio.tests.serdes.apicurio.KafkaSerdesTester] (ForkJoinPool.commonPool-worker-2) Sending message {"username": "value-4"} to topic topic-1e1022cc_cecc_4667_8649_8356a417ca88
2026-04+00-25 16:06:54 INFO [io.apicurio.tests.serdes.apicurio.KafkaSerdesTester] (ForkJoinPool.commonPool-worker-2) Sending message {"username": null} to topic topic-1e1022cc_cecc_4667_8649_8356a417ca88
2026-04+00-25 16:06:54 INFO [io.apicurio.tests.serdes.apicurio.KafkaSerdesTester] (ForkJoinPool.commonPool-worker-2) Sending message {"username": "value-6"} to topic topic-1e1022cc_cecc_4667_8649_8356a417ca88
2026-04+00-25 16:06:54 INFO [io.apicurio.tests.serdes.apicurio.KafkaSerdesTester] (ForkJoinPool.commonPool-worker-2) Sending message {"username": null} to topic topic-1e1022cc_cecc_4667_8649_8356a417ca88
2026-04+00-25 16:06:54 INFO [io.apicurio.tests.serdes.apicurio.KafkaSerdesTester] (ForkJoinPool.commonPool-worker-2) Sending message {"username": "value-8"} to topic topic-1e1022cc_cecc_4667_8649_8356a417ca88
2026-04+00-25 16:06:54 INFO [io.apicurio.tests.serdes.apicurio.KafkaSerdesTester] (ForkJoinPool.commonPool-worker-2) Sending message {"username": null} to topic topic-1e1022cc_cecc_4667_8649_8356a417ca88
2026-04+00-25 16:06:54 INFO [io.apicurio.tests.serdes.apicurio.KafkaSerdesTester] (ForkJoinPool.commonPool-worker-2) Produced 10 messages
**** Registry Base URL: http://registry-app-mysql84.apps.ci420.apicurio-testing.org:80
2026-04+00-25 16:06:55 INFO [io.apicurio.tests.serdes.apicurio.KafkaSerdesTester] (ForkJoinPool.commonPool-worker-2) None found
2026-04+00-25 16:06:56 INFO [io.apicurio.tests.serdes.apicurio.KafkaSerdesTester] (ForkJoinPool.commonPool-worker-2) None found
2026-04+00-25 16:06:57 INFO [io.apicurio.tests.serdes.apicurio.KafkaSerdesTester] (ForkJoinPool.commonPool-worker-2) None found
2026-04+00-25 16:06:57 INFO [io.apicurio.tests.serdes.apicurio.KafkaSerdesTester] (ForkJoinPool.commonPool-worker-2) topic-1e1022cc_cecc_4667_8649_8356a417ca88 0 0 {"username": null}
2026-04+00-25 16:06:57 INFO [io.apicurio.tests.serdes.apicurio.KafkaSerdesTester] (ForkJoinPool.commonPool-worker-2) topic-1e1022cc_cecc_4667_8649_8356a417ca88 0 1 {"username": null}
2026-04+00-25 16:06:57 INFO [io.apicurio.tests.serdes.apicurio.KafkaSerdesTester] (ForkJoinPool.commonPool-worker-2) topic-1e1022cc_cecc_4667_8649_8356a417ca88 0 2 {"username": "value-2"}
2026-04+00-25 16:06:57 INFO [io.apicurio.tests.serdes.apicurio.KafkaSerdesTester] (ForkJoinPool.commonPool-worker-2) topic-1e1022cc_cecc_4667_8649_8356a417ca88 0 3 {"username": null}
2026-04+00-25 16:06:57 INFO [io.apicurio.tests.serdes.apicurio.KafkaSerdesTester] (ForkJoinPool.commonPool-worker-2) topic-1e1022cc_cecc_4667_8649_8356a417ca88 0 4 {"username": "value-4"}
2026-04+00-25 16:06:57 INFO [io.apicurio.tests.serdes.apicurio.KafkaSerdesTester] (ForkJoinPool.commonPool-worker-2) topic-1e1022cc_cecc_4667_8649_8356a417ca88 0 5 {"username": null}
2026-04+00-25 16:06:57 INFO [io.apicurio.tests.serdes.apicurio.KafkaSerdesTester] (ForkJoinPool.commonPool-worker-2) topic-1e1022cc_cecc_4667_8649_8356a417ca88 0 6 {"username": "value-6"}
2026-04+00-25 16:06:57 INFO [io.apicurio.tests.serdes.apicurio.KafkaSerdesTester] (ForkJoinPool.commonPool-worker-2) topic-1e1022cc_cecc_4667_8649_8356a417ca88 0 7 {"username": null}
2026-04+00-25 16:06:57 INFO [io.apicurio.tests.serdes.apicurio.KafkaSerdesTester] (ForkJoinPool.commonPool-worker-2) topic-1e1022cc_cecc_4667_8649_8356a417ca88 0 8 {"username": "value-8"}
2026-04+00-25 16:06:57 INFO [io.apicurio.tests.serdes.apicurio.KafkaSerdesTester] (ForkJoinPool.commonPool-worker-2) topic-1e1022cc_cecc_4667_8649_8356a417ca88 0 9 {"username": null}
2026-04+00-25 16:06:57 INFO [io.apicurio.tests.serdes.apicurio.KafkaSerdesTester] (ForkJoinPool.commonPool-worker-2) Consumed 10 messages
2026-04+00-25 16:06:58 INFO [io.apicurio.tests.utils.TestSeparator] (main) io.apicurio.tests.serdes.apicurio.AvroSerdeIT.testFirstEmptyFieldConfusedAsMagicByte-FINISHED
2026-04+00-25 16:06:58 INFO [io.apicurio.tests.utils.TestSeparator] (main) ############################################################################
Test passed: testFirstEmptyFieldConfusedAsMagicByte
]]></system-out>
  </testcase>
  <testcase name="testAvroSerDesFailDifferentSchemaByContent" classname="io.apicurio.tests.serdes.apicurio.AvroSerdeIT" time="1.17">
    <system-out><![CDATA[2026-04+00-25 16:06:58 INFO [io.apicurio.tests.utils.TestSeparator] (main) ############################################################################
2026-04+00-25 16:06:58 INFO [io.apicurio.tests.utils.TestSeparator] (main) io.apicurio.tests.serdes.apicurio.AvroSerdeIT.testAvroSerDesFailDifferentSchemaByContent-STARTED
**** Registry Base URL: http://registry-app-mysql84.apps.ci420.apicurio-testing.org:80
2026-04+00-25 16:06:59 INFO [io.apicurio.tests.serdes.apicurio.KafkaSerdesTester] (ForkJoinPool.commonPool-worker-2) Sending message {"keyB": "value-0"} to topic topic-ec56e6e0_7ea4_4e8e_8966_a6945b00a9a8
2026-04+00-25 16:06:59 ERROR [io.apicurio.registry.resolver.cache.ERCache] (ForkJoinPool.commonPool-worker-2) Cache load failed after 0 retries: java.lang.RuntimeException: Could not resolve artifact reference by content: {"type":"record","name":"s4b40e204x04a6x4cd6xb93ex472f41a92035","namespace":"s39f76880x5cf6x4523x950fx1b5094a270fb","fields":[{"name":"keyB","type":"string"}]}&ArtifactReference [groupId=s39f76880x5cf6x4523x950fx1b5094a270fb, artifactId=s4b40e204x04a6x4cd6xb93ex472f41a92035, version=null, globalId=null, contentId=null, contentHash=null]
	at io.apicurio.registry.resolver.DefaultSchemaResolver.lambda$handleResolveSchemaByContent$3(DefaultSchemaResolver.java:310)
	at io.apicurio.registry.resolver.cache.ERCache.lambda$performRefresh$6(ERCache.java:355)
	at io.apicurio.registry.resolver.cache.ERCache.retry(ERCache.java:433)
	at io.apicurio.registry.resolver.cache.ERCache.performRefresh(ERCache.java:354)
	at io.apicurio.registry.resolver.cache.ERCache.getValue(ERCache.java:264)
	at io.apicurio.registry.resolver.cache.ERCache.getByContent(ERCache.java:227)
	at io.apicurio.registry.resolver.DefaultSchemaResolver.handleResolveSchemaByContent(DefaultSchemaResolver.java:301)
	at io.apicurio.registry.resolver.DefaultSchemaResolver.getSchemaFromRegistry(DefaultSchemaResolver.java:186)
	at io.apicurio.registry.resolver.DefaultSchemaResolver.lambda$resolveSchema$0(DefaultSchemaResolver.java:95)
	at java.base/java.util.Optional.orElseGet(Optional.java:364)
	at io.apicurio.registry.resolver.DefaultSchemaResolver.resolveSchema(DefaultSchemaResolver.java:95)
	at io.apicurio.registry.serde.AbstractSerializer.serializeData(AbstractSerializer.java:122)
	at io.apicurio.registry.serde.kafka.KafkaSerializer.serialize(KafkaSerializer.java:92)
	at org.apache.kafka.clients.producer.KafkaProducer.doSend(KafkaProducer.java:1046)
	at org.apache.kafka.clients.producer.KafkaProducer.send(KafkaProducer.java:993)
	at org.apache.kafka.clients.producer.KafkaProducer.send(KafkaProducer.java:875)
	at io.apicurio.tests.serdes.apicurio.KafkaSerdesTester.lambda$produceMessages$3(KafkaSerdesTester.java:138)
	at java.base/java.util.concurrent.CompletableFuture$AsyncSupply.run(CompletableFuture.java:1768)
	at java.base/java.util.concurrent.CompletableFuture$AsyncSupply.exec(CompletableFuture.java:1760)
	at java.base/java.util.concurrent.ForkJoinTask.doExec(ForkJoinTask.java:387)
	at java.base/java.util.concurrent.ForkJoinPool$WorkQueue.topLevelExec(ForkJoinPool.java:1312)
	at java.base/java.util.concurrent.ForkJoinPool.scan(ForkJoinPool.java:1843)
	at java.base/java.util.concurrent.ForkJoinPool.runWorker(ForkJoinPool.java:1808)
	at java.base/java.util.concurrent.ForkJoinWorkerThread.run(ForkJoinWorkerThread.java:188)

2026-04+00-25 16:06:59 INFO [io.apicurio.tests.utils.TestSeparator] (main) io.apicurio.tests.serdes.apicurio.AvroSerdeIT.testAvroSerDesFailDifferentSchemaByContent-FINISHED
2026-04+00-25 16:06:59 INFO [io.apicurio.tests.utils.TestSeparator] (main) ############################################################################
Test passed: testAvroSerDesFailDifferentSchemaByContent
]]></system-out>
  </testcase>
  <testcase name="testGlobalIdInBody" classname="io.apicurio.tests.serdes.apicurio.AvroSerdeIT" time="3.922">
    <system-out><![CDATA[2026-04+00-25 16:06:59 INFO [io.apicurio.tests.utils.TestSeparator] (main) ############################################################################
2026-04+00-25 16:06:59 INFO [io.apicurio.tests.utils.TestSeparator] (main) io.apicurio.tests.serdes.apicurio.AvroSerdeIT.testGlobalIdInBody-STARTED
**** Registry Base URL: http://registry-app-mysql84.apps.ci420.apicurio-testing.org:80
2026-04+00-25 16:06:59 INFO [io.apicurio.tests.serdes.apicurio.SimpleSerdesTesterBuilder$SimpleSerdesTester] (main) Using producer configuration: {apicurio.registry.url=http://registry-app-mysql84.apps.ci420.apicurio-testing.org:80/apis/registry/v3, apicurio.registry.auto-register=true, apicurio.registry.use-id=globalId, apicurio.registry.artifact-resolver-strategy=io.apicurio.registry.serde.strategy.TopicIdStrategy, value.serializer=io.apicurio.registry.serde.avro.AvroKafkaSerializer, request.timeout.ms=5000, acks=all, bootstrap.servers=PLAINTEXT://localhost:32769, connections.max.idle.ms=10000, key.serializer=org.apache.kafka.common.serialization.StringSerializer, client.id=Producer-topic-1d56b0e8_d5f6_4a58_8296_ba97c6aef380}
2026-04+00-25 16:06:59 INFO [io.apicurio.tests.serdes.apicurio.SimpleSerdesTesterBuilder$SimpleSerdesTester] (main) Using consumer configuration: {apicurio.registry.use-id=globalId}
2026-04+00-25 16:06:59 INFO [io.apicurio.tests.serdes.apicurio.KafkaSerdesTester] (ForkJoinPool.commonPool-worker-2) Sending message {"key11777133219274": "value-0"} to topic topic-1d56b0e8_d5f6_4a58_8296_ba97c6aef380
2026-04+00-25 16:06:59 WARN [org.apache.kafka.clients.NetworkClient$DefaultMetadataUpdater] (kafka-producer-network-thread | Producer-topic-1d56b0e8_d5f6_4a58_8296_ba97c6aef380) [Producer clientId=Producer-topic-1d56b0e8_d5f6_4a58_8296_ba97c6aef380] The metadata response from the cluster reported a recoverable issue with correlation id 1 : {topic-1d56b0e8_d5f6_4a58_8296_ba97c6aef380=UNKNOWN_TOPIC_OR_PARTITION}
2026-04+00-25 16:06:59 INFO [io.apicurio.tests.serdes.apicurio.KafkaSerdesTester] (ForkJoinPool.commonPool-worker-2) Sending message {"key11777133219274": "value-1"} to topic topic-1d56b0e8_d5f6_4a58_8296_ba97c6aef380
2026-04+00-25 16:06:59 INFO [io.apicurio.tests.serdes.apicurio.KafkaSerdesTester] (ForkJoinPool.commonPool-worker-2) Sending message {"key11777133219274": "value-2"} to topic topic-1d56b0e8_d5f6_4a58_8296_ba97c6aef380
2026-04+00-25 16:06:59 INFO [io.apicurio.tests.serdes.apicurio.KafkaSerdesTester] (ForkJoinPool.commonPool-worker-2) Sending message {"key11777133219274": "value-3"} to topic topic-1d56b0e8_d5f6_4a58_8296_ba97c6aef380
2026-04+00-25 16:06:59 INFO [io.apicurio.tests.serdes.apicurio.KafkaSerdesTester] (ForkJoinPool.commonPool-worker-2) Sending message {"key11777133219274": "value-4"} to topic topic-1d56b0e8_d5f6_4a58_8296_ba97c6aef380
2026-04+00-25 16:06:59 INFO [io.apicurio.tests.serdes.apicurio.KafkaSerdesTester] (ForkJoinPool.commonPool-worker-2) Sending message {"key11777133219274": "value-5"} to topic topic-1d56b0e8_d5f6_4a58_8296_ba97c6aef380
2026-04+00-25 16:06:59 INFO [io.apicurio.tests.serdes.apicurio.KafkaSerdesTester] (ForkJoinPool.commonPool-worker-2) Sending message {"key11777133219274": "value-6"} to topic topic-1d56b0e8_d5f6_4a58_8296_ba97c6aef380
2026-04+00-25 16:06:59 INFO [io.apicurio.tests.serdes.apicurio.KafkaSerdesTester] (ForkJoinPool.commonPool-worker-2) Sending message {"key11777133219274": "value-7"} to topic topic-1d56b0e8_d5f6_4a58_8296_ba97c6aef380
2026-04+00-25 16:06:59 INFO [io.apicurio.tests.serdes.apicurio.KafkaSerdesTester] (ForkJoinPool.commonPool-worker-2) Sending message {"key11777133219274": "value-8"} to topic topic-1d56b0e8_d5f6_4a58_8296_ba97c6aef380
2026-04+00-25 16:06:59 INFO [io.apicurio.tests.serdes.apicurio.KafkaSerdesTester] (ForkJoinPool.commonPool-worker-2) Sending message {"key11777133219274": "value-9"} to topic topic-1d56b0e8_d5f6_4a58_8296_ba97c6aef380
2026-04+00-25 16:06:59 INFO [io.apicurio.tests.serdes.apicurio.KafkaSerdesTester] (ForkJoinPool.commonPool-worker-2) Produced 10 messages
**** Registry Base URL: http://registry-app-mysql84.apps.ci420.apicurio-testing.org:80
2026-04+00-25 16:07:00 INFO [io.apicurio.tests.serdes.apicurio.KafkaSerdesTester] (ForkJoinPool.commonPool-worker-2) None found
2026-04+00-25 16:07:01 INFO [io.apicurio.tests.serdes.apicurio.KafkaSerdesTester] (ForkJoinPool.commonPool-worker-2) None found
2026-04+00-25 16:07:02 INFO [io.apicurio.tests.serdes.apicurio.KafkaSerdesTester] (ForkJoinPool.commonPool-worker-2) None found
2026-04+00-25 16:07:02 INFO [io.apicurio.tests.serdes.apicurio.KafkaSerdesTester] (ForkJoinPool.commonPool-worker-2) topic-1d56b0e8_d5f6_4a58_8296_ba97c6aef380 0 0 {"key11777133219274": "value-0"}
2026-04+00-25 16:07:02 INFO [io.apicurio.tests.serdes.apicurio.KafkaSerdesTester] (ForkJoinPool.commonPool-worker-2) topic-1d56b0e8_d5f6_4a58_8296_ba97c6aef380 0 1 {"key11777133219274": "value-1"}
2026-04+00-25 16:07:02 INFO [io.apicurio.tests.serdes.apicurio.KafkaSerdesTester] (ForkJoinPool.commonPool-worker-2) topic-1d56b0e8_d5f6_4a58_8296_ba97c6aef380 0 2 {"key11777133219274": "value-2"}
2026-04+00-25 16:07:02 INFO [io.apicurio.tests.serdes.apicurio.KafkaSerdesTester] (ForkJoinPool.commonPool-worker-2) topic-1d56b0e8_d5f6_4a58_8296_ba97c6aef380 0 3 {"key11777133219274": "value-3"}
2026-04+00-25 16:07:02 INFO [io.apicurio.tests.serdes.apicurio.KafkaSerdesTester] (ForkJoinPool.commonPool-worker-2) topic-1d56b0e8_d5f6_4a58_8296_ba97c6aef380 0 4 {"key11777133219274": "value-4"}
2026-04+00-25 16:07:02 INFO [io.apicurio.tests.serdes.apicurio.KafkaSerdesTester] (ForkJoinPool.commonPool-worker-2) topic-1d56b0e8_d5f6_4a58_8296_ba97c6aef380 0 5 {"key11777133219274": "value-5"}
2026-04+00-25 16:07:02 INFO [io.apicurio.tests.serdes.apicurio.KafkaSerdesTester] (ForkJoinPool.commonPool-worker-2) topic-1d56b0e8_d5f6_4a58_8296_ba97c6aef380 0 6 {"key11777133219274": "value-6"}
2026-04+00-25 16:07:02 INFO [io.apicurio.tests.serdes.apicurio.KafkaSerdesTester] (ForkJoinPool.commonPool-worker-2) topic-1d56b0e8_d5f6_4a58_8296_ba97c6aef380 0 7 {"key11777133219274": "value-7"}
2026-04+00-25 16:07:02 INFO [io.apicurio.tests.serdes.apicurio.KafkaSerdesTester] (ForkJoinPool.commonPool-worker-2) topic-1d56b0e8_d5f6_4a58_8296_ba97c6aef380 0 8 {"key11777133219274": "value-8"}
2026-04+00-25 16:07:02 INFO [io.apicurio.tests.serdes.apicurio.KafkaSerdesTester] (ForkJoinPool.commonPool-worker-2) topic-1d56b0e8_d5f6_4a58_8296_ba97c6aef380 0 9 {"key11777133219274": "value-9"}
2026-04+00-25 16:07:02 INFO [io.apicurio.tests.serdes.apicurio.KafkaSerdesTester] (ForkJoinPool.commonPool-worker-2) Consumed 10 messages
2026-04+00-25 16:07:03 INFO [io.apicurio.tests.utils.TestSeparator] (main) io.apicurio.tests.serdes.apicurio.AvroSerdeIT.testGlobalIdInBody-FINISHED
2026-04+00-25 16:07:03 INFO [io.apicurio.tests.utils.TestSeparator] (main) ############################################################################
Test passed: testGlobalIdInBody
]]></system-out>
  </testcase>
  <testcase name="testProducerUsesGlobalIdConsumerUsesDefault" classname="io.apicurio.tests.serdes.apicurio.AvroSerdeIT" time="0.0">
    <skipped message="void io.apicurio.tests.serdes.apicurio.AvroSerdeIT.testProducerUsesGlobalIdConsumerUsesDefault() throws java.lang.Exception is @Disabled"/>
  </testcase>
</testsuite>